#
# A fatal error has been detected by the Java Runtime Environment:
#
#  EXCEPTION_ACCESS_VIOLATION (0xc0000005) at pc=0x00007ffaeb09e0a9, pid=22664, tid=1716
#
# JRE version: OpenJDK Runtime Environment Microsoft-8035246 (17.0.8+7) (build 17.0.8+7-LTS)
# Java VM: OpenJDK 64-Bit Server VM Microsoft-8035246 (17.0.8+7-LTS, mixed mode, sharing, tiered, compressed oops, compressed class ptrs, g1 gc, windows-amd64)
# Problematic frame:
# V  [jvm.dll+0x2be0a9]
#
# No core dump will be written. Minidumps are not enabled by default on client versions of Windows
#
# If you would like to submit a bug report, please visit:
#   https://github.com/microsoft/openjdk/issues
#

---------------  S U M M A R Y ------------

Command Line: -XX:MaxMetaspaceSize=512m --add-opens=java.base/java.util=ALL-UNNAMED --add-opens=java.base/java.lang=ALL-UNNAMED --add-opens=java.base/java.lang.invoke=ALL-UNNAMED --add-opens=java.prefs/java.util.prefs=ALL-UNNAMED --add-opens=java.base/java.nio.charset=ALL-UNNAMED --add-opens=java.base/java.net=ALL-UNNAMED --add-opens=java.base/java.util.concurrent.atomic=ALL-UNNAMED -Xmx2048m -Dfile.encoding=utf8 -Duser.country=IL -Duser.language=he -Duser.variant -javaagent:C:\Users\Lenovo\.gradle\wrapper\dists\gradle-8.8-all\6gdy1pgp427xkqcjbxw3ylt6h\gradle-8.8\lib\agents\gradle-instrumentation-agent-8.8.jar org.gradle.launcher.daemon.bootstrap.GradleDaemon 8.8

Host: 11th Gen Intel(R) Core(TM) i7-1165G7 @ 2.80GHz, 8 cores, 15G,  Windows 11 , 64 bit Build 22621 (10.0.22621.3958)
Time: Mon Oct 14 20:59:50 2024  Windows 11 , 64 bit Build 22621 (10.0.22621.3958) elapsed time: 40.755391 seconds (0d 0h 0m 40s)

---------------  T H R E A D  ---------------

Current thread (0x00000219796a6cb0):  JavaThread "C2 CompilerThread1" daemon [_thread_in_native, id=1716, stack(0x00000050dad00000,0x00000050dae00000)]


Current CompileTask:
C2:  40755 11078       4       org.gradle.cache.internal.ExclusiveCacheAccessingWorker$1::call (10 bytes)

Stack: [0x00000050dad00000,0x00000050dae00000],  sp=0x00000050dadfb990,  free space=1006k
Native frames: (J=compiled Java code, j=interpreted, Vv=VM code, C=native code)
V  [jvm.dll+0x2be0a9]
V  [jvm.dll+0x21ba8b]
V  [jvm.dll+0x21944b]
V  [jvm.dll+0x1a56b6]
V  [jvm.dll+0x2291ea]
V  [jvm.dll+0x22724c]
V  [jvm.dll+0x7efd0c]
V  [jvm.dll+0x7ea13a]
V  [jvm.dll+0x67ad85]
C  [ucrtbase.dll+0x29333]
C  [KERNEL32.DLL+0x1257d]
C  [ntdll.dll+0x5af08]


siginfo: EXCEPTION_ACCESS_VIOLATION (0xc0000005), reading address 0x0000000000000028


Register to memory mapping:

RIP=0x00007ffaeb09e0a9 jvm.dll
RAX=0x000002191d2c7350 points into unknown readable memory: 0x0000000000000000 | 00 00 00 00 00 00 00 00
RBX=0x0000000000001504 is an unknown value
RCX=0x0 is NULL
RDX=0x0 is NULL
RSP=0x00000050dadfb990 is pointing into the stack for thread: 0x00000219796a6cb0
RBP=0x00000050dadfba00 is pointing into the stack for thread: 0x00000219796a6cb0
RSI=0x0 is NULL
RDI=0x000000000000003a is an unknown value
R8 =0x000000000000ffe0 is an unknown value
R9 =0x0 is NULL
R10=0x00007ffb74320000 VCRUNTIME140.dll
R11=0x000002191d2c7370 points into unknown readable memory: 0x0000000000000000 | 00 00 00 00 00 00 00 00
R12=0x0000000000000050 is an unknown value
R13=0x0 is NULL
R14=0x0 is NULL
R15=0x00000050dadfebb0 is pointing into the stack for thread: 0x00000219796a6cb0


Registers:
RAX=0x000002191d2c7350, RBX=0x0000000000001504, RCX=0x0000000000000000, RDX=0x0000000000000000
RSP=0x00000050dadfb990, RBP=0x00000050dadfba00, RSI=0x0000000000000000, RDI=0x000000000000003a
R8 =0x000000000000ffe0, R9 =0x0000000000000000, R10=0x00007ffb74320000, R11=0x000002191d2c7370
R12=0x0000000000000050, R13=0x0000000000000000, R14=0x0000000000000000, R15=0x00000050dadfebb0
RIP=0x00007ffaeb09e0a9, EFLAGS=0x0000000000010202

Top of Stack: (sp=0x00000050dadfb990)
0x00000050dadfb990:   0000000000001504 0000000000000000
0x00000050dadfb9a0:   00000050dadfebb0 00007ffaeb0038d1
0x00000050dadfb9b0:   000002191cb1e9c0 00007ffa00002000
0x00000050dadfb9c0:   000002191d2c7350 0000000000000000
0x00000050dadfb9d0:   0000000000000002 000002191e93ceb0
0x00000050dadfb9e0:   0000000000000002 000002191cb1e9c0
0x00000050dadfb9f0:   0000000000000000 0000000000000000
0x00000050dadfba00:   0000021979732860 000002195b05e290
0x00000050dadfba10:   000000000000003a 00007ffaeb724c08
0x00000050dadfba20:   00000050dadfbb30 00007ffaeaffba8b
0x00000050dadfba30:   00000050dadfebb0 00007ffaeb724c08
0x00000050dadfba40:   00000050dadfebb0 00000050dadfbb30
0x00000050dadfba50:   0000005000000000 00000050dadff710
0x00000050dadfba60:   000000500000000f 00000050dadfebb0
0x00000050dadfba70:   00000050dadfbbe0 00007ffa00000000
0x00000050dadfba80:   0000021900000100 00007ffaeb724c08 

Instructions: (pc=0x00007ffaeb09e0a9)
0x00007ffaeb09dfa9:   3b d0 75 0b ff c1 41 3b c9 7c dc 48 8b c2 c3 33
0x00007ffaeb09dfb9:   c0 c3 cc cc cc cc cc 48 89 5c 24 18 55 56 57 41
0x00007ffaeb09dfc9:   55 41 57 48 8b ec 48 83 ec 70 65 48 8b 04 25 58
0x00007ffaeb09dfd9:   00 00 00 48 8b f2 44 8b 05 d2 8b 90 00 4c 8b f9
0x00007ffaeb09dfe9:   4a 8b 1c c0 b8 50 00 00 00 80 3c 18 00 75 05 e8
0x00007ffaeb09dff9:   8b 6f 5d 00 b8 20 00 00 00 48 8b 04 18 48 8b 98
0x00007ffaeb09e009:   38 02 00 00 48 89 5d b0 c7 45 b8 04 00 00 00 48
0x00007ffaeb09e019:   8b 43 18 48 83 f8 df 76 18 4c 8d 05 37 a9 65 00
0x00007ffaeb09e029:   ba 20 00 00 00 48 8b cb e8 5a eb de ff 48 8b 43
0x00007ffaeb09e039:   18 48 8d 48 20 48 3b 4b 20 76 11 45 33 c0 48 8b
0x00007ffaeb09e049:   cb 41 8d 50 20 e8 fd e8 de ff eb 04 48 89 4b 18
0x00007ffaeb09e059:   44 8b 45 b8 33 d2 49 c1 e0 03 48 8b c8 48 89 45
0x00007ffaeb09e069:   c0 e8 e3 80 5d 00 45 33 ed 48 8d 4d d0 44 89 6d
0x00007ffaeb09e079:   c8 e8 01 59 56 00 41 8b 9f 40 02 00 00 41 2b 9f
0x00007ffaeb09e089:   68 02 00 00 44 89 6d f0 3b 5d b8 72 0b 8b d3 48
0x00007ffaeb09e099:   8d 4d b0 e8 6f b3 39 00 48 8b 45 c0 4c 89 2c d8
0x00007ffaeb09e0a9:   8b 7e 28 8b df c1 eb 05 3b 5d d0 72 0b 8b d3 48
0x00007ffaeb09e0b9:   8d 4d d0 e8 1f 59 56 00 48 8b 45 d8 83 e7 1f 48
0x00007ffaeb09e0c9:   8d 14 98 40 0f b6 cf 41 b8 01 00 00 00 41 d3 e0
0x00007ffaeb09e0d9:   8b 0a 8b c1 41 0b c0 89 02 41 85 c8 75 21 8b 5d
0x00007ffaeb09e0e9:   c8 8d 43 01 89 45 c8 3b 5d b8 72 0b 8b d3 48 8d
0x00007ffaeb09e0f9:   4d b0 e8 10 b3 39 00 48 8b 45 c0 48 89 34 d8 44
0x00007ffaeb09e109:   39 6d c8 0f 86 77 01 00 00 4c 89 a4 24 a0 00 00
0x00007ffaeb09e119:   00 4c 89 b4 24 a8 00 00 00 48 8b 45 c0 41 8b cd
0x00007ffaeb09e129:   48 8b 34 c8 8b 46 2c 25 ff 1f 00 00 3d 04 10 00
0x00007ffaeb09e139:   00 0f 85 a7 00 00 00 bb 01 00 00 00 39 5e 18 76
0x00007ffaeb09e149:   39 66 0f 1f 44 00 00 48 8b 46 08 8b cb 48 8b 14
0x00007ffaeb09e159:   c8 48 85 d2 74 1d 48 83 7a 10 00 74 16 80 7a 2c
0x00007ffaeb09e169:   84 74 10 e8 7f 7e ee ff 48 8b d0 49 8b cf e8 a4
0x00007ffaeb09e179:   61 f6 ff ff c3 3b 5e 18 72 cd 48 8b 5e 10 8b 46
0x00007ffaeb09e189:   20 4c 8d 34 c3 49 3b de 73 54 48 8b 3b 8b 47 2c
0x00007ffaeb09e199:   83 e0 03 3c 03 75 2e 48 8b 07 48 8b cf ff 90 88 


Stack slot to memory mapping:
stack at sp + 0 slots: 0x0000000000001504 is an unknown value
stack at sp + 1 slots: 0x0 is NULL
stack at sp + 2 slots: 0x00000050dadfebb0 is pointing into the stack for thread: 0x00000219796a6cb0
stack at sp + 3 slots: 0x00007ffaeb0038d1 jvm.dll
stack at sp + 4 slots: 0x000002191cb1e9c0 points into unknown readable memory: 0x0000000000000006 | 06 00 00 00 00 00 00 00
stack at sp + 5 slots: 0x00007ffa00002000 is an unknown value
stack at sp + 6 slots: 0x000002191d2c7350 points into unknown readable memory: 0x0000000000000000 | 00 00 00 00 00 00 00 00
stack at sp + 7 slots: 0x0 is NULL


---------------  P R O C E S S  ---------------

Threads class SMR info:
_java_thread_list=0x000002191ec080c0, length=143, elements={
0x000002195b045050, 0x00000219794cf510, 0x00000219794d0ff0, 0x00000219796069c0,
0x00000219796092a0, 0x0000021979609b70, 0x000002197960c450, 0x000002197960d100,
0x000002197960dac0, 0x000002197961ce00, 0x000002197971f240, 0x0000021979827cb0,
0x000002191b1366a0, 0x000002197f6e2d40, 0x000002197f0293f0, 0x000002191b3ca550,
0x000002191b3caa30, 0x000002197f651860, 0x000002197f0f4b90, 0x000002191b62c820,
0x000002191b629a90, 0x000002191b62b3e0, 0x000002191b62b8f0, 0x000002191b629fa0,
0x000002191b62be00, 0x000002191b62a9c0, 0x000002191b62c310, 0x000002191b629070,
0x000002191b62aed0, 0x000002191b629580, 0x000002191c7668a0, 0x000002191c769630,
0x000002191c766db0, 0x000002191c769b40, 0x000002191c767ce0, 0x000002191c768700,
0x000002191c768c10, 0x000002191c769120, 0x000002191ba1ab60, 0x000002191ba18d00,
0x000002191ba15040, 0x000002191ba1b070, 0x000002191ba16480, 0x000002191ba1a140,
0x000002191ba19210, 0x000002191ba1a650, 0x000002191ba1c4b0, 0x000002191ba16ea0,
0x000002191ba1b580, 0x000002191ba1bfa0, 0x000002191ba19c30, 0x000002191ba182e0,
0x000002191ba15f70, 0x000002191ba15550, 0x000002191ba15a60, 0x000002191ba16990,
0x000002191ba1ba90, 0x000002191ba173b0, 0x000002191ba178c0, 0x000002191ba17dd0,
0x000002191ba187f0, 0x000002191c7672c0, 0x000002191bafec00, 0x000002191bb00f70,
0x000002191bb023b0, 0x000002191bb01ea0, 0x000002191bafdcd0, 0x000002191bb028c0,
0x000002191bb00040, 0x000002191bb00550, 0x000002191bafe1e0, 0x000002191bb032e0,
0x000002191bafe6f0, 0x000002191baff110, 0x000002191bb02dd0, 0x000002191bafd7c0,
0x000002191bb00a60, 0x000002191bb01480, 0x000002191bb01990, 0x000002191bb03d00,
0x000002191bb04210, 0x000002191baff620, 0x000002191bafcda0, 0x000002191baffb30,
0x000002191bb04720, 0x000002197ea96d20, 0x000002197ea9c330, 0x000002197ea97c50,
0x000002197ea9c840, 0x000002197ea9cd50, 0x000002197ea96810, 0x000002197ea96300,
0x000002197ea97230, 0x000002197ea98160, 0x000002197ea9d260, 0x000002197ea9a4d0,
0x000002197ea995a0, 0x000002197ea9b910, 0x000002197ea97740, 0x000002197ea98670,
0x000002197ea98b80, 0x000002197ea99ab0, 0x000002197ea99090, 0x000002197ea99fc0,
0x000002197ea95df0, 0x000002197ea9a9e0, 0x000002197ea9d770, 0x000002197ea9aef0,
0x000002197ea9b400, 0x000002197ea9be20, 0x000002191d5970f0, 0x000002191d599e80,
0x000002191d599970, 0x000002191d598530, 0x000002191d599460, 0x000002191d59a390,
0x000002191d594870, 0x000002191d595cb0, 0x000002191d598a40, 0x000002191d5957a0,
0x000002191d59bce0, 0x000002191d597600, 0x000002191d59a8a0, 0x000002191d59adb0,
0x000002191d59b2c0, 0x000002191d59b7d0, 0x000002191d59c1f0, 0x000002191d598f50,
0x000002191d594d80, 0x000002191d595290, 0x000002191d5961c0, 0x000002191d596be0,
0x00000219796a6cb0, 0x000002191d598020, 0x000002191ef8f050, 0x000002191ef8b390,
0x000002191ef8dc10, 0x000002191ef8d700, 0x000002191ef88600, 0x000002191ef8e120,
0x000002191ef89020, 0x00000219796a6760, 0x000002191ef89f50
}

Java Threads: ( => current thread )
  0x000002195b045050 JavaThread "main" [_thread_blocked, id=28604, stack(0x00000050d1a00000,0x00000050d1b00000)]
  0x00000219794cf510 JavaThread "Reference Handler" daemon [_thread_blocked, id=27004, stack(0x00000050d2100000,0x00000050d2200000)]
  0x00000219794d0ff0 JavaThread "Finalizer" daemon [_thread_blocked, id=21500, stack(0x00000050d2200000,0x00000050d2300000)]
  0x00000219796069c0 JavaThread "Signal Dispatcher" daemon [_thread_blocked, id=19844, stack(0x00000050d2300000,0x00000050d2400000)]
  0x00000219796092a0 JavaThread "Attach Listener" daemon [_thread_blocked, id=21224, stack(0x00000050d2400000,0x00000050d2500000)]
  0x0000021979609b70 JavaThread "Service Thread" daemon [_thread_blocked, id=17900, stack(0x00000050d2500000,0x00000050d2600000)]
  0x000002197960c450 JavaThread "Monitor Deflation Thread" daemon [_thread_blocked, id=21332, stack(0x00000050d2600000,0x00000050d2700000)]
  0x000002197960d100 JavaThread "C2 CompilerThread0" daemon [_thread_in_native, id=34908, stack(0x00000050d2700000,0x00000050d2800000)]
  0x000002197960dac0 JavaThread "C1 CompilerThread0" daemon [_thread_in_native, id=24804, stack(0x00000050d2800000,0x00000050d2900000)]
  0x000002197961ce00 JavaThread "Sweeper thread" daemon [_thread_blocked, id=10556, stack(0x00000050d2900000,0x00000050d2a00000)]
  0x000002197971f240 JavaThread "Common-Cleaner" daemon [_thread_blocked, id=33668, stack(0x00000050d2a00000,0x00000050d2b00000)]
  0x0000021979827cb0 JavaThread "Notification Thread" daemon [_thread_blocked, id=20256, stack(0x00000050d2b00000,0x00000050d2c00000)]
  0x000002191b1366a0 JavaThread "Daemon health stats" [_thread_blocked, id=11064, stack(0x00000050d2e00000,0x00000050d2f00000)]
  0x000002197f6e2d40 JavaThread "Incoming local TCP Connector on port 55740" [_thread_in_native, id=27904, stack(0x00000050d2d00000,0x00000050d2e00000)]
  0x000002197f0293f0 JavaThread "Daemon periodic checks" [_thread_blocked, id=21916, stack(0x00000050d3400000,0x00000050d3500000)]
  0x000002191b3ca550 JavaThread "Daemon" [_thread_blocked, id=29380, stack(0x00000050d3600000,0x00000050d3700000)]
  0x000002191b3caa30 JavaThread "Handler for socket connection from /127.0.0.1:55740 to /127.0.0.1:55741" [_thread_in_native, id=29808, stack(0x00000050d3700000,0x00000050d3800000)]
  0x000002197f651860 JavaThread "Cancel handler" [_thread_blocked, id=23920, stack(0x00000050d3800000,0x00000050d3900000)]
  0x000002197f0f4b90 JavaThread "Daemon worker" [_thread_in_native, id=23436, stack(0x00000050d3900000,0x00000050d3a00000)]
  0x000002191b62c820 JavaThread "Asynchronous log dispatcher for DefaultDaemonConnection: socket connection from /127.0.0.1:55740 to /127.0.0.1:55741" [_thread_blocked, id=13456, stack(0x00000050d3a00000,0x00000050d3b00000)]
  0x000002191b629a90 JavaThread "Stdin handler" [_thread_blocked, id=31828, stack(0x00000050d3b00000,0x00000050d3c00000)]
  0x000002191b62b3e0 JavaThread "Daemon client event forwarder" [_thread_blocked, id=8028, stack(0x00000050d3c00000,0x00000050d3d00000)]
  0x000002191b62b8f0 JavaThread "Cache worker for journal cache (C:\Users\Lenovo\.gradle\caches\journal-1)" [_thread_blocked, id=5932, stack(0x00000050d3500000,0x00000050d3600000)]
  0x000002191b629fa0 JavaThread "File lock request listener" [_thread_in_native, id=12396, stack(0x00000050d3d00000,0x00000050d3e00000)]
  0x000002191b62be00 JavaThread "Cache worker for file hash cache (C:\Users\Lenovo\.gradle\caches\8.8\fileHashes)" [_thread_blocked, id=33884, stack(0x00000050d3f00000,0x00000050d4000000)]
  0x000002191b62a9c0 JavaThread "Cache worker for file hash cache (C:\Users\Lenovo\Desktop\TicketBooking\android\.gradle\8.8\fileHashes)" [_thread_blocked, id=30764, stack(0x00000050d4200000,0x00000050d4300000)]
  0x000002191b62c310 JavaThread "File watcher server" daemon [_thread_in_native, id=7660, stack(0x00000050d4400000,0x00000050d4500000)]
  0x000002191b629070 JavaThread "File watcher consumer" daemon [_thread_blocked, id=22572, stack(0x00000050d4500000,0x00000050d4600000)]
  0x000002191b62aed0 JavaThread "Cache worker for checksums cache (C:\Users\Lenovo\Desktop\TicketBooking\android\.gradle\8.8\checksums)" [_thread_blocked, id=33828, stack(0x00000050d4100000,0x00000050d4200000)]
  0x000002191b629580 JavaThread "Cache worker for file content cache (C:\Users\Lenovo\.gradle\caches\8.8\fileContent)" [_thread_blocked, id=24508, stack(0x00000050d4300000,0x00000050d4400000)]
  0x000002191c7668a0 JavaThread "Cache worker for cache directory md-rule (C:\Users\Lenovo\.gradle\caches\8.8\md-rule)" [_thread_blocked, id=12412, stack(0x00000050d4700000,0x00000050d4800000)]
  0x000002191c769630 JavaThread "Cache worker for cache directory md-supplier (C:\Users\Lenovo\.gradle\caches\8.8\md-supplier)" [_thread_blocked, id=28480, stack(0x00000050d4900000,0x00000050d4a00000)]
  0x000002191c766db0 JavaThread "jar transforms" [_thread_blocked, id=31908, stack(0x00000050d4b00000,0x00000050d4c00000)]
  0x000002191c769b40 JavaThread "jar transforms Thread 2" [_thread_blocked, id=21904, stack(0x00000050d4d00000,0x00000050d4e00000)]
  0x000002191c767ce0 JavaThread "jar transforms Thread 3" [_thread_blocked, id=35664, stack(0x00000050d4e00000,0x00000050d4f00000)]
  0x000002191c768700 JavaThread "Unconstrained build operations" [_thread_blocked, id=32800, stack(0x00000050d4800000,0x00000050d4900000)]
  0x000002191c768c10 JavaThread "Unconstrained build operations Thread 2" [_thread_blocked, id=30460, stack(0x00000050d4c00000,0x00000050d4d00000)]
  0x000002191c769120 JavaThread "Unconstrained build operations Thread 3" [_thread_blocked, id=9400, stack(0x00000050d4f00000,0x00000050d5000000)]
  0x000002191ba1ab60 JavaThread "Unconstrained build operations Thread 4" [_thread_blocked, id=33316, stack(0x00000050d5000000,0x00000050d5100000)]
  0x000002191ba18d00 JavaThread "Unconstrained build operations Thread 5" [_thread_blocked, id=29484, stack(0x00000050d5100000,0x00000050d5200000)]
  0x000002191ba15040 JavaThread "Unconstrained build operations Thread 6" [_thread_blocked, id=31092, stack(0x00000050d5200000,0x00000050d5300000)]
  0x000002191ba1b070 JavaThread "Cache worker for Build Output Cleanup Cache (C:\Users\Lenovo\Desktop\TicketBooking\node_modules\@react-native\gradle-plugin\.gradle\buildOutputCleanup)" [_thread_blocked, id=32528, stack(0x00000050d5300000,0x00000050d5400000)]
  0x000002191ba16480 JavaThread "Unconstrained build operations Thread 7" [_thread_blocked, id=34748, stack(0x00000050d5600000,0x00000050d5700000)]
  0x000002191ba1a140 JavaThread "Unconstrained build operations Thread 8" [_thread_blocked, id=28300, stack(0x00000050d5700000,0x00000050d5800000)]
  0x000002191ba19210 JavaThread "Unconstrained build operations Thread 9" [_thread_blocked, id=27888, stack(0x00000050d5800000,0x00000050d5900000)]
  0x000002191ba1a650 JavaThread "Unconstrained build operations Thread 10" [_thread_blocked, id=7700, stack(0x00000050d5900000,0x00000050d5a00000)]
  0x000002191ba1c4b0 JavaThread "Unconstrained build operations Thread 11" [_thread_blocked, id=19772, stack(0x00000050d5a00000,0x00000050d5b00000)]
  0x000002191ba16ea0 JavaThread "Unconstrained build operations Thread 12" [_thread_blocked, id=11152, stack(0x00000050d5b00000,0x00000050d5c00000)]
  0x000002191ba1b580 JavaThread "Unconstrained build operations Thread 13" [_thread_blocked, id=34692, stack(0x00000050d5c00000,0x00000050d5d00000)]
  0x000002191ba1bfa0 JavaThread "Unconstrained build operations Thread 14" [_thread_blocked, id=33800, stack(0x00000050d5d00000,0x00000050d5e00000)]
  0x000002191ba19c30 JavaThread "Unconstrained build operations Thread 15" [_thread_blocked, id=26464, stack(0x00000050d5e00000,0x00000050d5f00000)]
  0x000002191ba182e0 JavaThread "Unconstrained build operations Thread 16" [_thread_blocked, id=34700, stack(0x00000050d5f00000,0x00000050d6000000)]
  0x000002191ba15f70 JavaThread "Unconstrained build operations Thread 17" [_thread_blocked, id=12336, stack(0x00000050d6000000,0x00000050d6100000)]
  0x000002191ba15550 JavaThread "Unconstrained build operations Thread 18" [_thread_blocked, id=28444, stack(0x00000050d6100000,0x00000050d6200000)]
  0x000002191ba15a60 JavaThread "Unconstrained build operations Thread 19" [_thread_blocked, id=27448, stack(0x00000050d6200000,0x00000050d6300000)]
  0x000002191ba16990 JavaThread "Unconstrained build operations Thread 20" [_thread_blocked, id=9952, stack(0x00000050d6300000,0x00000050d6400000)]
  0x000002191ba1ba90 JavaThread "Unconstrained build operations Thread 21" [_thread_blocked, id=20048, stack(0x00000050d6400000,0x00000050d6500000)]
  0x000002191ba173b0 JavaThread "Unconstrained build operations Thread 22" [_thread_blocked, id=14800, stack(0x00000050d6500000,0x00000050d6600000)]
  0x000002191ba178c0 JavaThread "Unconstrained build operations Thread 23" [_thread_blocked, id=12748, stack(0x00000050d6600000,0x00000050d6700000)]
  0x000002191ba17dd0 JavaThread "Unconstrained build operations Thread 24" [_thread_blocked, id=28624, stack(0x00000050d6700000,0x00000050d6800000)]
  0x000002191ba187f0 JavaThread "Unconstrained build operations Thread 25" [_thread_blocked, id=9092, stack(0x00000050d6800000,0x00000050d6900000)]
  0x000002191c7672c0 JavaThread "Unconstrained build operations Thread 26" [_thread_blocked, id=29960, stack(0x00000050d6900000,0x00000050d6a00000)]
  0x000002191bafec00 JavaThread "Unconstrained build operations Thread 27" [_thread_blocked, id=3520, stack(0x00000050d6a00000,0x00000050d6b00000)]
  0x000002191bb00f70 JavaThread "Memory manager" [_thread_blocked, id=31544, stack(0x00000050d6b00000,0x00000050d6c00000)]
  0x000002191bb023b0 JavaThread "build event listener" [_thread_blocked, id=6832, stack(0x00000050d5400000,0x00000050d5500000)]
  0x000002191bb01ea0 JavaThread "ForkJoinPool.commonPool-worker-1" daemon [_thread_blocked, id=22828, stack(0x00000050d1800000,0x00000050d1900000)]
  0x000002191bafdcd0 JavaThread "ForkJoinPool.commonPool-worker-2" daemon [_thread_blocked, id=24528, stack(0x00000050d6d00000,0x00000050d6e00000)]
  0x000002191bb028c0 JavaThread "ForkJoinPool.commonPool-worker-3" daemon [_thread_blocked, id=30804, stack(0x00000050d6e00000,0x00000050d6f00000)]
  0x000002191bb00040 JavaThread "ForkJoinPool.commonPool-worker-4" daemon [_thread_blocked, id=20128, stack(0x00000050d6f00000,0x00000050d7000000)]
  0x000002191bb00550 JavaThread "ForkJoinPool.commonPool-worker-5" daemon [_thread_blocked, id=21692, stack(0x00000050d7000000,0x00000050d7100000)]
  0x000002191bafe1e0 JavaThread "ForkJoinPool.commonPool-worker-6" daemon [_thread_blocked, id=12688, stack(0x00000050d7100000,0x00000050d7200000)]
  0x000002191bb032e0 JavaThread "ForkJoinPool.commonPool-worker-7" daemon [_thread_blocked, id=34716, stack(0x00000050d7200000,0x00000050d7300000)]
  0x000002191bafe6f0 JavaThread "Exec process" daemon [_thread_blocked, id=1584, stack(0x00000050d7300000,0x00000050d7400000)]
  0x000002191baff110 JavaThread "Exec process Thread 2" daemon [_thread_blocked, id=13176, stack(0x00000050d7400000,0x00000050d7500000)]
  0x000002191bb02dd0 JavaThread "Exec process Thread 3" daemon [_thread_blocked, id=1936, stack(0x00000050d7500000,0x00000050d7600000)]
  0x000002191bafd7c0 JavaThread "included builds" [_thread_blocked, id=32892, stack(0x00000050d7700000,0x00000050d7800000)]
  0x000002191bb00a60 JavaThread "Execution worker" [_thread_blocked, id=32064, stack(0x00000050d7800000,0x00000050d7900000)]
  0x000002191bb01480 JavaThread "Execution worker Thread 2" [_thread_blocked, id=30368, stack(0x00000050d7900000,0x00000050d7a00000)]
  0x000002191bb01990 JavaThread "Execution worker Thread 3" [_thread_blocked, id=22784, stack(0x00000050d7a00000,0x00000050d7b00000)]
  0x000002191bb03d00 JavaThread "Execution worker Thread 4" [_thread_blocked, id=25940, stack(0x00000050d7b00000,0x00000050d7c00000)]
  0x000002191bb04210 JavaThread "Execution worker Thread 5" [_thread_blocked, id=29700, stack(0x00000050d7c00000,0x00000050d7d00000)]
  0x000002191baff620 JavaThread "Execution worker Thread 6" [_thread_blocked, id=3300, stack(0x00000050d7d00000,0x00000050d7e00000)]
  0x000002191bafcda0 JavaThread "Execution worker Thread 7" [_thread_blocked, id=11164, stack(0x00000050d7e00000,0x00000050d7f00000)]
  0x000002191baffb30 JavaThread "Cache worker for execution history cache (C:\Users\Lenovo\Desktop\TicketBooking\node_modules\@react-native\gradle-plugin\.gradle\8.8\executionHistory)" [_thread_blocked, id=7572, stack(0x00000050d7f00000,0x00000050d8000000)]
  0x000002191bb04720 JavaThread "Unconstrained build operations Thread 28" [_thread_blocked, id=4676, stack(0x00000050d8100000,0x00000050d8200000)]
  0x000002197ea96d20 JavaThread "Unconstrained build operations Thread 29" [_thread_blocked, id=13804, stack(0x00000050d8200000,0x00000050d8300000)]
  0x000002197ea9c330 JavaThread "Unconstrained build operations Thread 30" [_thread_blocked, id=33456, stack(0x00000050d8300000,0x00000050d8400000)]
  0x000002197ea97c50 JavaThread "Unconstrained build operations Thread 31" [_thread_blocked, id=22388, stack(0x00000050d8400000,0x00000050d8500000)]
  0x000002197ea9c840 JavaThread "Unconstrained build operations Thread 32" [_thread_blocked, id=32144, stack(0x00000050d8500000,0x00000050d8600000)]
  0x000002197ea9cd50 JavaThread "Unconstrained build operations Thread 33" [_thread_blocked, id=7124, stack(0x00000050d8600000,0x00000050d8700000)]
  0x000002197ea96810 JavaThread "Unconstrained build operations Thread 34" [_thread_blocked, id=14868, stack(0x00000050d8700000,0x00000050d8800000)]
  0x000002197ea96300 JavaThread "Unconstrained build operations Thread 35" [_thread_blocked, id=10584, stack(0x00000050d8800000,0x00000050d8900000)]
  0x000002197ea97230 JavaThread "Unconstrained build operations Thread 36" [_thread_blocked, id=34232, stack(0x00000050d8900000,0x00000050d8a00000)]
  0x000002197ea98160 JavaThread "Unconstrained build operations Thread 37" [_thread_blocked, id=18416, stack(0x00000050d8a00000,0x00000050d8b00000)]
  0x000002197ea9d260 JavaThread "Unconstrained build operations Thread 38" [_thread_blocked, id=35192, stack(0x00000050d8b00000,0x00000050d8c00000)]
  0x000002197ea9a4d0 JavaThread "Unconstrained build operations Thread 39" [_thread_blocked, id=9424, stack(0x00000050d8c00000,0x00000050d8d00000)]
  0x000002197ea995a0 JavaThread "Unconstrained build operations Thread 40" [_thread_blocked, id=13164, stack(0x00000050d8d00000,0x00000050d8e00000)]
  0x000002197ea9b910 JavaThread "Unconstrained build operations Thread 41" [_thread_blocked, id=32036, stack(0x00000050d8e00000,0x00000050d8f00000)]
  0x000002197ea97740 JavaThread "Unconstrained build operations Thread 42" [_thread_blocked, id=28776, stack(0x00000050d8f00000,0x00000050d9000000)]
  0x000002197ea98670 JavaThread "Unconstrained build operations Thread 43" [_thread_blocked, id=24596, stack(0x00000050d9000000,0x00000050d9100000)]
  0x000002197ea98b80 JavaThread "Unconstrained build operations Thread 44" [_thread_blocked, id=30160, stack(0x00000050d9100000,0x00000050d9200000)]
  0x000002197ea99ab0 JavaThread "Unconstrained build operations Thread 45" [_thread_blocked, id=12728, stack(0x00000050d9200000,0x00000050d9300000)]
  0x000002197ea99090 JavaThread "Unconstrained build operations Thread 46" [_thread_blocked, id=29412, stack(0x00000050d9300000,0x00000050d9400000)]
  0x000002197ea99fc0 JavaThread "Unconstrained build operations Thread 47" [_thread_blocked, id=4060, stack(0x00000050d9400000,0x00000050d9500000)]
  0x000002197ea95df0 JavaThread "Unconstrained build operations Thread 48" [_thread_blocked, id=2428, stack(0x00000050d9500000,0x00000050d9600000)]
  0x000002197ea9a9e0 JavaThread "Unconstrained build operations Thread 49" [_thread_blocked, id=5944, stack(0x00000050d9600000,0x00000050d9700000)]
  0x000002197ea9d770 JavaThread "Unconstrained build operations Thread 50" [_thread_blocked, id=17956, stack(0x00000050d9700000,0x00000050d9800000)]
  0x000002197ea9aef0 JavaThread "Unconstrained build operations Thread 51" [_thread_blocked, id=35564, stack(0x00000050d9800000,0x00000050d9900000)]
  0x000002197ea9b400 JavaThread "Unconstrained build operations Thread 52" [_thread_blocked, id=30384, stack(0x00000050d8000000,0x00000050d8100000)]
  0x000002197ea9be20 JavaThread "Unconstrained build operations Thread 53" [_thread_blocked, id=33552, stack(0x00000050d9900000,0x00000050d9a00000)]
  0x000002191d5970f0 JavaThread "Unconstrained build operations Thread 54" [_thread_blocked, id=2056, stack(0x00000050d9a00000,0x00000050d9b00000)]
  0x000002191d599e80 JavaThread "Unconstrained build operations Thread 55" [_thread_blocked, id=26028, stack(0x00000050d9b00000,0x00000050d9c00000)]
  0x000002191d599970 JavaThread "Unconstrained build operations Thread 56" [_thread_blocked, id=7400, stack(0x00000050d9c00000,0x00000050d9d00000)]
  0x000002191d598530 JavaThread "Unconstrained build operations Thread 57" [_thread_blocked, id=18828, stack(0x00000050d9d00000,0x00000050d9e00000)]
  0x000002191d599460 JavaThread "Unconstrained build operations Thread 58" [_thread_blocked, id=35620, stack(0x00000050d9e00000,0x00000050d9f00000)]
  0x000002191d59a390 JavaThread "Unconstrained build operations Thread 59" [_thread_blocked, id=15544, stack(0x00000050d9f00000,0x00000050da000000)]
  0x000002191d594870 JavaThread "Unconstrained build operations Thread 60" [_thread_blocked, id=35396, stack(0x00000050da000000,0x00000050da100000)]
  0x000002191d595cb0 JavaThread "Unconstrained build operations Thread 61" [_thread_blocked, id=34036, stack(0x00000050da100000,0x00000050da200000)]
  0x000002191d598a40 JavaThread "Unconstrained build operations Thread 62" [_thread_blocked, id=12032, stack(0x00000050da200000,0x00000050da300000)]
  0x000002191d5957a0 JavaThread "Unconstrained build operations Thread 63" [_thread_blocked, id=2884, stack(0x00000050da300000,0x00000050da400000)]
  0x000002191d59bce0 JavaThread "Unconstrained build operations Thread 64" [_thread_blocked, id=27176, stack(0x00000050da400000,0x00000050da500000)]
  0x000002191d597600 JavaThread "Unconstrained build operations Thread 65" [_thread_blocked, id=15696, stack(0x00000050da500000,0x00000050da600000)]
  0x000002191d59a8a0 JavaThread "Unconstrained build operations Thread 66" [_thread_blocked, id=14260, stack(0x00000050da600000,0x00000050da700000)]
  0x000002191d59adb0 JavaThread "Unconstrained build operations Thread 67" [_thread_blocked, id=32764, stack(0x00000050da700000,0x00000050da800000)]
  0x000002191d59b2c0 JavaThread "Unconstrained build operations Thread 68" [_thread_blocked, id=24332, stack(0x00000050da800000,0x00000050da900000)]
  0x000002191d59b7d0 JavaThread "Unconstrained build operations Thread 69" [_thread_blocked, id=14108, stack(0x00000050da900000,0x00000050daa00000)]
  0x000002191d59c1f0 JavaThread "Unconstrained build operations Thread 70" [_thread_blocked, id=6200, stack(0x00000050daa00000,0x00000050dab00000)]
  0x000002191d598f50 JavaThread "Unconstrained build operations Thread 71" [_thread_blocked, id=34760, stack(0x00000050dab00000,0x00000050dac00000)]
  0x000002191d594d80 JavaThread "Unconstrained build operations Thread 72" [_thread_blocked, id=34728, stack(0x00000050dac00000,0x00000050dad00000)]
  0x000002191d595290 JavaThread "jar transforms Thread 4" [_thread_blocked, id=33524, stack(0x00000050d7600000,0x00000050d7700000)]
  0x000002191d5961c0 JavaThread "Cache worker for Build Output Cleanup Cache (C:\Users\Lenovo\Desktop\TicketBooking\android\.gradle\buildOutputCleanup)" [_thread_blocked, id=26172, stack(0x00000050dae00000,0x00000050daf00000)]
  0x000002191d596be0 JavaThread "jar transforms Thread 5" [_thread_blocked, id=35720, stack(0x00000050daf00000,0x00000050db000000)]
=>0x00000219796a6cb0 JavaThread "C2 CompilerThread1" daemon [_thread_in_native, id=1716, stack(0x00000050dad00000,0x00000050dae00000)]
  0x000002191d598020 JavaThread "Unconstrained build operations Thread 73" [_thread_blocked, id=35384, stack(0x00000050db000000,0x00000050db100000)]
  0x000002191ef8f050 JavaThread "Unconstrained build operations Thread 74" [_thread_blocked, id=9112, stack(0x00000050db100000,0x00000050db200000)]
  0x000002191ef8b390 JavaThread "Unconstrained build operations Thread 75" [_thread_blocked, id=24224, stack(0x00000050db200000,0x00000050db300000)]
  0x000002191ef8dc10 JavaThread "Unconstrained build operations Thread 76" [_thread_blocked, id=14836, stack(0x00000050db300000,0x00000050db400000)]
  0x000002191ef8d700 JavaThread "Unconstrained build operations Thread 77" [_thread_blocked, id=14792, stack(0x00000050db400000,0x00000050db500000)]
  0x000002191ef88600 JavaThread "Unconstrained build operations Thread 78" [_thread_blocked, id=27796, stack(0x00000050db500000,0x00000050db600000)]
  0x000002191ef8e120 JavaThread "Unconstrained build operations Thread 79" [_thread_blocked, id=35208, stack(0x00000050db600000,0x00000050db700000)]
  0x000002191ef89020 JavaThread "Unconstrained build operations Thread 80" [_thread_blocked, id=21992, stack(0x00000050db700000,0x00000050db800000)]
  0x00000219796a6760 JavaThread "C2 CompilerThread2" daemon [_thread_in_native, id=13716, stack(0x00000050db800000,0x00000050db900000)]
  0x000002191ef89f50 JavaThread "jar transforms Thread 6" [_thread_blocked, id=21376, stack(0x00000050db900000,0x00000050dba00000)]

Other Threads:
  0x00000219794caba0 VMThread "VM Thread" [stack: 0x00000050d2000000,0x00000050d2100000] [id=33304]
  0x000002195b045de0 WatcherThread [stack: 0x00000050d2c00000,0x00000050d2d00000] [id=32048]
  0x000002195b0a11a0 GCTaskThread "GC Thread#0" [stack: 0x00000050d1b00000,0x00000050d1c00000] [id=25436]
  0x000002197f2d2cc0 GCTaskThread "GC Thread#1" [stack: 0x00000050d2f00000,0x00000050d3000000] [id=20728]
  0x000002197e7e3c20 GCTaskThread "GC Thread#2" [stack: 0x00000050d3000000,0x00000050d3100000] [id=20544]
  0x000002197ecd4d20 GCTaskThread "GC Thread#3" [stack: 0x00000050d3100000,0x00000050d3200000] [id=20264]
  0x000002197e6ccb10 GCTaskThread "GC Thread#4" [stack: 0x00000050d3200000,0x00000050d3300000] [id=35308]
  0x000002197e675850 GCTaskThread "GC Thread#5" [stack: 0x00000050d3300000,0x00000050d3400000] [id=1740]
  0x000002197e39c980 GCTaskThread "GC Thread#6" [stack: 0x00000050d3e00000,0x00000050d3f00000] [id=14236]
  0x000002197e39bbc0 GCTaskThread "GC Thread#7" [stack: 0x00000050d4000000,0x00000050d4100000] [id=24308]
  0x000002195b0b2000 ConcurrentGCThread "G1 Main Marker" [stack: 0x00000050d1c00000,0x00000050d1d00000] [id=35524]
  0x000002195b0b30c0 ConcurrentGCThread "G1 Conc#0" [stack: 0x00000050d1d00000,0x00000050d1e00000] [id=29400]
  0x000002197e39d1c0 ConcurrentGCThread "G1 Conc#1" [stack: 0x00000050d4600000,0x00000050d4700000] [id=10120]
  0x000002195b0edae0 ConcurrentGCThread "G1 Refine#0" [stack: 0x00000050d1e00000,0x00000050d1f00000] [id=32232]
  0x000002191bd66b50 ConcurrentGCThread "G1 Refine#1" [stack: 0x00000050d4a00000,0x00000050d4b00000] [id=14460]
  0x000002195b0ee420 ConcurrentGCThread "G1 Service" [stack: 0x00000050d1f00000,0x00000050d2000000] [id=16200]

Threads with active compile tasks:
C2 CompilerThread0    40903 11120       4       java.util.zip.ZipFile$Source::initCEN (591 bytes)
C2 CompilerThread1    40903 11078       4       org.gradle.cache.internal.ExclusiveCacheAccessingWorker$1::call (10 bytes)
C2 CompilerThread2    40903 11128       4       java.util.zip.ZipFile$ZipFileInflaterInputStream::<init> (41 bytes)

VM state: not at safepoint (normal execution)

VM Mutex/Monitor currently owned by a thread: None

Heap address: 0x0000000080000000, size: 2048 MB, Compressed Oops mode: 32-bit

CDS archive(s) mapped at: [0x0000021900000000-0x0000021900bd0000-0x0000021900bd0000), size 12386304, SharedBaseAddress: 0x0000021900000000, ArchiveRelocationMode: 1.
Compressed class space mapped at: 0x0000021901000000-0x000002191b000000, reserved size: 436207616
Narrow klass base: 0x0000021900000000, Narrow klass shift: 0, Narrow klass range: 0x100000000

GC Precious Log:
 CPUs: 8 total, 8 available
 Memory: 16167M
 Large Page Support: Disabled
 NUMA Support: Disabled
 Compressed Oops: Enabled (32-bit)
 Heap Region Size: 1M
 Heap Min Capacity: 8M
 Heap Initial Capacity: 254M
 Heap Max Capacity: 2G
 Pre-touch: Disabled
 Parallel Workers: 8
 Concurrent Workers: 2
 Concurrent Refinement Workers: 8
 Periodic GC: Disabled

Heap:
 garbage-first heap   total 195584K, used 119151K [0x0000000080000000, 0x0000000100000000)
  region size 1024K, 37 young (37888K), 5 survivors (5120K)
 Metaspace       used 71445K, committed 72320K, reserved 491520K
  class space    used 10076K, committed 10496K, reserved 425984K

Heap Regions: E=young(eden), S=young(survivor), O=old, HS=humongous(starts), HC=humongous(continues), CS=collection set, F=free, OA=open archive, CA=closed archive, TAMS=top-at-mark-start (previous, next)
|   0|0x0000000080000000, 0x0000000080100000, 0x0000000080100000|100%|HS|  |TAMS 0x0000000080100000, 0x0000000080000000| Complete 
|   1|0x0000000080100000, 0x0000000080200000, 0x0000000080200000|100%|HC|  |TAMS 0x0000000080200000, 0x0000000080100000| Complete 
|   2|0x0000000080200000, 0x0000000080300000, 0x0000000080300000|100%|HC|  |TAMS 0x0000000080300000, 0x0000000080200000| Complete 
|   3|0x0000000080300000, 0x0000000080400000, 0x0000000080400000|100%|HC|  |TAMS 0x0000000080400000, 0x0000000080300000| Complete 
|   4|0x0000000080400000, 0x0000000080500000, 0x0000000080500000|100%| O|  |TAMS 0x0000000080500000, 0x0000000080400000| Untracked 
|   5|0x0000000080500000, 0x0000000080600000, 0x0000000080600000|100%| O|  |TAMS 0x0000000080600000, 0x0000000080500000| Untracked 
|   6|0x0000000080600000, 0x0000000080700000, 0x0000000080700000|100%| O|  |TAMS 0x0000000080700000, 0x0000000080600000| Untracked 
|   7|0x0000000080700000, 0x0000000080800000, 0x0000000080800000|100%| O|  |TAMS 0x0000000080800000, 0x0000000080700000| Untracked 
|   8|0x0000000080800000, 0x0000000080900000, 0x0000000080900000|100%| O|  |TAMS 0x0000000080900000, 0x0000000080800000| Untracked 
|   9|0x0000000080900000, 0x0000000080a00000, 0x0000000080a00000|100%| O|  |TAMS 0x0000000080a00000, 0x0000000080900000| Untracked 
|  10|0x0000000080a00000, 0x0000000080b00000, 0x0000000080b00000|100%| O|  |TAMS 0x0000000080b00000, 0x0000000080a00000| Untracked 
|  11|0x0000000080b00000, 0x0000000080c00000, 0x0000000080c00000|100%|HS|  |TAMS 0x0000000080c00000, 0x0000000080b00000| Complete 
|  12|0x0000000080c00000, 0x0000000080d00000, 0x0000000080d00000|100%| O|  |TAMS 0x0000000080c00000, 0x0000000080c00000| Untracked 
|  13|0x0000000080d00000, 0x0000000080e00000, 0x0000000080e00000|100%| O|  |TAMS 0x0000000080e00000, 0x0000000080d00000| Untracked 
|  14|0x0000000080e00000, 0x0000000080f00000, 0x0000000080f00000|100%| O|  |TAMS 0x0000000080f00000, 0x0000000080e00000| Untracked 
|  15|0x0000000080f00000, 0x0000000081000000, 0x0000000081000000|100%| O|  |TAMS 0x0000000081000000, 0x0000000080f00000| Untracked 
|  16|0x0000000081000000, 0x0000000081100000, 0x0000000081100000|100%| O|  |TAMS 0x0000000081100000, 0x0000000081000000| Untracked 
|  17|0x0000000081100000, 0x0000000081200000, 0x0000000081200000|100%| O|  |TAMS 0x0000000081200000, 0x0000000081100000| Untracked 
|  18|0x0000000081200000, 0x0000000081300000, 0x0000000081300000|100%| O|  |TAMS 0x0000000081300000, 0x0000000081200000| Untracked 
|  19|0x0000000081300000, 0x0000000081400000, 0x0000000081400000|100%| O|  |TAMS 0x0000000081400000, 0x0000000081300000| Untracked 
|  20|0x0000000081400000, 0x0000000081500000, 0x0000000081500000|100%| O|  |TAMS 0x0000000081500000, 0x0000000081400000| Untracked 
|  21|0x0000000081500000, 0x0000000081600000, 0x0000000081600000|100%| O|  |TAMS 0x0000000081600000, 0x0000000081500000| Untracked 
|  22|0x0000000081600000, 0x0000000081700000, 0x0000000081700000|100%| O|  |TAMS 0x0000000081700000, 0x0000000081600000| Untracked 
|  23|0x0000000081700000, 0x0000000081800000, 0x0000000081800000|100%| O|  |TAMS 0x0000000081800000, 0x0000000081700000| Untracked 
|  24|0x0000000081800000, 0x0000000081900000, 0x0000000081900000|100%| O|  |TAMS 0x0000000081900000, 0x0000000081800000| Untracked 
|  25|0x0000000081900000, 0x0000000081a00000, 0x0000000081a00000|100%| O|  |TAMS 0x0000000081a00000, 0x0000000081900000| Untracked 
|  26|0x0000000081a00000, 0x0000000081b00000, 0x0000000081b00000|100%| O|  |TAMS 0x0000000081b00000, 0x0000000081a00000| Untracked 
|  27|0x0000000081b00000, 0x0000000081c00000, 0x0000000081c00000|100%| O|  |TAMS 0x0000000081c00000, 0x0000000081b00000| Untracked 
|  28|0x0000000081c00000, 0x0000000081d00000, 0x0000000081d00000|100%| O|  |TAMS 0x0000000081d00000, 0x0000000081c00000| Untracked 
|  29|0x0000000081d00000, 0x0000000081e00000, 0x0000000081e00000|100%| O|  |TAMS 0x0000000081e00000, 0x0000000081d00000| Untracked 
|  30|0x0000000081e00000, 0x0000000081f00000, 0x0000000081f00000|100%| O|  |TAMS 0x0000000081f00000, 0x0000000081e00000| Untracked 
|  31|0x0000000081f00000, 0x0000000082000000, 0x0000000082000000|100%| O|  |TAMS 0x0000000082000000, 0x0000000081f00000| Untracked 
|  32|0x0000000082000000, 0x0000000082100000, 0x0000000082100000|100%| O|  |TAMS 0x0000000082100000, 0x0000000082000000| Untracked 
|  33|0x0000000082100000, 0x0000000082200000, 0x0000000082200000|100%| O|  |TAMS 0x0000000082200000, 0x0000000082100000| Untracked 
|  34|0x0000000082200000, 0x0000000082300000, 0x0000000082300000|100%| O|  |TAMS 0x0000000082300000, 0x0000000082200000| Untracked 
|  35|0x0000000082300000, 0x0000000082400000, 0x0000000082400000|100%| O|  |TAMS 0x0000000082400000, 0x0000000082300000| Untracked 
|  36|0x0000000082400000, 0x0000000082500000, 0x0000000082500000|100%| O|  |TAMS 0x0000000082500000, 0x0000000082400000| Untracked 
|  37|0x0000000082500000, 0x0000000082600000, 0x0000000082600000|100%| O|  |TAMS 0x0000000082600000, 0x0000000082500000| Untracked 
|  38|0x0000000082600000, 0x0000000082700000, 0x0000000082700000|100%| O|  |TAMS 0x0000000082700000, 0x0000000082600000| Untracked 
|  39|0x0000000082700000, 0x0000000082800000, 0x0000000082800000|100%| O|  |TAMS 0x0000000082700000, 0x0000000082700000| Untracked 
|  40|0x0000000082800000, 0x0000000082900000, 0x0000000082900000|100%| O|  |TAMS 0x0000000082900000, 0x0000000082800000| Untracked 
|  41|0x0000000082900000, 0x0000000082a00000, 0x0000000082a00000|100%| O|  |TAMS 0x0000000082a00000, 0x0000000082900000| Untracked 
|  42|0x0000000082a00000, 0x0000000082b00000, 0x0000000082b00000|100%| O|  |TAMS 0x0000000082b00000, 0x0000000082a00000| Untracked 
|  43|0x0000000082b00000, 0x0000000082c00000, 0x0000000082c00000|100%| O|  |TAMS 0x0000000082c00000, 0x0000000082b00000| Untracked 
|  44|0x0000000082c00000, 0x0000000082d00000, 0x0000000082d00000|100%| O|  |TAMS 0x0000000082d00000, 0x0000000082c00000| Untracked 
|  45|0x0000000082d00000, 0x0000000082e00000, 0x0000000082e00000|100%| O|  |TAMS 0x0000000082e00000, 0x0000000082d00000| Untracked 
|  46|0x0000000082e00000, 0x0000000082f00000, 0x0000000082f00000|100%| O|  |TAMS 0x0000000082f00000, 0x0000000082e00000| Untracked 
|  47|0x0000000082f00000, 0x0000000083000000, 0x0000000083000000|100%| O|  |TAMS 0x0000000083000000, 0x0000000082f00000| Untracked 
|  48|0x0000000083000000, 0x0000000083100000, 0x0000000083100000|100%|HS|  |TAMS 0x0000000083100000, 0x0000000083000000| Complete 
|  49|0x0000000083100000, 0x0000000083200000, 0x0000000083200000|100%|HC|  |TAMS 0x0000000083200000, 0x0000000083100000| Complete 
|  50|0x0000000083200000, 0x0000000083300000, 0x0000000083300000|100%|HS|  |TAMS 0x0000000083300000, 0x0000000083200000| Complete 
|  51|0x0000000083300000, 0x0000000083400000, 0x0000000083400000|100%|HC|  |TAMS 0x0000000083400000, 0x0000000083300000| Complete 
|  52|0x0000000083400000, 0x0000000083500000, 0x0000000083500000|100%| O|  |TAMS 0x0000000083500000, 0x0000000083400000| Untracked 
|  53|0x0000000083500000, 0x0000000083600000, 0x0000000083600000|100%| O|  |TAMS 0x0000000083600000, 0x0000000083500000| Untracked 
|  54|0x0000000083600000, 0x0000000083700000, 0x0000000083700000|100%|HS|  |TAMS 0x0000000083700000, 0x0000000083600000| Complete 
|  55|0x0000000083700000, 0x0000000083800000, 0x0000000083800000|100%|HC|  |TAMS 0x0000000083800000, 0x0000000083700000| Complete 
|  56|0x0000000083800000, 0x0000000083900000, 0x0000000083900000|100%|HC|  |TAMS 0x0000000083900000, 0x0000000083800000| Complete 
|  57|0x0000000083900000, 0x0000000083a00000, 0x0000000083a00000|100%|HC|  |TAMS 0x0000000083a00000, 0x0000000083900000| Complete 
|  58|0x0000000083a00000, 0x0000000083b00000, 0x0000000083b00000|100%|HS|  |TAMS 0x0000000083b00000, 0x0000000083a00000| Complete 
|  59|0x0000000083b00000, 0x0000000083c00000, 0x0000000083c00000|100%|HC|  |TAMS 0x0000000083c00000, 0x0000000083b00000| Complete 
|  60|0x0000000083c00000, 0x0000000083d00000, 0x0000000083d00000|100%|HC|  |TAMS 0x0000000083d00000, 0x0000000083c00000| Complete 
|  61|0x0000000083d00000, 0x0000000083e00000, 0x0000000083e00000|100%|HC|  |TAMS 0x0000000083e00000, 0x0000000083d00000| Complete 
|  62|0x0000000083e00000, 0x0000000083f00000, 0x0000000083f00000|100%| O|  |TAMS 0x0000000083f00000, 0x0000000083e00000| Untracked 
|  63|0x0000000083f00000, 0x0000000084000000, 0x0000000084000000|100%| O|  |TAMS 0x0000000083f02800, 0x0000000083f00000| Untracked 
|  64|0x0000000084000000, 0x0000000084100000, 0x0000000084100000|100%| O|  |TAMS 0x0000000084000000, 0x0000000084000000| Untracked 
|  65|0x0000000084100000, 0x0000000084200000, 0x0000000084200000|100%| O|  |TAMS 0x0000000084100000, 0x0000000084100000| Untracked 
|  66|0x0000000084200000, 0x0000000084300000, 0x0000000084300000|100%| O|  |TAMS 0x0000000084200000, 0x0000000084200000| Untracked 
|  67|0x0000000084300000, 0x0000000084400000, 0x0000000084400000|100%| O|  |TAMS 0x0000000084300000, 0x0000000084300000| Untracked 
|  68|0x0000000084400000, 0x0000000084500000, 0x0000000084500000|100%| O|  |TAMS 0x0000000084400000, 0x0000000084400000| Untracked 
|  69|0x0000000084500000, 0x0000000084600000, 0x0000000084600000|100%| O|  |TAMS 0x0000000084500000, 0x0000000084500000| Untracked 
|  70|0x0000000084600000, 0x0000000084700000, 0x0000000084700000|100%| O|  |TAMS 0x0000000084600000, 0x0000000084600000| Untracked 
|  71|0x0000000084700000, 0x0000000084800000, 0x0000000084800000|100%| O|  |TAMS 0x0000000084700000, 0x0000000084700000| Untracked 
|  72|0x0000000084800000, 0x0000000084900000, 0x0000000084900000|100%| O|  |TAMS 0x0000000084800000, 0x0000000084800000| Untracked 
|  73|0x0000000084900000, 0x0000000084a00000, 0x0000000084a00000|100%| O|  |TAMS 0x0000000084900000, 0x0000000084900000| Untracked 
|  74|0x0000000084a00000, 0x0000000084b00000, 0x0000000084b00000|100%| O|  |TAMS 0x0000000084a00000, 0x0000000084a00000| Untracked 
|  75|0x0000000084b00000, 0x0000000084c00000, 0x0000000084c00000|100%| O|  |TAMS 0x0000000084b00000, 0x0000000084b00000| Untracked 
|  76|0x0000000084c00000, 0x0000000084d00000, 0x0000000084d00000|100%| O|  |TAMS 0x0000000084c00000, 0x0000000084c00000| Untracked 
|  77|0x0000000084d00000, 0x0000000084e00000, 0x0000000084e00000|100%| O|  |TAMS 0x0000000084d00000, 0x0000000084d00000| Untracked 
|  78|0x0000000084e00000, 0x0000000084e6a600, 0x0000000084f00000| 41%| O|  |TAMS 0x0000000084e00000, 0x0000000084e00000| Untracked 
|  79|0x0000000084f00000, 0x0000000085000000, 0x0000000085000000|100%|HS|  |TAMS 0x0000000084f00000, 0x0000000084f00000| Complete 
|  80|0x0000000085000000, 0x0000000085100000, 0x0000000085100000|100%|HS|  |TAMS 0x0000000085000000, 0x0000000085000000| Complete 
|  81|0x0000000085100000, 0x0000000085200000, 0x0000000085200000|100%|HS|  |TAMS 0x0000000085100000, 0x0000000085100000| Complete 
|  82|0x0000000085200000, 0x0000000085200000, 0x0000000085300000|  0%| F|  |TAMS 0x0000000085200000, 0x0000000085200000| Untracked 
|  83|0x0000000085300000, 0x0000000085300000, 0x0000000085400000|  0%| F|  |TAMS 0x0000000085300000, 0x0000000085300000| Untracked 
|  84|0x0000000085400000, 0x0000000085400000, 0x0000000085500000|  0%| F|  |TAMS 0x0000000085400000, 0x0000000085400000| Untracked 
|  85|0x0000000085500000, 0x0000000085500000, 0x0000000085600000|  0%| F|  |TAMS 0x0000000085500000, 0x0000000085500000| Untracked 
|  86|0x0000000085600000, 0x0000000085600000, 0x0000000085700000|  0%| F|  |TAMS 0x0000000085600000, 0x0000000085600000| Untracked 
|  87|0x0000000085700000, 0x0000000085700000, 0x0000000085800000|  0%| F|  |TAMS 0x0000000085700000, 0x0000000085700000| Untracked 
|  88|0x0000000085800000, 0x0000000085800000, 0x0000000085900000|  0%| F|  |TAMS 0x0000000085800000, 0x0000000085800000| Untracked 
|  89|0x0000000085900000, 0x0000000085900000, 0x0000000085a00000|  0%| F|  |TAMS 0x0000000085900000, 0x0000000085900000| Untracked 
|  90|0x0000000085a00000, 0x0000000085a00000, 0x0000000085b00000|  0%| F|  |TAMS 0x0000000085a00000, 0x0000000085a00000| Untracked 
|  91|0x0000000085b00000, 0x0000000085b00000, 0x0000000085c00000|  0%| F|  |TAMS 0x0000000085b00000, 0x0000000085b00000| Untracked 
|  92|0x0000000085c00000, 0x0000000085c00000, 0x0000000085d00000|  0%| F|  |TAMS 0x0000000085c00000, 0x0000000085c00000| Untracked 
|  93|0x0000000085d00000, 0x0000000085d00000, 0x0000000085e00000|  0%| F|  |TAMS 0x0000000085d00000, 0x0000000085d00000| Untracked 
|  94|0x0000000085e00000, 0x0000000085e00000, 0x0000000085f00000|  0%| F|  |TAMS 0x0000000085e00000, 0x0000000085e00000| Untracked 
|  95|0x0000000085f00000, 0x0000000085f00000, 0x0000000086000000|  0%| F|  |TAMS 0x0000000085f00000, 0x0000000085f00000| Untracked 
|  96|0x0000000086000000, 0x0000000086000000, 0x0000000086100000|  0%| F|  |TAMS 0x0000000086000000, 0x0000000086000000| Untracked 
|  97|0x0000000086100000, 0x0000000086100000, 0x0000000086200000|  0%| F|  |TAMS 0x0000000086100000, 0x0000000086100000| Untracked 
|  98|0x0000000086200000, 0x0000000086200000, 0x0000000086300000|  0%| F|  |TAMS 0x0000000086200000, 0x0000000086200000| Untracked 
|  99|0x0000000086300000, 0x0000000086300000, 0x0000000086400000|  0%| F|  |TAMS 0x0000000086300000, 0x0000000086300000| Untracked 
| 100|0x0000000086400000, 0x0000000086400000, 0x0000000086500000|  0%| F|  |TAMS 0x0000000086400000, 0x0000000086400000| Untracked 
| 101|0x0000000086500000, 0x0000000086500000, 0x0000000086600000|  0%| F|  |TAMS 0x0000000086500000, 0x0000000086500000| Untracked 
| 102|0x0000000086600000, 0x0000000086600000, 0x0000000086700000|  0%| F|  |TAMS 0x0000000086600000, 0x0000000086600000| Untracked 
| 103|0x0000000086700000, 0x0000000086700000, 0x0000000086800000|  0%| F|  |TAMS 0x0000000086700000, 0x0000000086700000| Untracked 
| 104|0x0000000086800000, 0x0000000086800000, 0x0000000086900000|  0%| F|  |TAMS 0x0000000086800000, 0x0000000086800000| Untracked 
| 105|0x0000000086900000, 0x0000000086900000, 0x0000000086a00000|  0%| F|  |TAMS 0x0000000086900000, 0x0000000086900000| Untracked 
| 106|0x0000000086a00000, 0x0000000086a00000, 0x0000000086b00000|  0%| F|  |TAMS 0x0000000086a00000, 0x0000000086a00000| Untracked 
| 107|0x0000000086b00000, 0x0000000086b00000, 0x0000000086c00000|  0%| F|  |TAMS 0x0000000086b00000, 0x0000000086b00000| Untracked 
| 108|0x0000000086c00000, 0x0000000086c00000, 0x0000000086d00000|  0%| F|  |TAMS 0x0000000086c00000, 0x0000000086c00000| Untracked 
| 109|0x0000000086d00000, 0x0000000086d00000, 0x0000000086e00000|  0%| F|  |TAMS 0x0000000086d00000, 0x0000000086d00000| Untracked 
| 110|0x0000000086e00000, 0x0000000086e00000, 0x0000000086f00000|  0%| F|  |TAMS 0x0000000086e00000, 0x0000000086e00000| Untracked 
| 111|0x0000000086f00000, 0x0000000086f00000, 0x0000000087000000|  0%| F|  |TAMS 0x0000000086f00000, 0x0000000086f00000| Untracked 
| 112|0x0000000087000000, 0x0000000087000000, 0x0000000087100000|  0%| F|  |TAMS 0x0000000087000000, 0x0000000087000000| Untracked 
| 113|0x0000000087100000, 0x0000000087100000, 0x0000000087200000|  0%| F|  |TAMS 0x0000000087100000, 0x0000000087100000| Untracked 
| 114|0x0000000087200000, 0x0000000087200000, 0x0000000087300000|  0%| F|  |TAMS 0x0000000087200000, 0x0000000087200000| Untracked 
| 115|0x0000000087300000, 0x0000000087300000, 0x0000000087400000|  0%| F|  |TAMS 0x0000000087300000, 0x0000000087300000| Untracked 
| 116|0x0000000087400000, 0x0000000087400000, 0x0000000087500000|  0%| F|  |TAMS 0x0000000087400000, 0x0000000087400000| Untracked 
| 117|0x0000000087500000, 0x0000000087500000, 0x0000000087600000|  0%| F|  |TAMS 0x0000000087500000, 0x0000000087500000| Untracked 
| 118|0x0000000087600000, 0x0000000087600000, 0x0000000087700000|  0%| F|  |TAMS 0x0000000087600000, 0x0000000087600000| Untracked 
| 119|0x0000000087700000, 0x00000000877f1668, 0x0000000087800000| 94%| S|CS|TAMS 0x0000000087700000, 0x0000000087700000| Complete 
| 120|0x0000000087800000, 0x0000000087900000, 0x0000000087900000|100%| S|CS|TAMS 0x0000000087800000, 0x0000000087800000| Complete 
| 121|0x0000000087900000, 0x0000000087a00000, 0x0000000087a00000|100%| S|CS|TAMS 0x0000000087900000, 0x0000000087900000| Complete 
| 122|0x0000000087a00000, 0x0000000087b00000, 0x0000000087b00000|100%| S|CS|TAMS 0x0000000087a00000, 0x0000000087a00000| Complete 
| 123|0x0000000087b00000, 0x0000000087c00000, 0x0000000087c00000|100%| S|CS|TAMS 0x0000000087b00000, 0x0000000087b00000| Complete 
| 124|0x0000000087c00000, 0x0000000087c00000, 0x0000000087d00000|  0%| F|  |TAMS 0x0000000087c00000, 0x0000000087c00000| Untracked 
| 125|0x0000000087d00000, 0x0000000087d00000, 0x0000000087e00000|  0%| F|  |TAMS 0x0000000087d00000, 0x0000000087d00000| Untracked 
| 126|0x0000000087e00000, 0x0000000087e00000, 0x0000000087f00000|  0%| F|  |TAMS 0x0000000087e00000, 0x0000000087e00000| Untracked 
| 127|0x0000000087f00000, 0x0000000087f00000, 0x0000000088000000|  0%| F|  |TAMS 0x0000000087f00000, 0x0000000087f00000| Untracked 
| 128|0x0000000088000000, 0x0000000088000000, 0x0000000088100000|  0%| F|  |TAMS 0x0000000088000000, 0x0000000088000000| Untracked 
| 129|0x0000000088100000, 0x0000000088100000, 0x0000000088200000|  0%| F|  |TAMS 0x0000000088100000, 0x0000000088100000| Untracked 
| 130|0x0000000088200000, 0x0000000088200000, 0x0000000088300000|  0%| F|  |TAMS 0x0000000088200000, 0x0000000088200000| Untracked 
| 131|0x0000000088300000, 0x0000000088300000, 0x0000000088400000|  0%| F|  |TAMS 0x0000000088300000, 0x0000000088300000| Untracked 
| 132|0x0000000088400000, 0x0000000088400000, 0x0000000088500000|  0%| F|  |TAMS 0x0000000088400000, 0x0000000088400000| Untracked 
| 133|0x0000000088500000, 0x0000000088500000, 0x0000000088600000|  0%| F|  |TAMS 0x0000000088500000, 0x0000000088500000| Untracked 
| 134|0x0000000088600000, 0x0000000088600000, 0x0000000088700000|  0%| F|  |TAMS 0x0000000088600000, 0x0000000088600000| Untracked 
| 135|0x0000000088700000, 0x0000000088700000, 0x0000000088800000|  0%| F|  |TAMS 0x0000000088700000, 0x0000000088700000| Untracked 
| 136|0x0000000088800000, 0x0000000088800000, 0x0000000088900000|  0%| F|  |TAMS 0x0000000088800000, 0x0000000088800000| Untracked 
| 137|0x0000000088900000, 0x0000000088900000, 0x0000000088a00000|  0%| F|  |TAMS 0x0000000088900000, 0x0000000088900000| Untracked 
| 138|0x0000000088a00000, 0x0000000088a00000, 0x0000000088b00000|  0%| F|  |TAMS 0x0000000088a00000, 0x0000000088a00000| Untracked 
| 139|0x0000000088b00000, 0x0000000088b00000, 0x0000000088c00000|  0%| F|  |TAMS 0x0000000088b00000, 0x0000000088b00000| Untracked 
| 140|0x0000000088c00000, 0x0000000088c00000, 0x0000000088d00000|  0%| F|  |TAMS 0x0000000088c00000, 0x0000000088c00000| Untracked 
| 141|0x0000000088d00000, 0x0000000088d00000, 0x0000000088e00000|  0%| F|  |TAMS 0x0000000088d00000, 0x0000000088d00000| Untracked 
| 142|0x0000000088e00000, 0x0000000088e00000, 0x0000000088f00000|  0%| F|  |TAMS 0x0000000088e00000, 0x0000000088e00000| Untracked 
| 143|0x0000000088f00000, 0x0000000088f00000, 0x0000000089000000|  0%| F|  |TAMS 0x0000000088f00000, 0x0000000088f00000| Untracked 
| 144|0x0000000089000000, 0x0000000089000000, 0x0000000089100000|  0%| F|  |TAMS 0x0000000089000000, 0x0000000089000000| Untracked 
| 145|0x0000000089100000, 0x0000000089100000, 0x0000000089200000|  0%| F|  |TAMS 0x0000000089100000, 0x0000000089100000| Untracked 
| 146|0x0000000089200000, 0x0000000089200000, 0x0000000089300000|  0%| F|  |TAMS 0x0000000089200000, 0x0000000089200000| Untracked 
| 147|0x0000000089300000, 0x0000000089300000, 0x0000000089400000|  0%| F|  |TAMS 0x0000000089300000, 0x0000000089300000| Untracked 
| 148|0x0000000089400000, 0x0000000089400000, 0x0000000089500000|  0%| F|  |TAMS 0x0000000089400000, 0x0000000089400000| Untracked 
| 149|0x0000000089500000, 0x0000000089500000, 0x0000000089600000|  0%| F|  |TAMS 0x0000000089500000, 0x0000000089500000| Untracked 
| 150|0x0000000089600000, 0x0000000089600000, 0x0000000089700000|  0%| F|  |TAMS 0x0000000089600000, 0x0000000089600000| Untracked 
| 151|0x0000000089700000, 0x0000000089700000, 0x0000000089800000|  0%| F|  |TAMS 0x0000000089700000, 0x0000000089700000| Untracked 
| 152|0x0000000089800000, 0x0000000089800000, 0x0000000089900000|  0%| F|  |TAMS 0x0000000089800000, 0x0000000089800000| Untracked 
| 153|0x0000000089900000, 0x0000000089900000, 0x0000000089a00000|  0%| F|  |TAMS 0x0000000089900000, 0x0000000089900000| Untracked 
| 154|0x0000000089a00000, 0x0000000089a00000, 0x0000000089b00000|  0%| F|  |TAMS 0x0000000089a00000, 0x0000000089a00000| Untracked 
| 155|0x0000000089b00000, 0x0000000089b00000, 0x0000000089c00000|  0%| F|  |TAMS 0x0000000089b00000, 0x0000000089b00000| Untracked 
| 156|0x0000000089c00000, 0x0000000089c00000, 0x0000000089d00000|  0%| F|  |TAMS 0x0000000089c00000, 0x0000000089c00000| Untracked 
| 157|0x0000000089d00000, 0x0000000089d00000, 0x0000000089e00000|  0%| F|  |TAMS 0x0000000089d00000, 0x0000000089d00000| Untracked 
| 158|0x0000000089e00000, 0x0000000089e00000, 0x0000000089f00000|  0%| F|  |TAMS 0x0000000089e00000, 0x0000000089e00000| Untracked 
| 159|0x0000000089f00000, 0x0000000089fe9268, 0x000000008a000000| 91%| E|  |TAMS 0x0000000089f00000, 0x0000000089f00000| Complete 
| 160|0x000000008a000000, 0x000000008a100000, 0x000000008a100000|100%| E|CS|TAMS 0x000000008a000000, 0x000000008a000000| Complete 
| 161|0x000000008a100000, 0x000000008a200000, 0x000000008a200000|100%| E|CS|TAMS 0x000000008a100000, 0x000000008a100000| Complete 
| 162|0x000000008a200000, 0x000000008a300000, 0x000000008a300000|100%| E|CS|TAMS 0x000000008a200000, 0x000000008a200000| Complete 
| 163|0x000000008a300000, 0x000000008a400000, 0x000000008a400000|100%| E|CS|TAMS 0x000000008a300000, 0x000000008a300000| Complete 
| 164|0x000000008a400000, 0x000000008a500000, 0x000000008a500000|100%| E|CS|TAMS 0x000000008a400000, 0x000000008a400000| Complete 
| 165|0x000000008a500000, 0x000000008a600000, 0x000000008a600000|100%| E|CS|TAMS 0x000000008a500000, 0x000000008a500000| Complete 
| 166|0x000000008a600000, 0x000000008a700000, 0x000000008a700000|100%| E|  |TAMS 0x000000008a600000, 0x000000008a600000| Complete 
| 167|0x000000008a700000, 0x000000008a800000, 0x000000008a800000|100%| E|CS|TAMS 0x000000008a700000, 0x000000008a700000| Complete 
| 168|0x000000008a800000, 0x000000008a900000, 0x000000008a900000|100%| E|CS|TAMS 0x000000008a800000, 0x000000008a800000| Complete 
| 169|0x000000008a900000, 0x000000008aa00000, 0x000000008aa00000|100%| E|CS|TAMS 0x000000008a900000, 0x000000008a900000| Complete 
| 170|0x000000008aa00000, 0x000000008ab00000, 0x000000008ab00000|100%| E|CS|TAMS 0x000000008aa00000, 0x000000008aa00000| Complete 
| 171|0x000000008ab00000, 0x000000008ac00000, 0x000000008ac00000|100%| E|CS|TAMS 0x000000008ab00000, 0x000000008ab00000| Complete 
| 172|0x000000008ac00000, 0x000000008ad00000, 0x000000008ad00000|100%| E|CS|TAMS 0x000000008ac00000, 0x000000008ac00000| Complete 
| 173|0x000000008ad00000, 0x000000008ae00000, 0x000000008ae00000|100%| E|CS|TAMS 0x000000008ad00000, 0x000000008ad00000| Complete 
| 174|0x000000008ae00000, 0x000000008af00000, 0x000000008af00000|100%| E|CS|TAMS 0x000000008ae00000, 0x000000008ae00000| Complete 
| 175|0x000000008af00000, 0x000000008b000000, 0x000000008b000000|100%| E|CS|TAMS 0x000000008af00000, 0x000000008af00000| Complete 
| 176|0x000000008b000000, 0x000000008b100000, 0x000000008b100000|100%| E|CS|TAMS 0x000000008b000000, 0x000000008b000000| Complete 
| 177|0x000000008b100000, 0x000000008b200000, 0x000000008b200000|100%| E|CS|TAMS 0x000000008b100000, 0x000000008b100000| Complete 
| 178|0x000000008b200000, 0x000000008b300000, 0x000000008b300000|100%| E|CS|TAMS 0x000000008b200000, 0x000000008b200000| Complete 
| 212|0x000000008d400000, 0x000000008d500000, 0x000000008d500000|100%| E|CS|TAMS 0x000000008d400000, 0x000000008d400000| Complete 
| 213|0x000000008d500000, 0x000000008d600000, 0x000000008d600000|100%| E|CS|TAMS 0x000000008d500000, 0x000000008d500000| Complete 
| 214|0x000000008d600000, 0x000000008d700000, 0x000000008d700000|100%| E|CS|TAMS 0x000000008d600000, 0x000000008d600000| Complete 
| 215|0x000000008d700000, 0x000000008d800000, 0x000000008d800000|100%| E|CS|TAMS 0x000000008d700000, 0x000000008d700000| Complete 
| 216|0x000000008d800000, 0x000000008d900000, 0x000000008d900000|100%| E|CS|TAMS 0x000000008d800000, 0x000000008d800000| Complete 
| 217|0x000000008d900000, 0x000000008da00000, 0x000000008da00000|100%| E|CS|TAMS 0x000000008d900000, 0x000000008d900000| Complete 
| 218|0x000000008da00000, 0x000000008db00000, 0x000000008db00000|100%| E|CS|TAMS 0x000000008da00000, 0x000000008da00000| Complete 
| 219|0x000000008db00000, 0x000000008dc00000, 0x000000008dc00000|100%| E|CS|TAMS 0x000000008db00000, 0x000000008db00000| Complete 
| 220|0x000000008dc00000, 0x000000008dd00000, 0x000000008dd00000|100%| E|CS|TAMS 0x000000008dc00000, 0x000000008dc00000| Complete 
| 221|0x000000008dd00000, 0x000000008de00000, 0x000000008de00000|100%| E|CS|TAMS 0x000000008dd00000, 0x000000008dd00000| Complete 
| 222|0x000000008de00000, 0x000000008df00000, 0x000000008df00000|100%| E|CS|TAMS 0x000000008de00000, 0x000000008de00000| Complete 
| 253|0x000000008fd00000, 0x000000008fe00000, 0x000000008fe00000|100%| E|CS|TAMS 0x000000008fd00000, 0x000000008fd00000| Complete 

Card table byte_map: [0x0000021972260000,0x0000021972660000] _byte_map_base: 0x0000021971e60000

Marking Bits (Prev, Next): (CMBitMap*) 0x000002195b0a1710, (CMBitMap*) 0x000002195b0a16d0
 Prev Bits: [0x0000021974a60000, 0x0000021976a60000)
 Next Bits: [0x0000021972a60000, 0x0000021974a60000)

Polling page: 0x000002195a7f0000

Metaspace:

Usage:
  Non-class:     59.93 MB used.
      Class:      9.84 MB used.
       Both:     69.77 MB used.

Virtual space:
  Non-class space:       64.00 MB reserved,      60.38 MB ( 94%) committed,  1 nodes.
      Class space:      416.00 MB reserved,      10.25 MB (  2%) committed,  1 nodes.
             Both:      480.00 MB reserved,      70.62 MB ( 15%) committed. 

Chunk freelists:
   Non-Class:  3.23 MB
       Class:  5.68 MB
        Both:  8.91 MB

MaxMetaspaceSize: 512.00 MB
CompressedClassSpaceSize: 416.00 MB
Initial GC threshold: 21.00 MB
Current GC threshold: 98.69 MB
CDS: on
MetaspaceReclaimPolicy: balanced
 - commit_granule_bytes: 65536.
 - commit_granule_words: 8192.
 - virtual_space_node_default_size: 8388608.
 - enlarge_chunks_in_place: 1.
 - new_chunks_are_fully_committed: 0.
 - uncommit_free_chunks: 1.
 - use_allocation_guard: 0.
 - handle_deallocations: 1.


Internal statistics:

num_allocs_failed_limit: 6.
num_arena_births: 1122.
num_arena_deaths: 0.
num_vsnodes_births: 2.
num_vsnodes_deaths: 0.
num_space_committed: 1130.
num_space_uncommitted: 0.
num_chunks_returned_to_freelist: 6.
num_chunks_taken_from_freelist: 4324.
num_chunk_merges: 3.
num_chunk_splits: 2730.
num_chunks_enlarged: 1651.
num_inconsistent_stats: 0.

CodeHeap 'non-profiled nmethods': size=120000Kb used=5868Kb max_used=5967Kb free=114131Kb
 bounds [0x000002196a600000, 0x000002196abe0000, 0x0000021971b30000]
CodeHeap 'profiled nmethods': size=120000Kb used=17740Kb max_used=19516Kb free=102259Kb
 bounds [0x0000021962b30000, 0x0000021963e40000, 0x000002196a060000]
CodeHeap 'non-nmethods': size=5760Kb used=2386Kb max_used=2447Kb free=3373Kb
 bounds [0x000002196a060000, 0x000002196a2e0000, 0x000002196a600000]
 total_blobs=10409 nmethods=9507 adapters=814
 compilation: enabled
              stopped_count=0, restarted_count=0
 full_count=0

Compilation events (20 events):
Event: 40.725 Thread 0x000002197960dac0 nmethod 11093 0x0000021963007b90 code [0x0000021963007d40, 0x0000021963007f58]
Event: 40.726 Thread 0x000002197960dac0 11094       3       org.gradle.api.internal.initialization.transform.utils.InstrumentationClasspathMerger$$Lambda$938/0x0000021901630440::compare (16 bytes)
Event: 40.726 Thread 0x000002197960dac0 nmethod 11094 0x0000021962b64a10 code [0x0000021962b64be0, 0x0000021962b65048]
Event: 40.726 Thread 0x000002197960dac0 11095       3       org.gradle.api.internal.initialization.transform.utils.InstrumentationClasspathMerger::lambda$mergeToClasspath$1 (13 bytes)
Event: 40.726 Thread 0x000002197960dac0 nmethod 11095 0x0000021963009b90 code [0x0000021963009d40, 0x0000021963009f28]
Event: 40.726 Thread 0x000002197960dac0 11098       3       org.gradle.api.internal.initialization.transform.utils.InstrumentationClasspathMerger$$Lambda$939/0x00000219016306d8::apply (8 bytes)
Event: 40.727 Thread 0x000002197960dac0 nmethod 11098 0x0000021963155290 code [0x0000021963155440, 0x00000219631556b8]
Event: 40.727 Thread 0x000002197960dac0 11099       3       org.gradle.api.internal.initialization.transform.utils.InstrumentationClasspathMerger::lambda$mergeToClasspath$2 (5 bytes)
Event: 40.727 Thread 0x000002197960dac0 nmethod 11099 0x0000021962e08990 code [0x0000021962e08b20, 0x0000021962e08c18]
Event: 40.727 Thread 0x000002197960dac0 11096       3       com.google.common.collect.ExplicitOrdering::compare (12 bytes)
Event: 40.728 Thread 0x000002197960dac0 nmethod 11096 0x0000021962e67d10 code [0x0000021962e67f20, 0x0000021962e686f8]
Event: 40.728 Thread 0x000002197960dac0 11100       3       org.gradle.internal.classpath.TransformedClassPath$FileMarker::of (25 bytes)
Event: 40.729 Thread 0x000002197960dac0 nmethod 11100 0x0000021962fbe990 code [0x0000021962fbeb40, 0x0000021962fbee28]
Event: 40.729 Thread 0x000002197960dac0 11097       3       org.gradle.api.internal.artifacts.DefaultProjectComponentIdentifier::hashCode (8 bytes)
Event: 40.729 Thread 0x000002197960dac0 nmethod 11097 0x000002196301af90 code [0x000002196301b140, 0x000002196301b368]
Event: 40.736 Thread 0x000002197960dac0 11101   !   3       org.gradle.internal.snapshot.FileSystemLeafSnapshot::accept (36 bytes)
Event: 40.737 Thread 0x000002197960dac0 nmethod 11101 0x00000219631a0d10 code [0x00000219631a0f40, 0x00000219631a1948]
Event: 40.737 Thread 0x000002197960dac0 11102       3       org.gradle.internal.serialize.HashCodeSerializer::read (6 bytes)
Event: 40.738 Thread 0x000002197960dac0 nmethod 11102 0x0000021962d24e10 code [0x0000021962d24fe0, 0x0000021962d253c8]
Event: 40.740 Thread 0x000002197960dac0 11103       3       org.gradle.internal.snapshot.RegularFileSnapshot::accept (8 bytes)

GC Heap History (20 events):
Event: 26.481 GC heap before
{Heap before GC invocations=28 (full 0):
 garbage-first heap   total 107520K, used 66715K [0x0000000080000000, 0x0000000100000000)
  region size 1024K, 5 young (5120K), 2 survivors (2048K)
 Metaspace       used 58564K, committed 59200K, reserved 491520K
  class space    used 8301K, committed 8576K, reserved 425984K
}
Event: 26.487 GC heap after
{Heap after GC invocations=29 (full 0):
 garbage-first heap   total 107520K, used 63254K [0x0000000080000000, 0x0000000100000000)
  region size 1024K, 1 young (1024K), 1 survivors (1024K)
 Metaspace       used 58564K, committed 59200K, reserved 491520K
  class space    used 8301K, committed 8576K, reserved 425984K
}
Event: 27.142 GC heap before
{Heap before GC invocations=29 (full 0):
 garbage-first heap   total 107520K, used 80662K [0x0000000080000000, 0x0000000100000000)
  region size 1024K, 18 young (18432K), 1 survivors (1024K)
 Metaspace       used 59896K, committed 60544K, reserved 491520K
  class space    used 8466K, committed 8768K, reserved 425984K
}
Event: 27.145 GC heap after
{Heap after GC invocations=30 (full 0):
 garbage-first heap   total 107520K, used 64809K [0x0000000080000000, 0x0000000100000000)
  region size 1024K, 2 young (2048K), 2 survivors (2048K)
 Metaspace       used 59896K, committed 60544K, reserved 491520K
  class space    used 8466K, committed 8768K, reserved 425984K
}
Event: 27.681 GC heap before
{Heap before GC invocations=31 (full 0):
 garbage-first heap   total 116736K, used 82217K [0x0000000080000000, 0x0000000100000000)
  region size 1024K, 19 young (19456K), 2 survivors (2048K)
 Metaspace       used 60835K, committed 61440K, reserved 491520K
  class space    used 8598K, committed 8896K, reserved 425984K
}
Event: 27.686 GC heap after
{Heap after GC invocations=32 (full 0):
 garbage-first heap   total 116736K, used 65482K [0x0000000080000000, 0x0000000100000000)
  region size 1024K, 1 young (1024K), 1 survivors (1024K)
 Metaspace       used 60835K, committed 61440K, reserved 491520K
  class space    used 8598K, committed 8896K, reserved 425984K
}
Event: 27.766 GC heap before
{Heap before GC invocations=32 (full 0):
 garbage-first heap   total 116736K, used 69578K [0x0000000080000000, 0x0000000100000000)
  region size 1024K, 5 young (5120K), 1 survivors (1024K)
 Metaspace       used 61079K, committed 61632K, reserved 491520K
  class space    used 8630K, committed 8896K, reserved 425984K
}
Event: 27.771 GC heap after
{Heap after GC invocations=33 (full 0):
 garbage-first heap   total 195584K, used 65593K [0x0000000080000000, 0x0000000100000000)
  region size 1024K, 1 young (1024K), 1 survivors (1024K)
 Metaspace       used 61079K, committed 61632K, reserved 491520K
  class space    used 8630K, committed 8896K, reserved 425984K
}
Event: 29.879 GC heap before
{Heap before GC invocations=33 (full 0):
 garbage-first heap   total 195584K, used 128057K [0x0000000080000000, 0x0000000100000000)
  region size 1024K, 62 young (63488K), 1 survivors (1024K)
 Metaspace       used 63665K, committed 64384K, reserved 491520K
  class space    used 8982K, committed 9344K, reserved 425984K
}
Event: 29.892 GC heap after
{Heap after GC invocations=34 (full 0):
 garbage-first heap   total 195584K, used 70603K [0x0000000080000000, 0x0000000100000000)
  region size 1024K, 6 young (6144K), 6 survivors (6144K)
 Metaspace       used 63665K, committed 64384K, reserved 491520K
  class space    used 8982K, committed 9344K, reserved 425984K
}
Event: 33.840 GC heap before
{Heap before GC invocations=34 (full 0):
 garbage-first heap   total 195584K, used 134091K [0x0000000080000000, 0x0000000100000000)
  region size 1024K, 68 young (69632K), 6 survivors (6144K)
 Metaspace       used 67273K, committed 68032K, reserved 491520K
  class space    used 9494K, committed 9856K, reserved 425984K
}
Event: 33.857 GC heap after
{Heap after GC invocations=35 (full 0):
 garbage-first heap   total 195584K, used 74244K [0x0000000080000000, 0x0000000100000000)
  region size 1024K, 6 young (6144K), 6 survivors (6144K)
 Metaspace       used 67273K, committed 68032K, reserved 491520K
  class space    used 9494K, committed 9856K, reserved 425984K
}
Event: 36.573 GC heap before
{Heap before GC invocations=35 (full 0):
 garbage-first heap   total 195584K, used 137732K [0x0000000080000000, 0x0000000100000000)
  region size 1024K, 69 young (70656K), 6 survivors (6144K)
 Metaspace       used 70108K, committed 70912K, reserved 491520K
  class space    used 9975K, committed 10368K, reserved 425984K
}
Event: 36.604 GC heap after
{Heap after GC invocations=36 (full 0):
 garbage-first heap   total 195584K, used 78525K [0x0000000080000000, 0x0000000100000000)
  region size 1024K, 7 young (7168K), 7 survivors (7168K)
 Metaspace       used 70108K, committed 70912K, reserved 491520K
  class space    used 9975K, committed 10368K, reserved 425984K
}
Event: 38.992 GC heap before
{Heap before GC invocations=36 (full 0):
 garbage-first heap   total 195584K, used 142013K [0x0000000080000000, 0x0000000100000000)
  region size 1024K, 70 young (71680K), 7 survivors (7168K)
 Metaspace       used 71340K, committed 72128K, reserved 491520K
  class space    used 10072K, committed 10432K, reserved 425984K
}
Event: 39.010 GC heap after
{Heap after GC invocations=37 (full 0):
 garbage-first heap   total 195584K, used 82759K [0x0000000080000000, 0x0000000100000000)
  region size 1024K, 7 young (7168K), 7 survivors (7168K)
 Metaspace       used 71340K, committed 72128K, reserved 491520K
  class space    used 10072K, committed 10432K, reserved 425984K
}
Event: 39.858 GC heap before
{Heap before GC invocations=37 (full 0):
 garbage-first heap   total 195584K, used 144199K [0x0000000080000000, 0x0000000100000000)
  region size 1024K, 68 young (69632K), 7 survivors (7168K)
 Metaspace       used 71406K, committed 72256K, reserved 491520K
  class space    used 10073K, committed 10496K, reserved 425984K
}
Event: 39.872 GC heap after
{Heap after GC invocations=38 (full 0):
 garbage-first heap   total 195584K, used 84345K [0x0000000080000000, 0x0000000100000000)
  region size 1024K, 4 young (4096K), 4 survivors (4096K)
 Metaspace       used 71406K, committed 72256K, reserved 491520K
  class space    used 10073K, committed 10496K, reserved 425984K
}
Event: 40.437 GC heap before
{Heap before GC invocations=38 (full 0):
 garbage-first heap   total 195584K, used 147833K [0x0000000080000000, 0x0000000100000000)
  region size 1024K, 67 young (68608K), 4 survivors (4096K)
 Metaspace       used 71409K, committed 72256K, reserved 491520K
  class space    used 10073K, committed 10496K, reserved 425984K
}
Event: 40.443 GC heap after
{Heap after GC invocations=39 (full 0):
 garbage-first heap   total 195584K, used 85359K [0x0000000080000000, 0x0000000100000000)
  region size 1024K, 5 young (5120K), 5 survivors (5120K)
 Metaspace       used 71409K, committed 72256K, reserved 491520K
  class space    used 10073K, committed 10496K, reserved 425984K
}

Dll operation events (14 events):
Event: 0.010 Loaded shared library C:\Program Files\Microsoft\jdk-17.0.8.7-hotspot\bin\java.dll
Event: 0.071 Loaded shared library C:\Program Files\Microsoft\jdk-17.0.8.7-hotspot\bin\jsvml.dll
Event: 0.165 Loaded shared library C:\Program Files\Microsoft\jdk-17.0.8.7-hotspot\bin\zip.dll
Event: 0.168 Loaded shared library C:\Program Files\Microsoft\jdk-17.0.8.7-hotspot\bin\instrument.dll
Event: 0.175 Loaded shared library C:\Program Files\Microsoft\jdk-17.0.8.7-hotspot\bin\net.dll
Event: 0.178 Loaded shared library C:\Program Files\Microsoft\jdk-17.0.8.7-hotspot\bin\nio.dll
Event: 0.184 Loaded shared library C:\Program Files\Microsoft\jdk-17.0.8.7-hotspot\bin\zip.dll
Event: 0.650 Loaded shared library C:\Program Files\Microsoft\jdk-17.0.8.7-hotspot\bin\jimage.dll
Event: 0.800 Loaded shared library C:\Program Files\Microsoft\jdk-17.0.8.7-hotspot\bin\verify.dll
Event: 1.163 Loaded shared library C:\Users\Lenovo\.gradle\native\c067742578af261105cb4f569cf0c3c89f3d7b1fecec35dd04571415982c5e48\windows-amd64\native-platform.dll
Event: 1.172 Loaded shared library C:\Users\Lenovo\.gradle\native\100fb08df4bc3b14c8652ba06237920a3bd2aa13389f12d3474272988ae205f9\windows-amd64\native-platform-file-events.dll
Event: 2.970 Loaded shared library C:\Program Files\Microsoft\jdk-17.0.8.7-hotspot\bin\management.dll
Event: 2.975 Loaded shared library C:\Program Files\Microsoft\jdk-17.0.8.7-hotspot\bin\management_ext.dll
Event: 3.718 Loaded shared library C:\Program Files\Microsoft\jdk-17.0.8.7-hotspot\bin\sunmscapi.dll

Deoptimization events (20 events):
Event: 40.480 Thread 0x000002191ba187f0 Uncommon trap: trap_request=0xffffffd6 fr.pc=0x000002196a8d6c5c relative=0x00000000000027fc
Event: 40.480 Thread 0x000002191ba187f0 Uncommon trap: reason=array_check action=maybe_recompile pc=0x000002196a8d6c5c method=java.util.TimSort.reverseRange([Ljava/lang/Object;II)V @ 20 c2
Event: 40.480 Thread 0x000002191ba187f0 DEOPT PACKING pc=0x000002196a8d6c5c sp=0x00000050d68fd270
Event: 40.480 Thread 0x000002191ba187f0 DEOPT UNPACKING pc=0x000002196a0ba1a3 sp=0x00000050d68fd158 mode 2
Event: 40.480 Thread 0x000002197f0f4b90 Uncommon trap: trap_request=0xffffffd6 fr.pc=0x000002196a8d6c5c relative=0x00000000000027fc
Event: 40.480 Thread 0x000002197f0f4b90 Uncommon trap: reason=array_check action=maybe_recompile pc=0x000002196a8d6c5c method=java.util.TimSort.reverseRange([Ljava/lang/Object;II)V @ 20 c2
Event: 40.480 Thread 0x000002197f0f4b90 DEOPT PACKING pc=0x000002196a8d6c5c sp=0x00000050d39f7340
Event: 40.480 Thread 0x000002197f0f4b90 DEOPT UNPACKING pc=0x000002196a0ba1a3 sp=0x00000050d39f7228 mode 2
Event: 40.524 Thread 0x000002191ba178c0 Uncommon trap: trap_request=0xffffffd6 fr.pc=0x000002196a8d2b58 relative=0x00000000000007b8
Event: 40.524 Thread 0x000002191ba178c0 Uncommon trap: reason=array_check action=maybe_recompile pc=0x000002196a8d2b58 method=java.util.TimSort.reverseRange([Ljava/lang/Object;II)V @ 27 c2
Event: 40.524 Thread 0x000002191ba178c0 DEOPT PACKING pc=0x000002196a8d2b58 sp=0x00000050d66fd460
Event: 40.524 Thread 0x000002191ba178c0 DEOPT UNPACKING pc=0x000002196a0ba1a3 sp=0x00000050d66fd3d0 mode 2
Event: 40.526 Thread 0x000002191ba187f0 Uncommon trap: trap_request=0xffffffd6 fr.pc=0x000002196a8d2b58 relative=0x00000000000007b8
Event: 40.526 Thread 0x000002191ba187f0 Uncommon trap: reason=array_check action=maybe_recompile pc=0x000002196a8d2b58 method=java.util.TimSort.reverseRange([Ljava/lang/Object;II)V @ 27 c2
Event: 40.526 Thread 0x000002191ba187f0 DEOPT PACKING pc=0x000002196a8d2b58 sp=0x00000050d68fd1e0
Event: 40.526 Thread 0x000002191ba187f0 DEOPT UNPACKING pc=0x000002196a0ba1a3 sp=0x00000050d68fd150 mode 2
Event: 40.711 Thread 0x000002197f0f4b90 Uncommon trap: trap_request=0xffffffd6 fr.pc=0x000002196a857068 relative=0x00000000000029e8
Event: 40.711 Thread 0x000002197f0f4b90 Uncommon trap: reason=array_check action=maybe_recompile pc=0x000002196a857068 method=java.util.TimSort.reverseRange([Ljava/lang/Object;II)V @ 27 c2
Event: 40.711 Thread 0x000002197f0f4b90 DEOPT PACKING pc=0x000002196a857068 sp=0x00000050d39f73f0
Event: 40.711 Thread 0x000002197f0f4b90 DEOPT UNPACKING pc=0x000002196a0ba1a3 sp=0x00000050d39f72c8 mode 2

Classes unloaded (0 events):
No events

Classes redefined (0 events):
No events

Internal exceptions (20 events):
Event: 36.974 Thread 0x000002197f0f4b90 Exception <a 'java/lang/ClassNotFoundException'{0x000000008d799810}: org/gradle/api/internal/initialization/DefaultScriptHandler_DecoratedCustomizer> (0x000000008d799810) 
thrown [s\src\hotspot\share\classfile\systemDictionary.cpp, line 256]
Event: 37.016 Thread 0x000002197f0f4b90 Exception <a 'java/lang/ClassNotFoundException'{0x000000008b2aa1b8}: org/gradle/api/internal/artifacts/dsl/DefaultRepositoryHandler_DecoratedBeanInfo> (0x000000008b2aa1b8) 
thrown [s\src\hotspot\share\classfile\systemDictionary.cpp, line 256]
Event: 37.018 Thread 0x000002197f0f4b90 Exception <a 'java/lang/ClassNotFoundException'{0x000000008b2c1ea0}: org/gradle/api/internal/artifacts/dsl/DefaultRepositoryHandlerBeanInfo> (0x000000008b2c1ea0) 
thrown [s\src\hotspot\share\classfile\systemDictionary.cpp, line 256]
Event: 37.020 Thread 0x000002197f0f4b90 Exception <a 'java/lang/ClassNotFoundException'{0x000000008b2dad98}: org/gradle/api/internal/artifacts/DefaultArtifactRepositoryContainerBeanInfo> (0x000000008b2dad98) 
thrown [s\src\hotspot\share\classfile\systemDictionary.cpp, line 256]
Event: 37.022 Thread 0x000002197f0f4b90 Exception <a 'java/lang/ClassNotFoundException'{0x000000008b2f0a58}: org/gradle/api/internal/DefaultNamedDomainObjectListBeanInfo> (0x000000008b2f0a58) 
thrown [s\src\hotspot\share\classfile\systemDictionary.cpp, line 256]
Event: 37.023 Thread 0x000002197f0f4b90 Exception <a 'java/lang/ClassNotFoundException'{0x000000008b1070a0}: org/gradle/api/internal/DefaultNamedDomainObjectCollectionBeanInfo> (0x000000008b1070a0) 
thrown [s\src\hotspot\share\classfile\systemDictionary.cpp, line 256]
Event: 37.024 Thread 0x000002197f0f4b90 Exception <a 'java/lang/ClassNotFoundException'{0x000000008b11d200}: org/gradle/api/internal/DefaultNamedDomainObjectCollectionCustomizer> (0x000000008b11d200) 
thrown [s\src\hotspot\share\classfile\systemDictionary.cpp, line 256]
Event: 37.029 Thread 0x000002197f0f4b90 Exception <a 'java/lang/ClassNotFoundException'{0x000000008b15c0c0}: org/gradle/api/internal/DefaultNamedDomainObjectListCustomizer> (0x000000008b15c0c0) 
thrown [s\src\hotspot\share\classfile\systemDictionary.cpp, line 256]
Event: 37.035 Thread 0x000002197f0f4b90 Exception <a 'java/lang/ClassNotFoundException'{0x000000008b192008}: org/gradle/api/internal/artifacts/DefaultArtifactRepositoryContainerCustomizer> (0x000000008b192008) 
thrown [s\src\hotspot\share\classfile\systemDictionary.cpp, line 256]
Event: 37.037 Thread 0x000002197f0f4b90 Exception <a 'java/lang/ClassNotFoundException'{0x000000008b1bc3d8}: org/gradle/api/internal/artifacts/dsl/DefaultRepositoryHandlerCustomizer> (0x000000008b1bc3d8) 
thrown [s\src\hotspot\share\classfile\systemDictionary.cpp, line 256]
Event: 37.040 Thread 0x000002197f0f4b90 Exception <a 'java/lang/ClassNotFoundException'{0x000000008b1f4180}: org/gradle/api/internal/artifacts/dsl/DefaultRepositoryHandler_DecoratedCustomizer> (0x000000008b1f4180) 
thrown [s\src\hotspot\share\classfile\systemDictionary.cpp, line 256]
Event: 37.068 Thread 0x000002197f0f4b90 Exception <a 'java/lang/ClassNotFoundException'{0x000000008b09c9f0}: org/gradle/api/internal/artifacts/dsl/dependencies/DefaultDependencyHandler_DecoratedBeanInfo> (0x000000008b09c9f0) 
thrown [s\src\hotspot\share\classfile\systemDictionary.cpp, line 256]
Event: 37.069 Thread 0x000002197f0f4b90 Exception <a 'java/lang/ClassNotFoundException'{0x000000008b0b4a80}: org/gradle/api/internal/artifacts/dsl/dependencies/DefaultDependencyHandlerBeanInfo> (0x000000008b0b4a80) 
thrown [s\src\hotspot\share\classfile\systemDictionary.cpp, line 256]
Event: 37.071 Thread 0x000002197f0f4b90 Exception <a 'java/lang/ClassNotFoundException'{0x000000008b0cc030}: org/gradle/api/internal/artifacts/dsl/dependencies/DefaultDependencyHandlerCustomizer> (0x000000008b0cc030) 
thrown [s\src\hotspot\share\classfile\systemDictionary.cpp, line 256]
Event: 37.076 Thread 0x000002197f0f4b90 Exception <a 'java/lang/ClassNotFoundException'{0x000000008af0c248}: org/gradle/api/internal/artifacts/dsl/dependencies/DefaultDependencyHandler_DecoratedCustomizer> (0x000000008af0c248) 
thrown [s\src\hotspot\share\classfile\systemDictionary.cpp, line 256]
Event: 38.547 Thread 0x000002191bafcda0 Exception <a 'sun/nio/fs/WindowsException'{0x0000000089996fb8}> (0x0000000089996fb8) 
thrown [s\src\hotspot\share\prims\jni.cpp, line 516]
Event: 38.548 Thread 0x000002191bafcda0 Exception <a 'sun/nio/fs/WindowsException'{0x0000000089999738}> (0x0000000089999738) 
thrown [s\src\hotspot\share\prims\jni.cpp, line 516]
Event: 38.548 Thread 0x000002191bafcda0 Exception <a 'sun/nio/fs/WindowsException'{0x000000008999bc68}> (0x000000008999bc68) 
thrown [s\src\hotspot\share\prims\jni.cpp, line 516]
Event: 38.549 Thread 0x000002191bafcda0 Exception <a 'sun/nio/fs/WindowsException'{0x000000008999dde0}> (0x000000008999dde0) 
thrown [s\src\hotspot\share\prims\jni.cpp, line 516]
Event: 39.280 Thread 0x000002191b62b3e0 Exception <a 'java/lang/NoSuchMethodError'{0x000000008ae75508}: static Lorg/gradle/internal/build/event/types/DefaultTransformDescriptor;.<clinit>()V> (0x000000008ae75508) 
thrown [s\src\hotspot\share\prims\jni.cpp, line 1107]

VM Operations (20 events):
Event: 37.755 Executing VM operation: ICBufferFull
Event: 37.755 Executing VM operation: ICBufferFull done
Event: 38.222 Executing VM operation: ICBufferFull
Event: 38.222 Executing VM operation: ICBufferFull done
Event: 38.880 Executing VM operation: ICBufferFull
Event: 38.882 Executing VM operation: ICBufferFull done
Event: 38.964 Executing VM operation: HandshakeAllThreads
Event: 38.964 Executing VM operation: HandshakeAllThreads done
Event: 38.992 Executing VM operation: G1CollectForAllocation
Event: 39.012 Executing VM operation: G1CollectForAllocation done
Event: 39.028 Executing VM operation: HandshakeAllThreads
Event: 39.028 Executing VM operation: HandshakeAllThreads done
Event: 39.094 Executing VM operation: HandshakeAllThreads
Event: 39.112 Executing VM operation: HandshakeAllThreads done
Event: 39.743 Executing VM operation: ICBufferFull
Event: 39.743 Executing VM operation: ICBufferFull done
Event: 39.858 Executing VM operation: G1CollectForAllocation
Event: 39.873 Executing VM operation: G1CollectForAllocation done
Event: 40.436 Executing VM operation: G1CollectForAllocation
Event: 40.447 Executing VM operation: G1CollectForAllocation done

Events (20 events):
Event: 39.135 Thread 0x000002197961ce00 flushing nmethod 0x00000219639fc190
Event: 39.135 Thread 0x000002197961ce00 flushing nmethod 0x00000219639fc810
Event: 39.135 Thread 0x000002197961ce00 flushing nmethod 0x0000021963a02210
Event: 39.135 Thread 0x000002197961ce00 flushing nmethod 0x0000021963a02710
Event: 39.135 Thread 0x000002197961ce00 flushing nmethod 0x0000021963a0a190
Event: 39.135 Thread 0x000002197961ce00 flushing nmethod 0x0000021963a56b90
Event: 39.135 Thread 0x000002197961ce00 flushing nmethod 0x0000021963a5ef90
Event: 39.135 Thread 0x000002197961ce00 flushing nmethod 0x0000021963a74190
Event: 39.136 Thread 0x000002197961ce00 flushing nmethod 0x0000021963ad3490
Event: 39.136 Thread 0x000002197961ce00 flushing nmethod 0x0000021963ad9310
Event: 39.136 Thread 0x000002197961ce00 flushing nmethod 0x0000021963ae2d10
Event: 39.136 Thread 0x000002197961ce00 flushing nmethod 0x0000021963ae5310
Event: 39.137 Thread 0x000002197961ce00 flushing nmethod 0x0000021963b71c10
Event: 39.138 Thread 0x000002197961ce00 flushing nmethod 0x0000021963c20e90
Event: 39.138 Thread 0x000002197961ce00 flushing nmethod 0x0000021963c24b90
Event: 39.138 Thread 0x000002197961ce00 flushing nmethod 0x0000021963c2f110
Event: 39.140 Thread 0x000002197961ce00 flushing nmethod 0x0000021963d05110
Event: 39.140 Thread 0x000002197961ce00 flushing nmethod 0x0000021963d35a10
Event: 39.141 Thread 0x000002197961ce00 flushing nmethod 0x0000021963dea590
Event: 39.341 Thread 0x00000219796a6760 Thread added: 0x00000219796a6760


Dynamic libraries:
0x00007ff77f2d0000 - 0x00007ff77f2de000 	C:\Program Files\Microsoft\jdk-17.0.8.7-hotspot\bin\java.exe
0x00007ffb7e5f0000 - 0x00007ffb7e807000 	C:\WINDOWS\SYSTEM32\ntdll.dll
0x00007ffb7d6d0000 - 0x00007ffb7d794000 	C:\WINDOWS\System32\KERNEL32.DLL
0x00007ffb7bc20000 - 0x00007ffb7bfd7000 	C:\WINDOWS\System32\KERNELBASE.dll
0x00007ffb7b900000 - 0x00007ffb7ba11000 	C:\WINDOWS\System32\ucrtbase.dll
0x00007ffb76dd0000 - 0x00007ffb76de7000 	C:\Program Files\Microsoft\jdk-17.0.8.7-hotspot\bin\jli.dll
0x00007ffb74320000 - 0x00007ffb7433b000 	C:\Program Files\Microsoft\jdk-17.0.8.7-hotspot\bin\VCRUNTIME140.dll
0x00007ffb7e400000 - 0x00007ffb7e5af000 	C:\WINDOWS\System32\USER32.dll
0x00007ffb68820000 - 0x00007ffb68ab3000 	C:\WINDOWS\WinSxS\amd64_microsoft.windows.common-controls_6595b64144ccf1df_6.0.22621.3672_none_2713b9d173822955\COMCTL32.dll
0x00007ffb7ba20000 - 0x00007ffb7ba46000 	C:\WINDOWS\System32\win32u.dll
0x00007ffb7dea0000 - 0x00007ffb7df47000 	C:\WINDOWS\System32\msvcrt.dll
0x00007ffb7db60000 - 0x00007ffb7db89000 	C:\WINDOWS\System32\GDI32.dll
0x00007ffb7bad0000 - 0x00007ffb7bbe8000 	C:\WINDOWS\System32\gdi32full.dll
0x00007ffb7bfe0000 - 0x00007ffb7c07a000 	C:\WINDOWS\System32\msvcp_win.dll
0x00007ffb7d240000 - 0x00007ffb7d271000 	C:\WINDOWS\System32\IMM32.DLL
0x00007ffb77140000 - 0x00007ffb7714c000 	C:\Program Files\Microsoft\jdk-17.0.8.7-hotspot\bin\vcruntime140_1.dll
0x00007ffb32b50000 - 0x00007ffb32bdd000 	C:\Program Files\Microsoft\jdk-17.0.8.7-hotspot\bin\msvcp140.dll
0x00007ffaeade0000 - 0x00007ffaeba45000 	C:\Program Files\Microsoft\jdk-17.0.8.7-hotspot\bin\server\jvm.dll
0x00007ffb7d600000 - 0x00007ffb7d6b2000 	C:\WINDOWS\System32\ADVAPI32.dll
0x00007ffb7da30000 - 0x00007ffb7dad8000 	C:\WINDOWS\System32\sechost.dll
0x00007ffb7bbf0000 - 0x00007ffb7bc18000 	C:\WINDOWS\System32\bcrypt.dll
0x00007ffb7c320000 - 0x00007ffb7c434000 	C:\WINDOWS\System32\RPCRT4.dll
0x00007ffb7b7d0000 - 0x00007ffb7b81d000 	C:\WINDOWS\SYSTEM32\POWRPROF.dll
0x00007ffb5efd0000 - 0x00007ffb5efd9000 	C:\WINDOWS\SYSTEM32\WSOCK32.dll
0x00007ffb701a0000 - 0x00007ffb701d4000 	C:\WINDOWS\SYSTEM32\WINMM.dll
0x00007ffb7db90000 - 0x00007ffb7dc01000 	C:\WINDOWS\System32\WS2_32.dll
0x00007ffb77620000 - 0x00007ffb7762a000 	C:\WINDOWS\SYSTEM32\VERSION.dll
0x00007ffb7b7b0000 - 0x00007ffb7b7c3000 	C:\WINDOWS\SYSTEM32\UMPDC.dll
0x00007ffb7a950000 - 0x00007ffb7a968000 	C:\WINDOWS\SYSTEM32\kernel.appcore.dll
0x00007ffb76dc0000 - 0x00007ffb76dca000 	C:\Program Files\Microsoft\jdk-17.0.8.7-hotspot\bin\jimage.dll
0x00007ffb78db0000 - 0x00007ffb78fe2000 	C:\WINDOWS\SYSTEM32\DBGHELP.DLL
0x00007ffb7dfb0000 - 0x00007ffb7e33e000 	C:\WINDOWS\System32\combase.dll
0x00007ffb7d950000 - 0x00007ffb7da27000 	C:\WINDOWS\System32\OLEAUT32.dll
0x00007ffb4bbe0000 - 0x00007ffb4bc12000 	C:\WINDOWS\SYSTEM32\dbgcore.DLL
0x00007ffb7ba50000 - 0x00007ffb7bacb000 	C:\WINDOWS\System32\bcryptPrimitives.dll
0x00007ffb62f10000 - 0x00007ffb62f1e000 	C:\Program Files\Microsoft\jdk-17.0.8.7-hotspot\bin\instrument.dll
0x00007ffb5f4c0000 - 0x00007ffb5f4e5000 	C:\Program Files\Microsoft\jdk-17.0.8.7-hotspot\bin\java.dll
0x00007ffb329c0000 - 0x00007ffb32a97000 	C:\Program Files\Microsoft\jdk-17.0.8.7-hotspot\bin\jsvml.dll
0x00007ffb7c9d0000 - 0x00007ffb7d239000 	C:\WINDOWS\System32\SHELL32.dll
0x00007ffb79870000 - 0x00007ffb7a16f000 	C:\WINDOWS\SYSTEM32\windows.storage.dll
0x00007ffb79730000 - 0x00007ffb7986f000 	C:\WINDOWS\SYSTEM32\wintypes.dll
0x00007ffb7c440000 - 0x00007ffb7c539000 	C:\WINDOWS\System32\SHCORE.dll
0x00007ffb7e3a0000 - 0x00007ffb7e3fe000 	C:\WINDOWS\System32\shlwapi.dll
0x00007ffb7b830000 - 0x00007ffb7b857000 	C:\WINDOWS\SYSTEM32\profapi.dll
0x00007ffb4ab30000 - 0x00007ffb4ab48000 	C:\Program Files\Microsoft\jdk-17.0.8.7-hotspot\bin\zip.dll
0x00007ffb49b10000 - 0x00007ffb49b29000 	C:\Program Files\Microsoft\jdk-17.0.8.7-hotspot\bin\net.dll
0x00007ffb77fc0000 - 0x00007ffb780f6000 	C:\WINDOWS\SYSTEM32\WINHTTP.dll
0x00007ffb7adc0000 - 0x00007ffb7ae29000 	C:\WINDOWS\system32\mswsock.dll
0x00007ffb48a50000 - 0x00007ffb48a66000 	C:\Program Files\Microsoft\jdk-17.0.8.7-hotspot\bin\nio.dll
0x00007ffb62f00000 - 0x00007ffb62f10000 	C:\Program Files\Microsoft\jdk-17.0.8.7-hotspot\bin\verify.dll
0x00007ffb63f20000 - 0x00007ffb63f47000 	C:\Users\Lenovo\.gradle\native\c067742578af261105cb4f569cf0c3c89f3d7b1fecec35dd04571415982c5e48\windows-amd64\native-platform.dll
0x00007ffb30ed0000 - 0x00007ffb31014000 	C:\Users\Lenovo\.gradle\native\100fb08df4bc3b14c8652ba06237920a3bd2aa13389f12d3474272988ae205f9\windows-amd64\native-platform-file-events.dll
0x00007ffb625a0000 - 0x00007ffb625a9000 	C:\Program Files\Microsoft\jdk-17.0.8.7-hotspot\bin\management.dll
0x00007ffb61c90000 - 0x00007ffb61c9b000 	C:\Program Files\Microsoft\jdk-17.0.8.7-hotspot\bin\management_ext.dll
0x00007ffb7d6c0000 - 0x00007ffb7d6c8000 	C:\WINDOWS\System32\PSAPI.DLL
0x00007ffb7b020000 - 0x00007ffb7b03b000 	C:\WINDOWS\SYSTEM32\CRYPTSP.dll
0x00007ffb7a8b0000 - 0x00007ffb7a8e5000 	C:\WINDOWS\system32\rsaenh.dll
0x00007ffb7aeb0000 - 0x00007ffb7aed8000 	C:\WINDOWS\SYSTEM32\USERENV.dll
0x00007ffb7b010000 - 0x00007ffb7b01c000 	C:\WINDOWS\SYSTEM32\CRYPTBASE.dll
0x00007ffb7a3d0000 - 0x00007ffb7a3fd000 	C:\WINDOWS\SYSTEM32\IPHLPAPI.DLL
0x00007ffb7dc10000 - 0x00007ffb7dc19000 	C:\WINDOWS\System32\NSI.dll
0x00007ffb77ef0000 - 0x00007ffb77f09000 	C:\WINDOWS\SYSTEM32\dhcpcsvc6.DLL
0x00007ffb77ed0000 - 0x00007ffb77eef000 	C:\WINDOWS\SYSTEM32\dhcpcsvc.DLL
0x00007ffb7a440000 - 0x00007ffb7a542000 	C:\WINDOWS\SYSTEM32\DNSAPI.dll
0x00007ffb607f0000 - 0x00007ffb607fe000 	C:\Program Files\Microsoft\jdk-17.0.8.7-hotspot\bin\sunmscapi.dll
0x00007ffb7c080000 - 0x00007ffb7c1e6000 	C:\WINDOWS\System32\CRYPT32.dll
0x00007ffb7b1d0000 - 0x00007ffb7b1fd000 	C:\WINDOWS\SYSTEM32\ncrypt.dll
0x00007ffb7b190000 - 0x00007ffb7b1c7000 	C:\WINDOWS\SYSTEM32\NTASN1.dll
0x00007ffafaff0000 - 0x00007ffafaff8000 	C:\WINDOWS\system32\wshunix.dll
0x00007ffb49ff0000 - 0x00007ffb4a007000 	C:\WINDOWS\system32\napinsp.dll
0x00007ffb49fd0000 - 0x00007ffb49feb000 	C:\WINDOWS\system32\pnrpnsp.dll
0x00007ffb49fb0000 - 0x00007ffb49fc1000 	C:\WINDOWS\System32\winrnr.dll
0x00007ffb49f90000 - 0x00007ffb49fa5000 	C:\WINDOWS\system32\wshbth.dll
0x00007ffb49f60000 - 0x00007ffb49f87000 	C:\WINDOWS\system32\nlansp_c.dll
0x00007ffb77650000 - 0x00007ffb7765a000 	C:\Windows\System32\rasadhlp.dll
0x00007ffb77770000 - 0x00007ffb777f3000 	C:\WINDOWS\System32\fwpuclnt.dll

dbghelp: loaded successfully - version: 4.0.5 - missing functions: none
symbol engine: initialized successfully - sym options: 0x614 - pdb path: .;C:\Program Files\Microsoft\jdk-17.0.8.7-hotspot\bin;C:\WINDOWS\SYSTEM32;C:\WINDOWS\WinSxS\amd64_microsoft.windows.common-controls_6595b64144ccf1df_6.0.22621.3672_none_2713b9d173822955;C:\Program Files\Microsoft\jdk-17.0.8.7-hotspot\bin\server;C:\Users\Lenovo\.gradle\native\c067742578af261105cb4f569cf0c3c89f3d7b1fecec35dd04571415982c5e48\windows-amd64;C:\Users\Lenovo\.gradle\native\100fb08df4bc3b14c8652ba06237920a3bd2aa13389f12d3474272988ae205f9\windows-amd64

VM Arguments:
jvm_args: -XX:MaxMetaspaceSize=512m --add-opens=java.base/java.util=ALL-UNNAMED --add-opens=java.base/java.lang=ALL-UNNAMED --add-opens=java.base/java.lang.invoke=ALL-UNNAMED --add-opens=java.prefs/java.util.prefs=ALL-UNNAMED --add-opens=java.base/java.nio.charset=ALL-UNNAMED --add-opens=java.base/java.net=ALL-UNNAMED --add-opens=java.base/java.util.concurrent.atomic=ALL-UNNAMED -Xmx2048m -Dfile.encoding=utf8 -Duser.country=IL -Duser.language=he -Duser.variant -javaagent:C:\Users\Lenovo\.gradle\wrapper\dists\gradle-8.8-all\6gdy1pgp427xkqcjbxw3ylt6h\gradle-8.8\lib\agents\gradle-instrumentation-agent-8.8.jar 
java_command: org.gradle.launcher.daemon.bootstrap.GradleDaemon 8.8
java_class_path (initial): C:\Users\Lenovo\.gradle\wrapper\dists\gradle-8.8-all\6gdy1pgp427xkqcjbxw3ylt6h\gradle-8.8\lib\gradle-launcher-8.8.jar
Launcher Type: SUN_STANDARD

[Global flags]
     intx CICompilerCount                          = 4                                         {product} {ergonomic}
   size_t CompressedClassSpaceSize                 = 436207616                                 {product} {ergonomic}
     uint ConcGCThreads                            = 2                                         {product} {ergonomic}
     uint G1ConcRefinementThreads                  = 8                                         {product} {ergonomic}
   size_t G1HeapRegionSize                         = 1048576                                   {product} {ergonomic}
    uintx GCDrainStackTargetSize                   = 64                                        {product} {ergonomic}
   size_t InitialHeapSize                          = 266338304                                 {product} {ergonomic}
   size_t MarkStackSize                            = 4194304                                   {product} {ergonomic}
   size_t MaxHeapSize                              = 2147483648                                {product} {command line}
   size_t MaxMetaspaceSize                         = 536870912                                 {product} {command line}
   size_t MaxNewSize                               = 1287651328                                {product} {ergonomic}
   size_t MinHeapDeltaBytes                        = 1048576                                   {product} {ergonomic}
   size_t MinHeapSize                              = 8388608                                   {product} {ergonomic}
    uintx NonNMethodCodeHeapSize                   = 5839372                                {pd product} {ergonomic}
    uintx NonProfiledCodeHeapSize                  = 122909434                              {pd product} {ergonomic}
    uintx ProfiledCodeHeapSize                     = 122909434                              {pd product} {ergonomic}
    uintx ReservedCodeCacheSize                    = 251658240                              {pd product} {ergonomic}
     bool SegmentedCodeCache                       = true                                      {product} {ergonomic}
   size_t SoftMaxHeapSize                          = 2147483648                             {manageable} {ergonomic}
     bool UseCompressedClassPointers               = true                           {product lp64_product} {ergonomic}
     bool UseCompressedOops                        = true                           {product lp64_product} {ergonomic}
     bool UseG1GC                                  = true                                      {product} {ergonomic}
     bool UseLargePagesIndividualAllocation        = false                                  {pd product} {ergonomic}

Logging:
Log output configuration:
 #0: stdout all=warning uptime,level,tags
 #1: stderr all=off uptime,level,tags

Environment Variables:
JAVA_HOME=C:\Program Files\Microsoft\jdk-17.0.8.7-hotspot\
PATH=C:\Program Files\NVIDIA GPU Computing Toolkit\CUDA\v12.5\bin;C:\Program Files\NVIDIA GPU Computing Toolkit\CUDA\v12.5\libnvvp;C:\Program Files\Microsoft\jdk-17.0.8.7-hotspot\bin;C:\Program Files\Java\jdk-21\bin;C:\Program Files\Common Files\Oracle\Java\javapath;C:\Program Files (x86)\Common Files\Oracle\Java\javapath;C:\Program Files\BellSoft\LibericaJDK-8\bin;C:\WINDOWS\system32;C:\WINDOWS;C:\WINDOWS\System32\Wbem;C:\WINDOWS\System32\WindowsPowerShell\v1.0\;C:\WINDOWS\System32\OpenSSH\;C:\ProgramData\chocolatey\bin;C:\Users\Lenovo\AppData\Local\Android\Sdk\platform-tools;C:\Program Files\dotnet\;C:\Users\Lenovo\AppData\Local\Android\Sdk\platform-tools;C:\Program Files\NVIDIA Corporation\Nsight Compute 2024.2.0\;C:\Program Files (x86)\NVIDIA Corporation\PhysX\Common;%NVM_HOME%;%NVM_SYMLINK%;C:\Program Files\Git\cmd;C:\Users\Lenovo\scoop\shims;C:\Users\Lenovo\AppData\Local\Programs\Python\Python312\Scripts\;C:\Users\Lenovo\AppData\Local\Programs\Python\Python312\;C:\Users\Lenovo\AppData\Local\Microsoft\WindowsApps;C:\Users\Lenovo\AppData\Local\GitHubDesktop\bin;C:\Program Files\heroku\bin;C:\Users\Lenovo\AppData\Local\Programs\Microsoft VS Code\bin;C:\Users\Lenovo\AppData\Roaming\npm;C:\Users\Lenovo\AppData\Roaming\nvm;C:\Program Files\nodejs;C:\Users\Lenovo\Desktop\flutter\bin
USERNAME=Lenovo
OS=Windows_NT
PROCESSOR_IDENTIFIER=Intel64 Family 6 Model 140 Stepping 1, GenuineIntel
TMP=C:\Users\Lenovo\AppData\Local\Temp
TEMP=C:\Users\Lenovo\AppData\Local\Temp



---------------  S Y S T E M  ---------------

OS:
 Windows 11 , 64 bit Build 22621 (10.0.22621.3958)
OS uptime: 3 days 19:59 hours

CPU: total 8 (initial active 8) (4 cores per cpu, 2 threads per core) family 6 model 140 stepping 1 microcode 0xa4, cx8, cmov, fxsr, ht, mmx, 3dnowpref, sse, sse2, sse3, ssse3, sse4.1, sse4.2, popcnt, lzcnt, tsc, tscinvbit, avx, avx2, aes, erms, clmul, bmi1, bmi2, adx, avx512f, avx512dq, avx512cd, avx512bw, avx512vl, sha, fma, vzeroupper, avx512_vpopcntdq, avx512_vpclmulqdq, avx512_vaes, avx512_vnni, clflush, clflushopt, clwb, avx512_vbmi2, avx512_vbmi
Processor Information for all 8 processors :
  Max Mhz: 2803, Current Mhz: 2803, Mhz Limit: 2803

Memory: 4k page, system-wide physical 16167M (2585M free)
TotalPageFile size 23079M (AvailPageFile size 5363M)
current process WorkingSet (physical memory assigned to process): 391M, peak: 408M
current process commit charge ("private bytes"): 461M, peak: 477M

vm_info: OpenJDK 64-Bit Server VM (17.0.8+7-LTS) for windows-amd64 JRE (17.0.8+7-LTS), built on Jul  7 2023 17:21:55 by "MicrosoftCorporation" with MS VC++ 16.10 / 16.11 (VS2019)

END.
