#
# A fatal error has been detected by the Java Runtime Environment:
#
#  EXCEPTION_ACCESS_VIOLATION (0xc0000005) at pc=0x00007ffadb42e0a9, pid=58432, tid=46332
#
# JRE version: OpenJDK Runtime Environment Microsoft-8035246 (17.0.8+7) (build 17.0.8+7-LTS)
# Java VM: OpenJDK 64-Bit Server VM Microsoft-8035246 (17.0.8+7-LTS, mixed mode, sharing, tiered, compressed oops, compressed class ptrs, g1 gc, windows-amd64)
# Problematic frame:
# V  [jvm.dll+0x2be0a9]
#
# No core dump will be written. Minidumps are not enabled by default on client versions of Windows
#
# If you would like to submit a bug report, please visit:
#   https://github.com/microsoft/openjdk/issues
#

---------------  S U M M A R Y ------------

Command Line: -XX:MaxMetaspaceSize=512m --add-opens=java.base/java.util=ALL-UNNAMED --add-opens=java.base/java.lang=ALL-UNNAMED --add-opens=java.base/java.lang.invoke=ALL-UNNAMED --add-opens=java.prefs/java.util.prefs=ALL-UNNAMED --add-opens=java.base/java.nio.charset=ALL-UNNAMED --add-opens=java.base/java.net=ALL-UNNAMED --add-opens=java.base/java.util.concurrent.atomic=ALL-UNNAMED -Xmx2048m -Dfile.encoding=UTF-8 -Duser.country=IL -Duser.language=he -Duser.variant -javaagent:C:\Users\Lenovo\.gradle\wrapper\dists\gradle-8.8-all\6gdy1pgp427xkqcjbxw3ylt6h\gradle-8.8\lib\agents\gradle-instrumentation-agent-8.8.jar org.gradle.launcher.daemon.bootstrap.GradleDaemon 8.8

Host: 11th Gen Intel(R) Core(TM) i7-1165G7 @ 2.80GHz, 8 cores, 15G,  Windows 11 , 64 bit Build 22621 (10.0.22621.3958)
Time: Wed Oct 23 13:51:28 2024  Windows 11 , 64 bit Build 22621 (10.0.22621.3958) elapsed time: 29.006388 seconds (0d 0h 0m 29s)

---------------  T H R E A D  ---------------

Current thread (0x000001f0b6663020):  JavaThread "C2 CompilerThread1" daemon [_thread_in_native, id=46332, stack(0x000000cb68300000,0x000000cb68400000)]


Current CompileTask:
C2:  29006 10816   !   4       java.util.concurrent.FutureTask::run (123 bytes)

Stack: [0x000000cb68300000,0x000000cb68400000],  sp=0x000000cb683fb530,  free space=1005k
Native frames: (J=compiled Java code, j=interpreted, Vv=VM code, C=native code)
V  [jvm.dll+0x2be0a9]
V  [jvm.dll+0x21ba8b]
V  [jvm.dll+0x21944b]
V  [jvm.dll+0x1a56b6]
V  [jvm.dll+0x2291ea]
V  [jvm.dll+0x22724c]
V  [jvm.dll+0x7efd0c]
V  [jvm.dll+0x7ea13a]
V  [jvm.dll+0x67ad85]
C  [ucrtbase.dll+0x29333]
C  [KERNEL32.DLL+0x1257d]
C  [ntdll.dll+0x5af08]


siginfo: EXCEPTION_ACCESS_VIOLATION (0xc0000005), reading address 0x0000000000000028


Register to memory mapping:

RIP=0x00007ffadb42e0a9 jvm.dll
RAX=0x000001f0b31ad050 points into unknown readable memory: 0x0000000000000000 | 00 00 00 00 00 00 00 00
RBX=0x0000000000001afa is an unknown value
RCX=0x0 is NULL
RDX=0x0 is NULL
RSP=0x000000cb683fb530 is pointing into the stack for thread: 0x000001f0b6663020
RBP=0x000000cb683fb5a0 is pointing into the stack for thread: 0x000001f0b6663020
RSI=0x0 is NULL
RDI=0x0000000000000048 is an unknown value
R8 =0x000000000000ffe0 is an unknown value
R9 =0x0 is NULL
R10=0x00007ffb62570000 VCRUNTIME140.dll
R11=0x000001f0b31ad070 points into unknown readable memory: 0x0000000000000000 | 00 00 00 00 00 00 00 00
R12=0x0000000000000050 is an unknown value
R13=0x0 is NULL
R14=0x0 is NULL
R15=0x000000cb683fe750 is pointing into the stack for thread: 0x000001f0b6663020


Registers:
RAX=0x000001f0b31ad050, RBX=0x0000000000001afa, RCX=0x0000000000000000, RDX=0x0000000000000000
RSP=0x000000cb683fb530, RBP=0x000000cb683fb5a0, RSI=0x0000000000000000, RDI=0x0000000000000048
R8 =0x000000000000ffe0, R9 =0x0000000000000000, R10=0x00007ffb62570000, R11=0x000001f0b31ad070
R12=0x0000000000000050, R13=0x0000000000000000, R14=0x0000000000000000, R15=0x000000cb683fe750
RIP=0x00007ffadb42e0a9, EFLAGS=0x0000000000010202

Top of Stack: (sp=0x000000cb683fb530)
0x000000cb683fb530:   0000000000001afa 0000000000000000
0x000000cb683fb540:   000000cb683fe750 00007ffadb3938d1
0x000000cb683fb550:   000001f0b2b54af0 00007ffa00002000
0x000000cb683fb560:   000001f0b31ad050 000001f000000000
0x000000cb683fb570:   000001f000000002 000001f0b54d0b20
0x000000cb683fb580:   0000000000000002 000001f0b2b54af0
0x000000cb683fb590:   0000000000000000 0000000000000000
0x000000cb683fb5a0:   000001f0b3356d30 000001f0f31f1250
0x000000cb683fb5b0:   0000000000000048 00007ffadbab4c08
0x000000cb683fb5c0:   000000cb683fb6d0 00007ffadb38ba8b
0x000000cb683fb5d0:   000000cb683fe750 00007ffadbab4c08
0x000000cb683fb5e0:   000000cb683fe750 000000cb683fb6d0
0x000000cb683fb5f0:   0000000000000000 0000000000000000
0x000000cb683fb600:   000000cb0000000f 000000cb683fe750
0x000000cb683fb610:   000000cb683fb780 0000000000000000
0x000000cb683fb620:   0000000000000100 00007ffadbab4c08 

Instructions: (pc=0x00007ffadb42e0a9)
0x00007ffadb42dfa9:   3b d0 75 0b ff c1 41 3b c9 7c dc 48 8b c2 c3 33
0x00007ffadb42dfb9:   c0 c3 cc cc cc cc cc 48 89 5c 24 18 55 56 57 41
0x00007ffadb42dfc9:   55 41 57 48 8b ec 48 83 ec 70 65 48 8b 04 25 58
0x00007ffadb42dfd9:   00 00 00 48 8b f2 44 8b 05 d2 8b 90 00 4c 8b f9
0x00007ffadb42dfe9:   4a 8b 1c c0 b8 50 00 00 00 80 3c 18 00 75 05 e8
0x00007ffadb42dff9:   8b 6f 5d 00 b8 20 00 00 00 48 8b 04 18 48 8b 98
0x00007ffadb42e009:   38 02 00 00 48 89 5d b0 c7 45 b8 04 00 00 00 48
0x00007ffadb42e019:   8b 43 18 48 83 f8 df 76 18 4c 8d 05 37 a9 65 00
0x00007ffadb42e029:   ba 20 00 00 00 48 8b cb e8 5a eb de ff 48 8b 43
0x00007ffadb42e039:   18 48 8d 48 20 48 3b 4b 20 76 11 45 33 c0 48 8b
0x00007ffadb42e049:   cb 41 8d 50 20 e8 fd e8 de ff eb 04 48 89 4b 18
0x00007ffadb42e059:   44 8b 45 b8 33 d2 49 c1 e0 03 48 8b c8 48 89 45
0x00007ffadb42e069:   c0 e8 e3 80 5d 00 45 33 ed 48 8d 4d d0 44 89 6d
0x00007ffadb42e079:   c8 e8 01 59 56 00 41 8b 9f 40 02 00 00 41 2b 9f
0x00007ffadb42e089:   68 02 00 00 44 89 6d f0 3b 5d b8 72 0b 8b d3 48
0x00007ffadb42e099:   8d 4d b0 e8 6f b3 39 00 48 8b 45 c0 4c 89 2c d8
0x00007ffadb42e0a9:   8b 7e 28 8b df c1 eb 05 3b 5d d0 72 0b 8b d3 48
0x00007ffadb42e0b9:   8d 4d d0 e8 1f 59 56 00 48 8b 45 d8 83 e7 1f 48
0x00007ffadb42e0c9:   8d 14 98 40 0f b6 cf 41 b8 01 00 00 00 41 d3 e0
0x00007ffadb42e0d9:   8b 0a 8b c1 41 0b c0 89 02 41 85 c8 75 21 8b 5d
0x00007ffadb42e0e9:   c8 8d 43 01 89 45 c8 3b 5d b8 72 0b 8b d3 48 8d
0x00007ffadb42e0f9:   4d b0 e8 10 b3 39 00 48 8b 45 c0 48 89 34 d8 44
0x00007ffadb42e109:   39 6d c8 0f 86 77 01 00 00 4c 89 a4 24 a0 00 00
0x00007ffadb42e119:   00 4c 89 b4 24 a8 00 00 00 48 8b 45 c0 41 8b cd
0x00007ffadb42e129:   48 8b 34 c8 8b 46 2c 25 ff 1f 00 00 3d 04 10 00
0x00007ffadb42e139:   00 0f 85 a7 00 00 00 bb 01 00 00 00 39 5e 18 76
0x00007ffadb42e149:   39 66 0f 1f 44 00 00 48 8b 46 08 8b cb 48 8b 14
0x00007ffadb42e159:   c8 48 85 d2 74 1d 48 83 7a 10 00 74 16 80 7a 2c
0x00007ffadb42e169:   84 74 10 e8 7f 7e ee ff 48 8b d0 49 8b cf e8 a4
0x00007ffadb42e179:   61 f6 ff ff c3 3b 5e 18 72 cd 48 8b 5e 10 8b 46
0x00007ffadb42e189:   20 4c 8d 34 c3 49 3b de 73 54 48 8b 3b 8b 47 2c
0x00007ffadb42e199:   83 e0 03 3c 03 75 2e 48 8b 07 48 8b cf ff 90 88 


Stack slot to memory mapping:
stack at sp + 0 slots: 0x0000000000001afa is an unknown value
stack at sp + 1 slots: 0x0 is NULL
stack at sp + 2 slots: 0x000000cb683fe750 is pointing into the stack for thread: 0x000001f0b6663020
stack at sp + 3 slots: 0x00007ffadb3938d1 jvm.dll
stack at sp + 4 slots: 0x000001f0b2b54af0 points into unknown readable memory: 0x00007ffa00000006 | 06 00 00 00 fa 7f 00 00
stack at sp + 5 slots: 0x00007ffa00002000 is an unknown value
stack at sp + 6 slots: 0x000001f0b31ad050 points into unknown readable memory: 0x0000000000000000 | 00 00 00 00 00 00 00 00
stack at sp + 7 slots: 0x000001f000000000 is an unknown value


---------------  P R O C E S S  ---------------

Threads class SMR info:
_java_thread_list=0x000001f0b5fc5ca0, length=140, elements={
0x000001f0f31d80b0, 0x000001f0914d2520, 0x000001f0914d2ef0, 0x000001f0914e2760,
0x000001f0914e3130, 0x000001f0914e4a10, 0x000001f0914ea4d0, 0x000001f0914f73e0,
0x000001f0914fcd20, 0x000001f0914e9ab0, 0x000001f0914e9fc0, 0x000001f0914e7740,
0x000001f0914ea9e0, 0x000001f0914e8b80, 0x000001f0914e7c50, 0x000001f0914e8160,
0x000001f0914e8670, 0x000001f0914eaef0, 0x000001f0914e9090, 0x000001f0914e95a0,
0x000001f0b2934dd0, 0x000001f0b29357f0, 0x000001f0b2936210, 0x000001f0b2935d00,
0x000001f0b29352e0, 0x000001f0b2930c00, 0x000001f0b292eda0, 0x000001f0b2936720,
0x000001f0b292f2b0, 0x000001f0b2931110, 0x000001f0b2931b30, 0x000001f0b292f7c0,
0x000001f0b292fcd0, 0x000001f0b2931620, 0x000001f0b29348c0, 0x000001f0b2933990,
0x000001f0b2932040, 0x000001f0b2932550, 0x000001f0b2932a60, 0x000001f0b2932f70,
0x000001f0b5d50f90, 0x000001f0b5d56fc0, 0x000001f0b5d56090, 0x000001f0b5d565a0,
0x000001f0b5d55b80, 0x000001f0b5d54230, 0x000001f0b5d50570, 0x000001f0b5d53d20,
0x000001f0b5d51ec0, 0x000001f0b5d56ab0, 0x000001f0b5d528e0, 0x000001f0b5d53300,
0x000001f0b5d514a0, 0x000001f0b5d574d0, 0x000001f0b5d52df0, 0x000001f0b5d50060,
0x000001f0b5d54740, 0x000001f0b5d523d0, 0x000001f0b5d579e0, 0x000001f0b5d50a80,
0x000001f0b5d53810, 0x000001f0b5d519b0, 0x000001f0b5d54c50, 0x000001f0b5d55670,
0x000001f0b655b520, 0x000001f0b655a5f0, 0x000001f0b655b010, 0x000001f0b655c450,
0x000001f0b655ce70, 0x000001f0b655ba30, 0x000001f0b655a0e0, 0x000001f0b655bf40,
0x000001f0b655c960, 0x000001f0b6663020, 0x000001f0b655ab00, 0x000001f0b65596c0,
0x000001f0b6559bd0, 0x000001f0b5deab00, 0x000001f0b5ded380, 0x000001f0b5de8790,
0x000001f0b5de9bd0, 0x000001f0b5de7860, 0x000001f0b5deb010, 0x000001f0b5dea0e0,
0x000001f0b5dea5f0, 0x000001f0b5de7d70, 0x000001f0b5de7350, 0x000001f0b5dedda0,
0x000001f0b5dece70, 0x000001f0b5de8280, 0x000001f0b5deb520, 0x000001f0b5deba30,
0x000001f0b5de6e40, 0x000001f0b5de8ca0, 0x000001f0b5de6930, 0x000001f0b5ded890,
0x000001f0b5de91b0, 0x000001f0b5dee2b0, 0x000001f0b5debf40, 0x000001f0b5de96c0,
0x000001f0b5dec450, 0x000001f0b5dec960, 0x000001f0b5b304a0, 0x000001f0b5b364d0,
0x000001f0b5b31df0, 0x000001f0b5b2f060, 0x000001f0b5b318e0, 0x000001f0b5b32300,
0x000001f0b5b2ff90, 0x000001f0b5b35fc0, 0x000001f0b5b32810, 0x000001f0b5b369e0,
0x000001f0b5b33230, 0x000001f0b5b33740, 0x000001f0b5b2fa80, 0x000001f0b5b32d20,
0x000001f0b5b34670, 0x000001f0b5b355a0, 0x000001f0b5b33c50, 0x000001f0b5b2f570,
0x000001f0b5b309b0, 0x000001f0b5b34160, 0x000001f0b5b34b80, 0x000001f0b5b313d0,
0x000001f0b5b35090, 0x000001f0b5b35ab0, 0x000001f0b5b30ec0, 0x000001f0b5d6c3e0,
0x000001f0b5d668c0, 0x000001f0b5d6dd30, 0x000001f0b5d67d00, 0x000001f0b5d69b60,
0x000001f0b5d6b9c0, 0x000001f0b5d68210, 0x000001f0b5d6aa90, 0x000001f0b5d672e0,
0x000001f0b5d6d310, 0x000001f0b5d6d820, 0x000001f0b5d6e240, 0x000001f0b5d6afa0
}

Java Threads: ( => current thread )
  0x000001f0f31d80b0 JavaThread "main" [_thread_blocked, id=44744, stack(0x000000cb63500000,0x000000cb63600000)]
  0x000001f0914d2520 JavaThread "Reference Handler" daemon [_thread_blocked, id=1976, stack(0x000000cb63c00000,0x000000cb63d00000)]
  0x000001f0914d2ef0 JavaThread "Finalizer" daemon [_thread_blocked, id=53596, stack(0x000000cb63d00000,0x000000cb63e00000)]
  0x000001f0914e2760 JavaThread "Signal Dispatcher" daemon [_thread_blocked, id=54660, stack(0x000000cb63e00000,0x000000cb63f00000)]
  0x000001f0914e3130 JavaThread "Attach Listener" daemon [_thread_blocked, id=26000, stack(0x000000cb63f00000,0x000000cb64000000)]
  0x000001f0914e4a10 JavaThread "Service Thread" daemon [_thread_blocked, id=23248, stack(0x000000cb64000000,0x000000cb64100000)]
  0x000001f0914ea4d0 JavaThread "Monitor Deflation Thread" daemon [_thread_blocked, id=57132, stack(0x000000cb64100000,0x000000cb64200000)]
  0x000001f0914f73e0 JavaThread "C2 CompilerThread0" daemon [_thread_in_native, id=46876, stack(0x000000cb64200000,0x000000cb64300000)]
  0x000001f0914fcd20 JavaThread "C1 CompilerThread0" daemon [_thread_blocked, id=51688, stack(0x000000cb64300000,0x000000cb64400000)]
  0x000001f0914e9ab0 JavaThread "Sweeper thread" daemon [_thread_blocked, id=56792, stack(0x000000cb64400000,0x000000cb64500000)]
  0x000001f0914e9fc0 JavaThread "Common-Cleaner" daemon [_thread_blocked, id=44192, stack(0x000000cb64500000,0x000000cb64600000)]
  0x000001f0914e7740 JavaThread "Notification Thread" daemon [_thread_blocked, id=50564, stack(0x000000cb64600000,0x000000cb64700000)]
  0x000001f0914ea9e0 JavaThread "Daemon health stats" [_thread_blocked, id=49212, stack(0x000000cb64900000,0x000000cb64a00000)]
  0x000001f0914e8b80 JavaThread "Incoming local TCP Connector on port 52945" [_thread_in_native, id=57984, stack(0x000000cb64f00000,0x000000cb65000000)]
  0x000001f0914e7c50 JavaThread "Daemon periodic checks" [_thread_blocked, id=12384, stack(0x000000cb65000000,0x000000cb65100000)]
  0x000001f0914e8160 JavaThread "Daemon" [_thread_blocked, id=52988, stack(0x000000cb65100000,0x000000cb65200000)]
  0x000001f0914e8670 JavaThread "Handler for socket connection from /127.0.0.1:52945 to /127.0.0.1:52947" [_thread_in_native, id=53660, stack(0x000000cb65200000,0x000000cb65300000)]
  0x000001f0914eaef0 JavaThread "Cancel handler" [_thread_blocked, id=36896, stack(0x000000cb65300000,0x000000cb65400000)]
  0x000001f0914e9090 JavaThread "Daemon worker" [_thread_in_Java, id=38716, stack(0x000000cb65400000,0x000000cb65500000)]
  0x000001f0914e95a0 JavaThread "Asynchronous log dispatcher for DefaultDaemonConnection: socket connection from /127.0.0.1:52945 to /127.0.0.1:52947" [_thread_blocked, id=57256, stack(0x000000cb65500000,0x000000cb65600000)]
  0x000001f0b2934dd0 JavaThread "Stdin handler" [_thread_blocked, id=32584, stack(0x000000cb65600000,0x000000cb65700000)]
  0x000001f0b29357f0 JavaThread "Daemon client event forwarder" [_thread_blocked, id=49904, stack(0x000000cb65700000,0x000000cb65800000)]
  0x000001f0b2936210 JavaThread "Cache worker for journal cache (C:\Users\Lenovo\.gradle\caches\journal-1)" [_thread_blocked, id=18592, stack(0x000000cb65800000,0x000000cb65900000)]
  0x000001f0b2935d00 JavaThread "File lock request listener" [_thread_in_native, id=11500, stack(0x000000cb65900000,0x000000cb65a00000)]
  0x000001f0b29352e0 JavaThread "Cache worker for file hash cache (C:\Users\Lenovo\.gradle\caches\8.8\fileHashes)" [_thread_blocked, id=52892, stack(0x000000cb65a00000,0x000000cb65b00000)]
  0x000001f0b2930c00 JavaThread "Cache worker for file hash cache (C:\Users\Lenovo\Desktop\TicketBooking\android\.gradle\8.8\fileHashes)" [_thread_blocked, id=11732, stack(0x000000cb65e00000,0x000000cb65f00000)]
  0x000001f0b292eda0 JavaThread "File watcher server" daemon [_thread_in_native, id=61480, stack(0x000000cb65f00000,0x000000cb66000000)]
  0x000001f0b2936720 JavaThread "File watcher consumer" daemon [_thread_blocked, id=28196, stack(0x000000cb66000000,0x000000cb66100000)]
  0x000001f0b292f2b0 JavaThread "Cache worker for checksums cache (C:\Users\Lenovo\Desktop\TicketBooking\android\.gradle\8.8\checksums)" [_thread_blocked, id=28080, stack(0x000000cb65d00000,0x000000cb65e00000)]
  0x000001f0b2931110 JavaThread "Cache worker for file content cache (C:\Users\Lenovo\.gradle\caches\8.8\fileContent)" [_thread_blocked, id=56692, stack(0x000000cb66200000,0x000000cb66300000)]
  0x000001f0b2931b30 JavaThread "Cache worker for cache directory md-rule (C:\Users\Lenovo\.gradle\caches\8.8\md-rule)" [_thread_blocked, id=57972, stack(0x000000cb66300000,0x000000cb66400000)]
  0x000001f0b292f7c0 JavaThread "Cache worker for cache directory md-supplier (C:\Users\Lenovo\.gradle\caches\8.8\md-supplier)" [_thread_blocked, id=61376, stack(0x000000cb66400000,0x000000cb66500000)]
  0x000001f0b292fcd0 JavaThread "jar transforms" [_thread_blocked, id=60324, stack(0x000000cb66700000,0x000000cb66800000)]
  0x000001f0b2931620 JavaThread "Unconstrained build operations" [_thread_blocked, id=58436, stack(0x000000cb66600000,0x000000cb66700000)]
  0x000001f0b29348c0 JavaThread "Unconstrained build operations Thread 2" [_thread_blocked, id=63616, stack(0x000000cb66800000,0x000000cb66900000)]
  0x000001f0b2933990 JavaThread "Unconstrained build operations Thread 3" [_thread_blocked, id=47612, stack(0x000000cb66900000,0x000000cb66a00000)]
  0x000001f0b2932040 JavaThread "Unconstrained build operations Thread 4" [_thread_blocked, id=58296, stack(0x000000cb66a00000,0x000000cb66b00000)]
  0x000001f0b2932550 JavaThread "Unconstrained build operations Thread 5" [_thread_blocked, id=61924, stack(0x000000cb66b00000,0x000000cb66c00000)]
  0x000001f0b2932a60 JavaThread "Unconstrained build operations Thread 6" [_thread_blocked, id=56640, stack(0x000000cb66c00000,0x000000cb66d00000)]
  0x000001f0b2932f70 JavaThread "Cache worker for Build Output Cleanup Cache (C:\Users\Lenovo\Desktop\TicketBooking\node_modules\@react-native\gradle-plugin\.gradle\buildOutputCleanup)" [_thread_blocked, id=60040, stack(0x000000cb66d00000,0x000000cb66e00000)]
  0x000001f0b5d50f90 JavaThread "Unconstrained build operations Thread 7" [_thread_blocked, id=60136, stack(0x000000cb66e00000,0x000000cb66f00000)]
  0x000001f0b5d56fc0 JavaThread "Unconstrained build operations Thread 8" [_thread_blocked, id=44648, stack(0x000000cb66f00000,0x000000cb67000000)]
  0x000001f0b5d56090 JavaThread "Unconstrained build operations Thread 9" [_thread_blocked, id=62776, stack(0x000000cb67000000,0x000000cb67100000)]
  0x000001f0b5d565a0 JavaThread "Unconstrained build operations Thread 10" [_thread_blocked, id=44952, stack(0x000000cb67100000,0x000000cb67200000)]
  0x000001f0b5d55b80 JavaThread "Unconstrained build operations Thread 11" [_thread_blocked, id=2820, stack(0x000000cb67200000,0x000000cb67300000)]
  0x000001f0b5d54230 JavaThread "Unconstrained build operations Thread 12" [_thread_blocked, id=52064, stack(0x000000cb67300000,0x000000cb67400000)]
  0x000001f0b5d50570 JavaThread "Unconstrained build operations Thread 13" [_thread_blocked, id=33476, stack(0x000000cb67400000,0x000000cb67500000)]
  0x000001f0b5d53d20 JavaThread "Unconstrained build operations Thread 14" [_thread_blocked, id=51740, stack(0x000000cb67500000,0x000000cb67600000)]
  0x000001f0b5d51ec0 JavaThread "Unconstrained build operations Thread 15" [_thread_blocked, id=33268, stack(0x000000cb67600000,0x000000cb67700000)]
  0x000001f0b5d56ab0 JavaThread "Unconstrained build operations Thread 16" [_thread_blocked, id=60728, stack(0x000000cb67700000,0x000000cb67800000)]
  0x000001f0b5d528e0 JavaThread "Unconstrained build operations Thread 17" [_thread_blocked, id=40964, stack(0x000000cb67800000,0x000000cb67900000)]
  0x000001f0b5d53300 JavaThread "Unconstrained build operations Thread 18" [_thread_blocked, id=11100, stack(0x000000cb67900000,0x000000cb67a00000)]
  0x000001f0b5d514a0 JavaThread "Unconstrained build operations Thread 19" [_thread_blocked, id=39888, stack(0x000000cb67a00000,0x000000cb67b00000)]
  0x000001f0b5d574d0 JavaThread "Unconstrained build operations Thread 20" [_thread_blocked, id=43896, stack(0x000000cb67b00000,0x000000cb67c00000)]
  0x000001f0b5d52df0 JavaThread "Unconstrained build operations Thread 21" [_thread_blocked, id=59436, stack(0x000000cb67c00000,0x000000cb67d00000)]
  0x000001f0b5d50060 JavaThread "Unconstrained build operations Thread 22" [_thread_blocked, id=45736, stack(0x000000cb67d00000,0x000000cb67e00000)]
  0x000001f0b5d54740 JavaThread "Unconstrained build operations Thread 23" [_thread_blocked, id=8092, stack(0x000000cb67e00000,0x000000cb67f00000)]
  0x000001f0b5d523d0 JavaThread "Unconstrained build operations Thread 24" [_thread_blocked, id=53728, stack(0x000000cb67f00000,0x000000cb68000000)]
  0x000001f0b5d579e0 JavaThread "Unconstrained build operations Thread 25" [_thread_blocked, id=50872, stack(0x000000cb68000000,0x000000cb68100000)]
  0x000001f0b5d50a80 JavaThread "Unconstrained build operations Thread 26" [_thread_blocked, id=62596, stack(0x000000cb68100000,0x000000cb68200000)]
  0x000001f0b5d53810 JavaThread "Unconstrained build operations Thread 27" [_thread_blocked, id=55008, stack(0x000000cb68200000,0x000000cb68300000)]
  0x000001f0b5d519b0 JavaThread "Memory manager" [_thread_blocked, id=51480, stack(0x000000cb64800000,0x000000cb64900000)]
  0x000001f0b5d54c50 JavaThread "build event listener" [_thread_blocked, id=61560, stack(0x000000cb68400000,0x000000cb68500000)]
  0x000001f0b5d55670 JavaThread "ForkJoinPool.commonPool-worker-1" daemon [_thread_blocked, id=36044, stack(0x000000cb68600000,0x000000cb68700000)]
  0x000001f0b655b520 JavaThread "ForkJoinPool.commonPool-worker-2" daemon [_thread_blocked, id=27880, stack(0x000000cb68700000,0x000000cb68800000)]
  0x000001f0b655a5f0 JavaThread "ForkJoinPool.commonPool-worker-3" daemon [_thread_blocked, id=49480, stack(0x000000cb68800000,0x000000cb68900000)]
  0x000001f0b655b010 JavaThread "ForkJoinPool.commonPool-worker-4" daemon [_thread_blocked, id=63036, stack(0x000000cb68900000,0x000000cb68a00000)]
  0x000001f0b655c450 JavaThread "ForkJoinPool.commonPool-worker-5" daemon [_thread_blocked, id=48396, stack(0x000000cb68a00000,0x000000cb68b00000)]
  0x000001f0b655ce70 JavaThread "ForkJoinPool.commonPool-worker-6" daemon [_thread_blocked, id=57608, stack(0x000000cb68b00000,0x000000cb68c00000)]
  0x000001f0b655ba30 JavaThread "ForkJoinPool.commonPool-worker-7" daemon [_thread_blocked, id=5020, stack(0x000000cb68c00000,0x000000cb68d00000)]
  0x000001f0b655a0e0 JavaThread "Exec process" daemon [_thread_blocked, id=37624, stack(0x000000cb68d00000,0x000000cb68e00000)]
  0x000001f0b655bf40 JavaThread "Exec process Thread 2" daemon [_thread_blocked, id=43788, stack(0x000000cb68e00000,0x000000cb68f00000)]
  0x000001f0b655c960 JavaThread "Exec process Thread 3" daemon [_thread_blocked, id=62772, stack(0x000000cb68f00000,0x000000cb69000000)]
=>0x000001f0b6663020 JavaThread "C2 CompilerThread1" daemon [_thread_in_native, id=46332, stack(0x000000cb68300000,0x000000cb68400000)]
  0x000001f0b655ab00 JavaThread "included builds" [_thread_blocked, id=63532, stack(0x000000cb68500000,0x000000cb68600000)]
  0x000001f0b65596c0 JavaThread "Execution worker" [_thread_blocked, id=62284, stack(0x000000cb69000000,0x000000cb69100000)]
  0x000001f0b6559bd0 JavaThread "Execution worker Thread 2" [_thread_blocked, id=62940, stack(0x000000cb69100000,0x000000cb69200000)]
  0x000001f0b5deab00 JavaThread "Execution worker Thread 3" [_thread_blocked, id=18984, stack(0x000000cb69200000,0x000000cb69300000)]
  0x000001f0b5ded380 JavaThread "Execution worker Thread 4" [_thread_blocked, id=13368, stack(0x000000cb69300000,0x000000cb69400000)]
  0x000001f0b5de8790 JavaThread "Execution worker Thread 5" [_thread_blocked, id=58184, stack(0x000000cb69400000,0x000000cb69500000)]
  0x000001f0b5de9bd0 JavaThread "Execution worker Thread 6" [_thread_blocked, id=60188, stack(0x000000cb69500000,0x000000cb69600000)]
  0x000001f0b5de7860 JavaThread "Execution worker Thread 7" [_thread_blocked, id=59408, stack(0x000000cb69600000,0x000000cb69700000)]
  0x000001f0b5deb010 JavaThread "Cache worker for execution history cache (C:\Users\Lenovo\Desktop\TicketBooking\node_modules\@react-native\gradle-plugin\.gradle\8.8\executionHistory)" [_thread_blocked, id=64500, stack(0x000000cb69700000,0x000000cb69800000)]
  0x000001f0b5dea0e0 JavaThread "Unconstrained build operations Thread 28" [_thread_blocked, id=46560, stack(0x000000cb69800000,0x000000cb69900000)]
  0x000001f0b5dea5f0 JavaThread "Unconstrained build operations Thread 29" [_thread_blocked, id=24148, stack(0x000000cb69900000,0x000000cb69a00000)]
  0x000001f0b5de7d70 JavaThread "Unconstrained build operations Thread 30" [_thread_blocked, id=54604, stack(0x000000cb69a00000,0x000000cb69b00000)]
  0x000001f0b5de7350 JavaThread "Unconstrained build operations Thread 31" [_thread_blocked, id=42348, stack(0x000000cb69b00000,0x000000cb69c00000)]
  0x000001f0b5dedda0 JavaThread "Unconstrained build operations Thread 32" [_thread_blocked, id=50484, stack(0x000000cb69c00000,0x000000cb69d00000)]
  0x000001f0b5dece70 JavaThread "Unconstrained build operations Thread 33" [_thread_blocked, id=23696, stack(0x000000cb69d00000,0x000000cb69e00000)]
  0x000001f0b5de8280 JavaThread "Unconstrained build operations Thread 34" [_thread_blocked, id=49736, stack(0x000000cb69e00000,0x000000cb69f00000)]
  0x000001f0b5deb520 JavaThread "Unconstrained build operations Thread 35" [_thread_blocked, id=59916, stack(0x000000cb69f00000,0x000000cb6a000000)]
  0x000001f0b5deba30 JavaThread "Unconstrained build operations Thread 36" [_thread_blocked, id=64468, stack(0x000000cb6a000000,0x000000cb6a100000)]
  0x000001f0b5de6e40 JavaThread "Unconstrained build operations Thread 37" [_thread_blocked, id=30676, stack(0x000000cb6a100000,0x000000cb6a200000)]
  0x000001f0b5de8ca0 JavaThread "Unconstrained build operations Thread 38" [_thread_blocked, id=58868, stack(0x000000cb6a200000,0x000000cb6a300000)]
  0x000001f0b5de6930 JavaThread "Unconstrained build operations Thread 39" [_thread_blocked, id=48192, stack(0x000000cb6a300000,0x000000cb6a400000)]
  0x000001f0b5ded890 JavaThread "Unconstrained build operations Thread 40" [_thread_blocked, id=40988, stack(0x000000cb6a400000,0x000000cb6a500000)]
  0x000001f0b5de91b0 JavaThread "Unconstrained build operations Thread 41" [_thread_blocked, id=63624, stack(0x000000cb6a500000,0x000000cb6a600000)]
  0x000001f0b5dee2b0 JavaThread "Unconstrained build operations Thread 42" [_thread_blocked, id=51640, stack(0x000000cb6a600000,0x000000cb6a700000)]
  0x000001f0b5debf40 JavaThread "Unconstrained build operations Thread 43" [_thread_blocked, id=57720, stack(0x000000cb6a700000,0x000000cb6a800000)]
  0x000001f0b5de96c0 JavaThread "Unconstrained build operations Thread 44" [_thread_blocked, id=44360, stack(0x000000cb6a800000,0x000000cb6a900000)]
  0x000001f0b5dec450 JavaThread "Unconstrained build operations Thread 45" [_thread_blocked, id=33468, stack(0x000000cb6a900000,0x000000cb6aa00000)]
  0x000001f0b5dec960 JavaThread "Unconstrained build operations Thread 46" [_thread_blocked, id=55280, stack(0x000000cb6aa00000,0x000000cb6ab00000)]
  0x000001f0b5b304a0 JavaThread "Unconstrained build operations Thread 47" [_thread_blocked, id=4472, stack(0x000000cb6ab00000,0x000000cb6ac00000)]
  0x000001f0b5b364d0 JavaThread "Unconstrained build operations Thread 48" [_thread_blocked, id=42788, stack(0x000000cb6ac00000,0x000000cb6ad00000)]
  0x000001f0b5b31df0 JavaThread "Unconstrained build operations Thread 49" [_thread_blocked, id=22676, stack(0x000000cb6ad00000,0x000000cb6ae00000)]
  0x000001f0b5b2f060 JavaThread "Unconstrained build operations Thread 50" [_thread_blocked, id=39536, stack(0x000000cb6ae00000,0x000000cb6af00000)]
  0x000001f0b5b318e0 JavaThread "Unconstrained build operations Thread 51" [_thread_blocked, id=58772, stack(0x000000cb6af00000,0x000000cb6b000000)]
  0x000001f0b5b32300 JavaThread "Unconstrained build operations Thread 52" [_thread_blocked, id=57272, stack(0x000000cb6b000000,0x000000cb6b100000)]
  0x000001f0b5b2ff90 JavaThread "Unconstrained build operations Thread 53" [_thread_blocked, id=14968, stack(0x000000cb6b100000,0x000000cb6b200000)]
  0x000001f0b5b35fc0 JavaThread "Unconstrained build operations Thread 54" [_thread_blocked, id=52348, stack(0x000000cb6b200000,0x000000cb6b300000)]
  0x000001f0b5b32810 JavaThread "Unconstrained build operations Thread 55" [_thread_blocked, id=46056, stack(0x000000cb6b300000,0x000000cb6b400000)]
  0x000001f0b5b369e0 JavaThread "Unconstrained build operations Thread 56" [_thread_blocked, id=58588, stack(0x000000cb6b400000,0x000000cb6b500000)]
  0x000001f0b5b33230 JavaThread "Unconstrained build operations Thread 57" [_thread_blocked, id=57864, stack(0x000000cb6b500000,0x000000cb6b600000)]
  0x000001f0b5b33740 JavaThread "Unconstrained build operations Thread 58" [_thread_blocked, id=11944, stack(0x000000cb6b600000,0x000000cb6b700000)]
  0x000001f0b5b2fa80 JavaThread "Unconstrained build operations Thread 59" [_thread_blocked, id=46884, stack(0x000000cb6b700000,0x000000cb6b800000)]
  0x000001f0b5b32d20 JavaThread "Unconstrained build operations Thread 60" [_thread_blocked, id=47412, stack(0x000000cb6b800000,0x000000cb6b900000)]
  0x000001f0b5b34670 JavaThread "Unconstrained build operations Thread 61" [_thread_blocked, id=63172, stack(0x000000cb6b900000,0x000000cb6ba00000)]
  0x000001f0b5b355a0 JavaThread "Unconstrained build operations Thread 62" [_thread_blocked, id=26292, stack(0x000000cb6ba00000,0x000000cb6bb00000)]
  0x000001f0b5b33c50 JavaThread "Unconstrained build operations Thread 63" [_thread_blocked, id=54124, stack(0x000000cb6bb00000,0x000000cb6bc00000)]
  0x000001f0b5b2f570 JavaThread "Unconstrained build operations Thread 64" [_thread_blocked, id=60372, stack(0x000000cb6bc00000,0x000000cb6bd00000)]
  0x000001f0b5b309b0 JavaThread "Unconstrained build operations Thread 65" [_thread_blocked, id=27644, stack(0x000000cb6bd00000,0x000000cb6be00000)]
  0x000001f0b5b34160 JavaThread "Unconstrained build operations Thread 66" [_thread_blocked, id=51020, stack(0x000000cb6be00000,0x000000cb6bf00000)]
  0x000001f0b5b34b80 JavaThread "Unconstrained build operations Thread 67" [_thread_blocked, id=61192, stack(0x000000cb6bf00000,0x000000cb6c000000)]
  0x000001f0b5b313d0 JavaThread "Unconstrained build operations Thread 68" [_thread_blocked, id=36956, stack(0x000000cb6c000000,0x000000cb6c100000)]
  0x000001f0b5b35090 JavaThread "Unconstrained build operations Thread 69" [_thread_blocked, id=48696, stack(0x000000cb6c100000,0x000000cb6c200000)]
  0x000001f0b5b35ab0 JavaThread "Unconstrained build operations Thread 70" [_thread_blocked, id=17256, stack(0x000000cb6c200000,0x000000cb6c300000)]
  0x000001f0b5b30ec0 JavaThread "Unconstrained build operations Thread 71" [_thread_blocked, id=44932, stack(0x000000cb6c300000,0x000000cb6c400000)]
  0x000001f0b5d6c3e0 JavaThread "Unconstrained build operations Thread 72" [_thread_blocked, id=52504, stack(0x000000cb6c400000,0x000000cb6c500000)]
  0x000001f0b5d668c0 JavaThread "jar transforms Thread 2" [_thread_blocked, id=51884, stack(0x000000cb6c500000,0x000000cb6c600000)]
  0x000001f0b5d6dd30 JavaThread "Cache worker for Build Output Cleanup Cache (C:\Users\Lenovo\Desktop\TicketBooking\android\.gradle\buildOutputCleanup)" [_thread_blocked, id=58512, stack(0x000000cb6c700000,0x000000cb6c800000)]
  0x000001f0b5d67d00 JavaThread "jar transforms Thread 3" [_thread_blocked, id=46824, stack(0x000000cb6c800000,0x000000cb6c900000)]
  0x000001f0b5d69b60 JavaThread "Unconstrained build operations Thread 73" [_thread_blocked, id=63308, stack(0x000000cb6c900000,0x000000cb6ca00000)]
  0x000001f0b5d6b9c0 JavaThread "Unconstrained build operations Thread 74" [_thread_blocked, id=47188, stack(0x000000cb6ca00000,0x000000cb6cb00000)]
  0x000001f0b5d68210 JavaThread "Unconstrained build operations Thread 75" [_thread_blocked, id=58080, stack(0x000000cb6cb00000,0x000000cb6cc00000)]
  0x000001f0b5d6aa90 JavaThread "Unconstrained build operations Thread 76" [_thread_blocked, id=63212, stack(0x000000cb6cc00000,0x000000cb6cd00000)]
  0x000001f0b5d672e0 JavaThread "Unconstrained build operations Thread 77" [_thread_blocked, id=55984, stack(0x000000cb6cd00000,0x000000cb6ce00000)]
  0x000001f0b5d6d310 JavaThread "Unconstrained build operations Thread 78" [_thread_blocked, id=27040, stack(0x000000cb6ce00000,0x000000cb6cf00000)]
  0x000001f0b5d6d820 JavaThread "Unconstrained build operations Thread 79" [_thread_blocked, id=49164, stack(0x000000cb6cf00000,0x000000cb6d000000)]
  0x000001f0b5d6e240 JavaThread "Unconstrained build operations Thread 80" [_thread_blocked, id=59684, stack(0x000000cb6d000000,0x000000cb6d100000)]
  0x000001f0b5d6afa0 JavaThread "jar transforms Thread 4" [_thread_blocked, id=58192, stack(0x000000cb6c600000,0x000000cb6c700000)]

Other Threads:
  0x000001f0914cffd0 VMThread "VM Thread" [stack: 0x000000cb63b00000,0x000000cb63c00000] [id=26548]
  0x000001f0919b68e0 WatcherThread [stack: 0x000000cb64700000,0x000000cb64800000] [id=63380]
  0x000001f0f114ebf0 GCTaskThread "GC Thread#0" [stack: 0x000000cb63600000,0x000000cb63700000] [id=47668]
  0x000001f0b1d35a10 GCTaskThread "GC Thread#1" [stack: 0x000000cb64a00000,0x000000cb64b00000] [id=60332]
  0x000001f0b14b0150 GCTaskThread "GC Thread#2" [stack: 0x000000cb64b00000,0x000000cb64c00000] [id=62844]
  0x000001f0b1064fb0 GCTaskThread "GC Thread#3" [stack: 0x000000cb64c00000,0x000000cb64d00000] [id=36424]
  0x000001f0b1065270 GCTaskThread "GC Thread#4" [stack: 0x000000cb64d00000,0x000000cb64e00000] [id=63156]
  0x000001f0b1065530 GCTaskThread "GC Thread#5" [stack: 0x000000cb64e00000,0x000000cb64f00000] [id=62572]
  0x000001f0b2569880 GCTaskThread "GC Thread#6" [stack: 0x000000cb65b00000,0x000000cb65c00000] [id=11228]
  0x000001f0b55126a0 GCTaskThread "GC Thread#7" [stack: 0x000000cb65c00000,0x000000cb65d00000] [id=21608]
  0x000001f0f3242070 ConcurrentGCThread "G1 Main Marker" [stack: 0x000000cb63700000,0x000000cb63800000] [id=20600]
  0x000001f0f3242990 ConcurrentGCThread "G1 Conc#0" [stack: 0x000000cb63800000,0x000000cb63900000] [id=51456]
  0x000001f0b44c97e0 ConcurrentGCThread "G1 Conc#1" [stack: 0x000000cb66100000,0x000000cb66200000] [id=52460]
  0x000001f0f327ebe0 ConcurrentGCThread "G1 Refine#0" [stack: 0x000000cb63900000,0x000000cb63a00000] [id=44008]
  0x000001f0b516e4a0 ConcurrentGCThread "G1 Refine#1" [stack: 0x000000cb66500000,0x000000cb66600000] [id=14152]
  0x000001f091408460 ConcurrentGCThread "G1 Service" [stack: 0x000000cb63a00000,0x000000cb63b00000] [id=51136]

Threads with active compile tasks:
C2 CompilerThread0    29172 10836       4       org.gradle.internal.instantiation.generator.AbstractClassGenerator::inspectType (560 bytes)
C1 CompilerThread0    29172 10845       3       java.util.StringTokenizer::scanToken (179 bytes)
C2 CompilerThread1    29173 10816   !   4       java.util.concurrent.FutureTask::run (123 bytes)

VM state: not at safepoint (normal execution)

VM Mutex/Monitor currently owned by a thread:  ([mutex/lock_event])
[0x000001f0f31c8240] CodeCache_lock - owner thread: 0x000001f0914e9090
[0x000001f0f31d6710] Compile_lock - owner thread: 0x000001f0914e9090

Heap address: 0x0000000080000000, size: 2048 MB, Compressed Oops mode: 32-bit

CDS archive(s) mapped at: [0x000001f092000000-0x000001f092bd0000-0x000001f092bd0000), size 12386304, SharedBaseAddress: 0x000001f092000000, ArchiveRelocationMode: 1.
Compressed class space mapped at: 0x000001f093000000-0x000001f0ad000000, reserved size: 436207616
Narrow klass base: 0x000001f092000000, Narrow klass shift: 0, Narrow klass range: 0x100000000

GC Precious Log:
 CPUs: 8 total, 8 available
 Memory: 16167M
 Large Page Support: Disabled
 NUMA Support: Disabled
 Compressed Oops: Enabled (32-bit)
 Heap Region Size: 1M
 Heap Min Capacity: 8M
 Heap Initial Capacity: 254M
 Heap Max Capacity: 2G
 Pre-touch: Disabled
 Parallel Workers: 8
 Concurrent Workers: 2
 Concurrent Refinement Workers: 8
 Periodic GC: Disabled

Heap:
 garbage-first heap   total 204800K, used 131737K [0x0000000080000000, 0x0000000100000000)
  region size 1024K, 49 young (50176K), 4 survivors (4096K)
 Metaspace       used 70959K, committed 71680K, reserved 491520K
  class space    used 10023K, committed 10368K, reserved 425984K

Heap Regions: E=young(eden), S=young(survivor), O=old, HS=humongous(starts), HC=humongous(continues), CS=collection set, F=free, OA=open archive, CA=closed archive, TAMS=top-at-mark-start (previous, next)
|   0|0x0000000080000000, 0x0000000080100000, 0x0000000080100000|100%|HS|  |TAMS 0x0000000080100000, 0x0000000080000000| Complete 
|   1|0x0000000080100000, 0x0000000080200000, 0x0000000080200000|100%|HC|  |TAMS 0x0000000080200000, 0x0000000080100000| Complete 
|   2|0x0000000080200000, 0x0000000080300000, 0x0000000080300000|100%|HC|  |TAMS 0x0000000080300000, 0x0000000080200000| Complete 
|   3|0x0000000080300000, 0x0000000080400000, 0x0000000080400000|100%|HC|  |TAMS 0x0000000080400000, 0x0000000080300000| Complete 
|   4|0x0000000080400000, 0x0000000080500000, 0x0000000080500000|100%| O|  |TAMS 0x0000000080500000, 0x0000000080400000| Untracked 
|   5|0x0000000080500000, 0x0000000080600000, 0x0000000080600000|100%| O|  |TAMS 0x0000000080600000, 0x0000000080500000| Untracked 
|   6|0x0000000080600000, 0x0000000080700000, 0x0000000080700000|100%| O|  |TAMS 0x0000000080700000, 0x0000000080600000| Untracked 
|   7|0x0000000080700000, 0x0000000080800000, 0x0000000080800000|100%| O|  |TAMS 0x0000000080800000, 0x0000000080700000| Untracked 
|   8|0x0000000080800000, 0x0000000080900000, 0x0000000080900000|100%| O|  |TAMS 0x0000000080900000, 0x0000000080800000| Untracked 
|   9|0x0000000080900000, 0x0000000080a00000, 0x0000000080a00000|100%| O|  |TAMS 0x0000000080a00000, 0x0000000080900000| Untracked 
|  10|0x0000000080a00000, 0x0000000080b00000, 0x0000000080b00000|100%| O|  |TAMS 0x0000000080b00000, 0x0000000080a00000| Untracked 
|  11|0x0000000080b00000, 0x0000000080c00000, 0x0000000080c00000|100%|HS|  |TAMS 0x0000000080c00000, 0x0000000080b00000| Complete 
|  12|0x0000000080c00000, 0x0000000080c90a00, 0x0000000080d00000| 56%| O|  |TAMS 0x0000000080c90a00, 0x0000000080c00000| Untracked 
|  13|0x0000000080d00000, 0x0000000080e00000, 0x0000000080e00000|100%| O|  |TAMS 0x0000000080e00000, 0x0000000080d00000| Untracked 
|  14|0x0000000080e00000, 0x0000000080f00000, 0x0000000080f00000|100%| O|  |TAMS 0x0000000080f00000, 0x0000000080e00000| Untracked 
|  15|0x0000000080f00000, 0x0000000081000000, 0x0000000081000000|100%| O|  |TAMS 0x0000000081000000, 0x0000000080f00000| Untracked 
|  16|0x0000000081000000, 0x0000000081100000, 0x0000000081100000|100%| O|  |TAMS 0x0000000081100000, 0x0000000081000000| Untracked 
|  17|0x0000000081100000, 0x0000000081200000, 0x0000000081200000|100%| O|  |TAMS 0x0000000081200000, 0x0000000081100000| Untracked 
|  18|0x0000000081200000, 0x0000000081300000, 0x0000000081300000|100%| O|  |TAMS 0x0000000081300000, 0x0000000081200000| Untracked 
|  19|0x0000000081300000, 0x0000000081400000, 0x0000000081400000|100%| O|  |TAMS 0x0000000081400000, 0x0000000081300000| Untracked 
|  20|0x0000000081400000, 0x0000000081500000, 0x0000000081500000|100%| O|  |TAMS 0x0000000081500000, 0x0000000081400000| Untracked 
|  21|0x0000000081500000, 0x0000000081600000, 0x0000000081600000|100%| O|  |TAMS 0x0000000081600000, 0x0000000081500000| Untracked 
|  22|0x0000000081600000, 0x0000000081700000, 0x0000000081700000|100%| O|  |TAMS 0x0000000081700000, 0x0000000081600000| Untracked 
|  23|0x0000000081700000, 0x0000000081800000, 0x0000000081800000|100%| O|  |TAMS 0x0000000081800000, 0x0000000081700000| Untracked 
|  24|0x0000000081800000, 0x0000000081900000, 0x0000000081900000|100%| O|  |TAMS 0x0000000081900000, 0x0000000081800000| Untracked 
|  25|0x0000000081900000, 0x0000000081a00000, 0x0000000081a00000|100%| O|  |TAMS 0x0000000081a00000, 0x0000000081900000| Untracked 
|  26|0x0000000081a00000, 0x0000000081b00000, 0x0000000081b00000|100%| O|  |TAMS 0x0000000081a00000, 0x0000000081a00000| Untracked 
|  27|0x0000000081b00000, 0x0000000081c00000, 0x0000000081c00000|100%| O|  |TAMS 0x0000000081c00000, 0x0000000081b00000| Untracked 
|  28|0x0000000081c00000, 0x0000000081d00000, 0x0000000081d00000|100%| O|  |TAMS 0x0000000081d00000, 0x0000000081c00000| Untracked 
|  29|0x0000000081d00000, 0x0000000081e00000, 0x0000000081e00000|100%| O|  |TAMS 0x0000000081e00000, 0x0000000081d00000| Untracked 
|  30|0x0000000081e00000, 0x0000000081f00000, 0x0000000081f00000|100%| O|  |TAMS 0x0000000081f00000, 0x0000000081e00000| Untracked 
|  31|0x0000000081f00000, 0x0000000082000000, 0x0000000082000000|100%| O|  |TAMS 0x0000000082000000, 0x0000000081f00000| Untracked 
|  32|0x0000000082000000, 0x0000000082100000, 0x0000000082100000|100%| O|  |TAMS 0x0000000082100000, 0x0000000082000000| Untracked 
|  33|0x0000000082100000, 0x0000000082200000, 0x0000000082200000|100%| O|  |TAMS 0x0000000082200000, 0x0000000082100000| Untracked 
|  34|0x0000000082200000, 0x0000000082300000, 0x0000000082300000|100%| O|  |TAMS 0x0000000082300000, 0x0000000082200000| Untracked 
|  35|0x0000000082300000, 0x0000000082400000, 0x0000000082400000|100%| O|  |TAMS 0x0000000082400000, 0x0000000082300000| Untracked 
|  36|0x0000000082400000, 0x0000000082500000, 0x0000000082500000|100%| O|  |TAMS 0x0000000082500000, 0x0000000082400000| Untracked 
|  37|0x0000000082500000, 0x0000000082600000, 0x0000000082600000|100%| O|  |TAMS 0x0000000082600000, 0x0000000082500000| Untracked 
|  38|0x0000000082600000, 0x0000000082700000, 0x0000000082700000|100%| O|  |TAMS 0x0000000082700000, 0x0000000082600000| Untracked 
|  39|0x0000000082700000, 0x0000000082800000, 0x0000000082800000|100%| O|  |TAMS 0x0000000082800000, 0x0000000082700000| Untracked 
|  40|0x0000000082800000, 0x0000000082900000, 0x0000000082900000|100%| O|  |TAMS 0x0000000082900000, 0x0000000082800000| Untracked 
|  41|0x0000000082900000, 0x0000000082a00000, 0x0000000082a00000|100%| O|  |TAMS 0x0000000082a00000, 0x0000000082900000| Untracked 
|  42|0x0000000082a00000, 0x0000000082b00000, 0x0000000082b00000|100%| O|  |TAMS 0x0000000082b00000, 0x0000000082a00000| Untracked 
|  43|0x0000000082b00000, 0x0000000082c00000, 0x0000000082c00000|100%| O|  |TAMS 0x0000000082c00000, 0x0000000082b00000| Untracked 
|  44|0x0000000082c00000, 0x0000000082d00000, 0x0000000082d00000|100%|HS|  |TAMS 0x0000000082d00000, 0x0000000082c00000| Complete 
|  45|0x0000000082d00000, 0x0000000082e00000, 0x0000000082e00000|100%|HC|  |TAMS 0x0000000082e00000, 0x0000000082d00000| Complete 
|  46|0x0000000082e00000, 0x0000000082f00000, 0x0000000082f00000|100%|HS|  |TAMS 0x0000000082f00000, 0x0000000082e00000| Complete 
|  47|0x0000000082f00000, 0x0000000083000000, 0x0000000083000000|100%|HC|  |TAMS 0x0000000083000000, 0x0000000082f00000| Complete 
|  48|0x0000000083000000, 0x0000000083100000, 0x0000000083100000|100%| O|  |TAMS 0x0000000083000000, 0x0000000083000000| Untracked 
|  49|0x0000000083100000, 0x0000000083200000, 0x0000000083200000|100%| O|  |TAMS 0x0000000083200000, 0x0000000083100000| Untracked 
|  50|0x0000000083200000, 0x0000000083300000, 0x0000000083300000|100%| O|  |TAMS 0x0000000083300000, 0x0000000083200000| Untracked 
|  51|0x0000000083300000, 0x0000000083400000, 0x0000000083400000|100%| O|  |TAMS 0x0000000083400000, 0x0000000083300000| Untracked 
|  52|0x0000000083400000, 0x0000000083500000, 0x0000000083500000|100%|HS|  |TAMS 0x0000000083500000, 0x0000000083400000| Complete 
|  53|0x0000000083500000, 0x0000000083600000, 0x0000000083600000|100%|HC|  |TAMS 0x0000000083600000, 0x0000000083500000| Complete 
|  54|0x0000000083600000, 0x0000000083700000, 0x0000000083700000|100%|HC|  |TAMS 0x0000000083700000, 0x0000000083600000| Complete 
|  55|0x0000000083700000, 0x0000000083800000, 0x0000000083800000|100%|HC|  |TAMS 0x0000000083800000, 0x0000000083700000| Complete 
|  56|0x0000000083800000, 0x0000000083900000, 0x0000000083900000|100%|HS|  |TAMS 0x0000000083900000, 0x0000000083800000| Complete 
|  57|0x0000000083900000, 0x0000000083a00000, 0x0000000083a00000|100%|HC|  |TAMS 0x0000000083a00000, 0x0000000083900000| Complete 
|  58|0x0000000083a00000, 0x0000000083b00000, 0x0000000083b00000|100%|HC|  |TAMS 0x0000000083b00000, 0x0000000083a00000| Complete 
|  59|0x0000000083b00000, 0x0000000083c00000, 0x0000000083c00000|100%|HC|  |TAMS 0x0000000083c00000, 0x0000000083b00000| Complete 
|  60|0x0000000083c00000, 0x0000000083d00000, 0x0000000083d00000|100%| O|  |TAMS 0x0000000083d00000, 0x0000000083c00000| Untracked 
|  61|0x0000000083d00000, 0x0000000083e00000, 0x0000000083e00000|100%| O|  |TAMS 0x0000000083e00000, 0x0000000083d00000| Untracked 
|  62|0x0000000083e00000, 0x0000000083f00000, 0x0000000083f00000|100%| O|  |TAMS 0x0000000083f00000, 0x0000000083e00000| Untracked 
|  63|0x0000000083f00000, 0x0000000084000000, 0x0000000084000000|100%| O|  |TAMS 0x0000000083f11400, 0x0000000083f00000| Untracked 
|  64|0x0000000084000000, 0x0000000084100000, 0x0000000084100000|100%| O|  |TAMS 0x0000000084000000, 0x0000000084000000| Untracked 
|  65|0x0000000084100000, 0x0000000084200000, 0x0000000084200000|100%| O|  |TAMS 0x0000000084100000, 0x0000000084100000| Untracked 
|  66|0x0000000084200000, 0x0000000084300000, 0x0000000084300000|100%| O|  |TAMS 0x0000000084200000, 0x0000000084200000| Untracked 
|  67|0x0000000084300000, 0x0000000084400000, 0x0000000084400000|100%| O|  |TAMS 0x0000000084300000, 0x0000000084300000| Untracked 
|  68|0x0000000084400000, 0x0000000084500000, 0x0000000084500000|100%| O|  |TAMS 0x0000000084400000, 0x0000000084400000| Untracked 
|  69|0x0000000084500000, 0x0000000084600000, 0x0000000084600000|100%| O|  |TAMS 0x0000000084500000, 0x0000000084500000| Untracked 
|  70|0x0000000084600000, 0x0000000084700000, 0x0000000084700000|100%| O|  |TAMS 0x0000000084600000, 0x0000000084600000| Untracked 
|  71|0x0000000084700000, 0x0000000084800000, 0x0000000084800000|100%| O|  |TAMS 0x0000000084700000, 0x0000000084700000| Untracked 
|  72|0x0000000084800000, 0x0000000084900000, 0x0000000084900000|100%| O|  |TAMS 0x0000000084800000, 0x0000000084800000| Untracked 
|  73|0x0000000084900000, 0x0000000084a00000, 0x0000000084a00000|100%| O|  |TAMS 0x0000000084900000, 0x0000000084900000| Untracked 
|  74|0x0000000084a00000, 0x0000000084b00000, 0x0000000084b00000|100%| O|  |TAMS 0x0000000084a00000, 0x0000000084a00000| Untracked 
|  75|0x0000000084b00000, 0x0000000084c00000, 0x0000000084c00000|100%| O|  |TAMS 0x0000000084b00000, 0x0000000084b00000| Untracked 
|  76|0x0000000084c00000, 0x0000000084d00000, 0x0000000084d00000|100%| O|  |TAMS 0x0000000084c00000, 0x0000000084c00000| Untracked 
|  77|0x0000000084d00000, 0x0000000084e00000, 0x0000000084e00000|100%| O|  |TAMS 0x0000000084d00000, 0x0000000084d00000| Untracked 
|  78|0x0000000084e00000, 0x0000000084f00000, 0x0000000084f00000|100%| O|  |TAMS 0x0000000084e00000, 0x0000000084e00000| Untracked 
|  79|0x0000000084f00000, 0x0000000084f85000, 0x0000000085000000| 51%| O|  |TAMS 0x0000000084f00000, 0x0000000084f00000| Untracked 
|  80|0x0000000085000000, 0x0000000085100000, 0x0000000085100000|100%|HS|  |TAMS 0x0000000085000000, 0x0000000085000000| Complete 
|  81|0x0000000085100000, 0x0000000085200000, 0x0000000085200000|100%|HS|  |TAMS 0x0000000085100000, 0x0000000085100000| Complete 
|  82|0x0000000085200000, 0x0000000085300000, 0x0000000085300000|100%|HS|  |TAMS 0x0000000085200000, 0x0000000085200000| Complete 
|  83|0x0000000085300000, 0x0000000085300000, 0x0000000085400000|  0%| F|  |TAMS 0x0000000085300000, 0x0000000085300000| Untracked 
|  84|0x0000000085400000, 0x0000000085400000, 0x0000000085500000|  0%| F|  |TAMS 0x0000000085400000, 0x0000000085400000| Untracked 
|  85|0x0000000085500000, 0x0000000085500000, 0x0000000085600000|  0%| F|  |TAMS 0x0000000085500000, 0x0000000085500000| Untracked 
|  86|0x0000000085600000, 0x0000000085600000, 0x0000000085700000|  0%| F|  |TAMS 0x0000000085600000, 0x0000000085600000| Untracked 
|  87|0x0000000085700000, 0x0000000085700000, 0x0000000085800000|  0%| F|  |TAMS 0x0000000085700000, 0x0000000085700000| Untracked 
|  88|0x0000000085800000, 0x0000000085800000, 0x0000000085900000|  0%| F|  |TAMS 0x0000000085800000, 0x0000000085800000| Untracked 
|  89|0x0000000085900000, 0x0000000085900000, 0x0000000085a00000|  0%| F|  |TAMS 0x0000000085900000, 0x0000000085900000| Untracked 
|  90|0x0000000085a00000, 0x0000000085a00000, 0x0000000085b00000|  0%| F|  |TAMS 0x0000000085a00000, 0x0000000085a00000| Untracked 
|  91|0x0000000085b00000, 0x0000000085b00000, 0x0000000085c00000|  0%| F|  |TAMS 0x0000000085b00000, 0x0000000085b00000| Untracked 
|  92|0x0000000085c00000, 0x0000000085c00000, 0x0000000085d00000|  0%| F|  |TAMS 0x0000000085c00000, 0x0000000085c00000| Untracked 
|  93|0x0000000085d00000, 0x0000000085d00000, 0x0000000085e00000|  0%| F|  |TAMS 0x0000000085d00000, 0x0000000085d00000| Untracked 
|  94|0x0000000085e00000, 0x0000000085e00000, 0x0000000085f00000|  0%| F|  |TAMS 0x0000000085e00000, 0x0000000085e00000| Untracked 
|  95|0x0000000085f00000, 0x0000000085f00000, 0x0000000086000000|  0%| F|  |TAMS 0x0000000085f00000, 0x0000000085f00000| Untracked 
|  96|0x0000000086000000, 0x0000000086000000, 0x0000000086100000|  0%| F|  |TAMS 0x0000000086000000, 0x0000000086000000| Untracked 
|  97|0x0000000086100000, 0x0000000086100000, 0x0000000086200000|  0%| F|  |TAMS 0x0000000086100000, 0x0000000086100000| Untracked 
|  98|0x0000000086200000, 0x0000000086200000, 0x0000000086300000|  0%| F|  |TAMS 0x0000000086200000, 0x0000000086200000| Untracked 
|  99|0x0000000086300000, 0x0000000086300000, 0x0000000086400000|  0%| F|  |TAMS 0x0000000086300000, 0x0000000086300000| Untracked 
| 100|0x0000000086400000, 0x0000000086400000, 0x0000000086500000|  0%| F|  |TAMS 0x0000000086400000, 0x0000000086400000| Untracked 
| 101|0x0000000086500000, 0x0000000086500000, 0x0000000086600000|  0%| F|  |TAMS 0x0000000086500000, 0x0000000086500000| Untracked 
| 102|0x0000000086600000, 0x0000000086600000, 0x0000000086700000|  0%| F|  |TAMS 0x0000000086600000, 0x0000000086600000| Untracked 
| 103|0x0000000086700000, 0x0000000086700000, 0x0000000086800000|  0%| F|  |TAMS 0x0000000086700000, 0x0000000086700000| Untracked 
| 104|0x0000000086800000, 0x0000000086800000, 0x0000000086900000|  0%| F|  |TAMS 0x0000000086800000, 0x0000000086800000| Untracked 
| 105|0x0000000086900000, 0x0000000086900000, 0x0000000086a00000|  0%| F|  |TAMS 0x0000000086900000, 0x0000000086900000| Untracked 
| 106|0x0000000086a00000, 0x0000000086a00000, 0x0000000086b00000|  0%| F|  |TAMS 0x0000000086a00000, 0x0000000086a00000| Untracked 
| 107|0x0000000086b00000, 0x0000000086b00000, 0x0000000086c00000|  0%| F|  |TAMS 0x0000000086b00000, 0x0000000086b00000| Untracked 
| 108|0x0000000086c00000, 0x0000000086c00000, 0x0000000086d00000|  0%| F|  |TAMS 0x0000000086c00000, 0x0000000086c00000| Untracked 
| 109|0x0000000086d00000, 0x0000000086d00000, 0x0000000086e00000|  0%| F|  |TAMS 0x0000000086d00000, 0x0000000086d00000| Untracked 
| 110|0x0000000086e00000, 0x0000000086e00000, 0x0000000086f00000|  0%| F|  |TAMS 0x0000000086e00000, 0x0000000086e00000| Untracked 
| 111|0x0000000086f00000, 0x0000000086f00000, 0x0000000087000000|  0%| F|  |TAMS 0x0000000086f00000, 0x0000000086f00000| Untracked 
| 112|0x0000000087000000, 0x0000000087000000, 0x0000000087100000|  0%| F|  |TAMS 0x0000000087000000, 0x0000000087000000| Untracked 
| 113|0x0000000087100000, 0x0000000087100000, 0x0000000087200000|  0%| F|  |TAMS 0x0000000087100000, 0x0000000087100000| Untracked 
| 114|0x0000000087200000, 0x0000000087200000, 0x0000000087300000|  0%| F|  |TAMS 0x0000000087200000, 0x0000000087200000| Untracked 
| 115|0x0000000087300000, 0x0000000087300000, 0x0000000087400000|  0%| F|  |TAMS 0x0000000087300000, 0x0000000087300000| Untracked 
| 116|0x0000000087400000, 0x0000000087400000, 0x0000000087500000|  0%| F|  |TAMS 0x0000000087400000, 0x0000000087400000| Untracked 
| 117|0x0000000087500000, 0x0000000087500000, 0x0000000087600000|  0%| F|  |TAMS 0x0000000087500000, 0x0000000087500000| Untracked 
| 118|0x0000000087600000, 0x0000000087600000, 0x0000000087700000|  0%| F|  |TAMS 0x0000000087600000, 0x0000000087600000| Untracked 
| 119|0x0000000087700000, 0x0000000087700000, 0x0000000087800000|  0%| F|  |TAMS 0x0000000087700000, 0x0000000087700000| Untracked 
| 120|0x0000000087800000, 0x0000000087890ac0, 0x0000000087900000| 56%| S|CS|TAMS 0x0000000087800000, 0x0000000087800000| Complete 
| 121|0x0000000087900000, 0x0000000087a00000, 0x0000000087a00000|100%| S|CS|TAMS 0x0000000087900000, 0x0000000087900000| Complete 
| 122|0x0000000087a00000, 0x0000000087b00000, 0x0000000087b00000|100%| S|CS|TAMS 0x0000000087a00000, 0x0000000087a00000| Complete 
| 123|0x0000000087b00000, 0x0000000087b00000, 0x0000000087c00000|  0%| F|  |TAMS 0x0000000087b00000, 0x0000000087b00000| Untracked 
| 124|0x0000000087c00000, 0x0000000087c00000, 0x0000000087d00000|  0%| F|  |TAMS 0x0000000087c00000, 0x0000000087c00000| Untracked 
| 125|0x0000000087d00000, 0x0000000087d00000, 0x0000000087e00000|  0%| F|  |TAMS 0x0000000087d00000, 0x0000000087d00000| Untracked 
| 126|0x0000000087e00000, 0x0000000087e00000, 0x0000000087f00000|  0%| F|  |TAMS 0x0000000087e00000, 0x0000000087e00000| Untracked 
| 127|0x0000000087f00000, 0x0000000087f00000, 0x0000000088000000|  0%| F|  |TAMS 0x0000000087f00000, 0x0000000087f00000| Untracked 
| 128|0x0000000088000000, 0x0000000088100000, 0x0000000088100000|100%| S|CS|TAMS 0x0000000088000000, 0x0000000088000000| Complete 
| 129|0x0000000088100000, 0x0000000088100000, 0x0000000088200000|  0%| F|  |TAMS 0x0000000088100000, 0x0000000088100000| Untracked 
| 130|0x0000000088200000, 0x0000000088200000, 0x0000000088300000|  0%| F|  |TAMS 0x0000000088200000, 0x0000000088200000| Untracked 
| 131|0x0000000088300000, 0x0000000088300000, 0x0000000088400000|  0%| F|  |TAMS 0x0000000088300000, 0x0000000088300000| Untracked 
| 132|0x0000000088400000, 0x0000000088400000, 0x0000000088500000|  0%| F|  |TAMS 0x0000000088400000, 0x0000000088400000| Untracked 
| 133|0x0000000088500000, 0x0000000088500000, 0x0000000088600000|  0%| F|  |TAMS 0x0000000088500000, 0x0000000088500000| Untracked 
| 134|0x0000000088600000, 0x0000000088600000, 0x0000000088700000|  0%| F|  |TAMS 0x0000000088600000, 0x0000000088600000| Untracked 
| 135|0x0000000088700000, 0x0000000088700000, 0x0000000088800000|  0%| F|  |TAMS 0x0000000088700000, 0x0000000088700000| Untracked 
| 136|0x0000000088800000, 0x0000000088800000, 0x0000000088900000|  0%| F|  |TAMS 0x0000000088800000, 0x0000000088800000| Untracked 
| 137|0x0000000088900000, 0x0000000088900000, 0x0000000088a00000|  0%| F|  |TAMS 0x0000000088900000, 0x0000000088900000| Untracked 
| 138|0x0000000088a00000, 0x0000000088a00000, 0x0000000088b00000|  0%| F|  |TAMS 0x0000000088a00000, 0x0000000088a00000| Untracked 
| 139|0x0000000088b00000, 0x0000000088b00000, 0x0000000088c00000|  0%| F|  |TAMS 0x0000000088b00000, 0x0000000088b00000| Untracked 
| 140|0x0000000088c00000, 0x0000000088c00000, 0x0000000088d00000|  0%| F|  |TAMS 0x0000000088c00000, 0x0000000088c00000| Untracked 
| 141|0x0000000088d00000, 0x0000000088d00000, 0x0000000088e00000|  0%| F|  |TAMS 0x0000000088d00000, 0x0000000088d00000| Untracked 
| 142|0x0000000088e00000, 0x0000000088e00000, 0x0000000088f00000|  0%| F|  |TAMS 0x0000000088e00000, 0x0000000088e00000| Untracked 
| 143|0x0000000088f00000, 0x0000000088f00000, 0x0000000089000000|  0%| F|  |TAMS 0x0000000088f00000, 0x0000000088f00000| Untracked 
| 144|0x0000000089000000, 0x0000000089000000, 0x0000000089100000|  0%| F|  |TAMS 0x0000000089000000, 0x0000000089000000| Untracked 
| 145|0x0000000089100000, 0x0000000089100000, 0x0000000089200000|  0%| F|  |TAMS 0x0000000089100000, 0x0000000089100000| Untracked 
| 146|0x0000000089200000, 0x0000000089200000, 0x0000000089300000|  0%| F|  |TAMS 0x0000000089200000, 0x0000000089200000| Untracked 
| 147|0x0000000089300000, 0x0000000089300000, 0x0000000089400000|  0%| F|  |TAMS 0x0000000089300000, 0x0000000089300000| Untracked 
| 148|0x0000000089400000, 0x0000000089400000, 0x0000000089500000|  0%| F|  |TAMS 0x0000000089400000, 0x0000000089400000| Untracked 
| 149|0x0000000089500000, 0x0000000089500000, 0x0000000089600000|  0%| F|  |TAMS 0x0000000089500000, 0x0000000089500000| Untracked 
| 150|0x0000000089600000, 0x0000000089600000, 0x0000000089700000|  0%| F|  |TAMS 0x0000000089600000, 0x0000000089600000| Untracked 
| 151|0x0000000089700000, 0x0000000089700000, 0x0000000089800000|  0%| F|  |TAMS 0x0000000089700000, 0x0000000089700000| Untracked 
| 152|0x0000000089800000, 0x0000000089800000, 0x0000000089900000|  0%| F|  |TAMS 0x0000000089800000, 0x0000000089800000| Untracked 
| 153|0x0000000089900000, 0x0000000089900800, 0x0000000089a00000|  0%| E|  |TAMS 0x0000000089900000, 0x0000000089900000| Complete 
| 154|0x0000000089a00000, 0x0000000089b00000, 0x0000000089b00000|100%| E|CS|TAMS 0x0000000089a00000, 0x0000000089a00000| Complete 
| 155|0x0000000089b00000, 0x0000000089c00000, 0x0000000089c00000|100%| E|CS|TAMS 0x0000000089b00000, 0x0000000089b00000| Complete 
| 156|0x0000000089c00000, 0x0000000089d00000, 0x0000000089d00000|100%| E|CS|TAMS 0x0000000089c00000, 0x0000000089c00000| Complete 
| 157|0x0000000089d00000, 0x0000000089e00000, 0x0000000089e00000|100%| E|CS|TAMS 0x0000000089d00000, 0x0000000089d00000| Complete 
| 158|0x0000000089e00000, 0x0000000089f00000, 0x0000000089f00000|100%| E|CS|TAMS 0x0000000089e00000, 0x0000000089e00000| Complete 
| 159|0x0000000089f00000, 0x000000008a000000, 0x000000008a000000|100%| E|CS|TAMS 0x0000000089f00000, 0x0000000089f00000| Complete 
| 160|0x000000008a000000, 0x000000008a100000, 0x000000008a100000|100%| E|CS|TAMS 0x000000008a000000, 0x000000008a000000| Complete 
| 161|0x000000008a100000, 0x000000008a200000, 0x000000008a200000|100%| E|CS|TAMS 0x000000008a100000, 0x000000008a100000| Complete 
| 162|0x000000008a200000, 0x000000008a300000, 0x000000008a300000|100%| E|CS|TAMS 0x000000008a200000, 0x000000008a200000| Complete 
| 163|0x000000008a300000, 0x000000008a400000, 0x000000008a400000|100%| E|CS|TAMS 0x000000008a300000, 0x000000008a300000| Complete 
| 164|0x000000008a400000, 0x000000008a500000, 0x000000008a500000|100%| E|  |TAMS 0x000000008a400000, 0x000000008a400000| Complete 
| 165|0x000000008a500000, 0x000000008a600000, 0x000000008a600000|100%| E|CS|TAMS 0x000000008a500000, 0x000000008a500000| Complete 
| 166|0x000000008a600000, 0x000000008a700000, 0x000000008a700000|100%| E|CS|TAMS 0x000000008a600000, 0x000000008a600000| Complete 
| 167|0x000000008a700000, 0x000000008a800000, 0x000000008a800000|100%| E|CS|TAMS 0x000000008a700000, 0x000000008a700000| Complete 
| 168|0x000000008a800000, 0x000000008a900000, 0x000000008a900000|100%| E|CS|TAMS 0x000000008a800000, 0x000000008a800000| Complete 
| 169|0x000000008a900000, 0x000000008aa00000, 0x000000008aa00000|100%| E|CS|TAMS 0x000000008a900000, 0x000000008a900000| Complete 
| 170|0x000000008aa00000, 0x000000008ab00000, 0x000000008ab00000|100%| E|CS|TAMS 0x000000008aa00000, 0x000000008aa00000| Complete 
| 171|0x000000008ab00000, 0x000000008ac00000, 0x000000008ac00000|100%| E|CS|TAMS 0x000000008ab00000, 0x000000008ab00000| Complete 
| 172|0x000000008ac00000, 0x000000008ad00000, 0x000000008ad00000|100%| E|CS|TAMS 0x000000008ac00000, 0x000000008ac00000| Complete 
| 173|0x000000008ad00000, 0x000000008ae00000, 0x000000008ae00000|100%| E|CS|TAMS 0x000000008ad00000, 0x000000008ad00000| Complete 
| 174|0x000000008ae00000, 0x000000008af00000, 0x000000008af00000|100%| E|CS|TAMS 0x000000008ae00000, 0x000000008ae00000| Complete 
| 175|0x000000008af00000, 0x000000008b000000, 0x000000008b000000|100%| E|CS|TAMS 0x000000008af00000, 0x000000008af00000| Complete 
| 176|0x000000008b000000, 0x000000008b100000, 0x000000008b100000|100%| E|CS|TAMS 0x000000008b000000, 0x000000008b000000| Complete 
| 177|0x000000008b100000, 0x000000008b200000, 0x000000008b200000|100%| E|CS|TAMS 0x000000008b100000, 0x000000008b100000| Complete 
| 178|0x000000008b200000, 0x000000008b300000, 0x000000008b300000|100%| E|CS|TAMS 0x000000008b200000, 0x000000008b200000| Complete 
| 179|0x000000008b300000, 0x000000008b400000, 0x000000008b400000|100%| E|CS|TAMS 0x000000008b300000, 0x000000008b300000| Complete 
| 180|0x000000008b400000, 0x000000008b500000, 0x000000008b500000|100%| E|CS|TAMS 0x000000008b400000, 0x000000008b400000| Complete 
| 181|0x000000008b500000, 0x000000008b600000, 0x000000008b600000|100%| E|CS|TAMS 0x000000008b500000, 0x000000008b500000| Complete 
| 182|0x000000008b600000, 0x000000008b700000, 0x000000008b700000|100%| E|CS|TAMS 0x000000008b600000, 0x000000008b600000| Complete 
| 183|0x000000008b700000, 0x000000008b800000, 0x000000008b800000|100%| E|CS|TAMS 0x000000008b700000, 0x000000008b700000| Complete 
| 184|0x000000008b800000, 0x000000008b900000, 0x000000008b900000|100%| E|CS|TAMS 0x000000008b800000, 0x000000008b800000| Complete 
| 185|0x000000008b900000, 0x000000008ba00000, 0x000000008ba00000|100%| E|CS|TAMS 0x000000008b900000, 0x000000008b900000| Complete 
| 186|0x000000008ba00000, 0x000000008bb00000, 0x000000008bb00000|100%| E|CS|TAMS 0x000000008ba00000, 0x000000008ba00000| Complete 
| 217|0x000000008d900000, 0x000000008da00000, 0x000000008da00000|100%| E|CS|TAMS 0x000000008d900000, 0x000000008d900000| Complete 
| 218|0x000000008da00000, 0x000000008db00000, 0x000000008db00000|100%| E|CS|TAMS 0x000000008da00000, 0x000000008da00000| Complete 
| 219|0x000000008db00000, 0x000000008dc00000, 0x000000008dc00000|100%| E|CS|TAMS 0x000000008db00000, 0x000000008db00000| Complete 
| 220|0x000000008dc00000, 0x000000008dd00000, 0x000000008dd00000|100%| E|CS|TAMS 0x000000008dc00000, 0x000000008dc00000| Complete 
| 221|0x000000008dd00000, 0x000000008de00000, 0x000000008de00000|100%| E|CS|TAMS 0x000000008dd00000, 0x000000008dd00000| Complete 
| 222|0x000000008de00000, 0x000000008df00000, 0x000000008df00000|100%| E|CS|TAMS 0x000000008de00000, 0x000000008de00000| Complete 
| 223|0x000000008df00000, 0x000000008e000000, 0x000000008e000000|100%| E|CS|TAMS 0x000000008df00000, 0x000000008df00000| Complete 
| 224|0x000000008e000000, 0x000000008e100000, 0x000000008e100000|100%| E|CS|TAMS 0x000000008e000000, 0x000000008e000000| Complete 
| 225|0x000000008e100000, 0x000000008e200000, 0x000000008e200000|100%| E|CS|TAMS 0x000000008e100000, 0x000000008e100000| Complete 
| 226|0x000000008e200000, 0x000000008e300000, 0x000000008e300000|100%| E|CS|TAMS 0x000000008e200000, 0x000000008e200000| Complete 
| 227|0x000000008e300000, 0x000000008e400000, 0x000000008e400000|100%| E|CS|TAMS 0x000000008e300000, 0x000000008e300000| Complete 
| 228|0x000000008e400000, 0x000000008e500000, 0x000000008e500000|100%| E|CS|TAMS 0x000000008e400000, 0x000000008e400000| Complete 
| 253|0x000000008fd00000, 0x000000008fe00000, 0x000000008fe00000|100%| E|CS|TAMS 0x000000008fd00000, 0x000000008fd00000| Complete 

Card table byte_map: [0x000001f0fb3f0000,0x000001f0fb7f0000] _byte_map_base: 0x000001f0faff0000

Marking Bits (Prev, Next): (CMBitMap*) 0x000001f0f3231740, (CMBitMap*) 0x000001f0f3231780
 Prev Bits: [0x000001f0fbbf0000, 0x000001f0fdbf0000)
 Next Bits: [0x000001f0fdbf0000, 0x000001f0ffbf0000)

Polling page: 0x000001f0f2980000

Metaspace:

Usage:
  Non-class:     59.51 MB used.
      Class:      9.79 MB used.
       Both:     69.30 MB used.

Virtual space:
  Non-class space:       64.00 MB reserved,      59.88 MB ( 94%) committed,  1 nodes.
      Class space:      416.00 MB reserved,      10.12 MB (  2%) committed,  1 nodes.
             Both:      480.00 MB reserved,      70.00 MB ( 15%) committed. 

Chunk freelists:
   Non-Class:  4.00 MB
       Class:  5.88 MB
        Both:  9.89 MB

MaxMetaspaceSize: 512.00 MB
CompressedClassSpaceSize: 416.00 MB
Initial GC threshold: 21.00 MB
Current GC threshold: 102.19 MB
CDS: on
MetaspaceReclaimPolicy: balanced
 - commit_granule_bytes: 65536.
 - commit_granule_words: 8192.
 - virtual_space_node_default_size: 8388608.
 - enlarge_chunks_in_place: 1.
 - new_chunks_are_fully_committed: 0.
 - uncommit_free_chunks: 1.
 - use_allocation_guard: 0.
 - handle_deallocations: 1.


Internal statistics:

num_allocs_failed_limit: 6.
num_arena_births: 1052.
num_arena_deaths: 0.
num_vsnodes_births: 2.
num_vsnodes_deaths: 0.
num_space_committed: 1120.
num_space_uncommitted: 0.
num_chunks_returned_to_freelist: 6.
num_chunks_taken_from_freelist: 4162.
num_chunk_merges: 6.
num_chunk_splits: 2662.
num_chunks_enlarged: 1673.
num_inconsistent_stats: 0.

CodeHeap 'non-profiled nmethods': size=120000Kb used=5490Kb max_used=5866Kb free=114509Kb
 bounds [0x000001f087ad0000, 0x000001f088090000, 0x000001f08f000000]
CodeHeap 'profiled nmethods': size=120000Kb used=17183Kb max_used=19500Kb free=102816Kb
 bounds [0x000001f080000000, 0x000001f081310000, 0x000001f087530000]
CodeHeap 'non-nmethods': size=5760Kb used=2385Kb max_used=2449Kb free=3374Kb
 bounds [0x000001f087530000, 0x000001f0877a0000, 0x000001f087ad0000]
 total_blobs=10133 nmethods=9233 adapters=812
 compilation: enabled
              stopped_count=0, restarted_count=0
 full_count=0

Compilation events (20 events):
Event: 28.869 Thread 0x000001f0914fcd20 nmethod 10827 0x000001f08012c110 code [0x000001f08012c2c0, 0x000001f08012c538]
Event: 28.869 Thread 0x000001f0914fcd20 10824       3       org.gradle.api.internal.initialization.transform.utils.InstrumentationClasspathMerger$$Lambda$941/0x000001f0935eb6d8::compare (16 bytes)
Event: 28.869 Thread 0x000001f0914fcd20 nmethod 10824 0x000001f08005f710 code [0x000001f08005f8e0, 0x000001f08005fd48]
Event: 28.869 Thread 0x000001f0914fcd20 10825       3       org.gradle.api.internal.initialization.transform.utils.InstrumentationClasspathMerger::lambda$mergeToClasspath$1 (13 bytes)
Event: 28.869 Thread 0x000001f0914fcd20 nmethod 10825 0x000001f080047410 code [0x000001f0800475c0, 0x000001f0800477a8]
Event: 28.869 Thread 0x000001f0914fcd20 10828       3       org.gradle.api.internal.initialization.transform.utils.InstrumentationClasspathMerger::lambda$mergeToClasspath$2 (5 bytes)
Event: 28.870 Thread 0x000001f0914fcd20 nmethod 10828 0x000001f0800abb90 code [0x000001f0800abd20, 0x000001f0800abe18]
Event: 28.874 Thread 0x000001f0914f73e0 10829       4       java.util.function.Function$$Lambda$159/0x000001f093167530::apply (5 bytes)
Event: 28.874 Thread 0x000001f0914f73e0 nmethod 10829 0x000001f087ef5b90 code [0x000001f087ef5d00, 0x000001f087ef5d78]
Event: 28.875 Thread 0x000001f0914f73e0 10830       4       java.util.concurrent.FutureTask::report (37 bytes)
Event: 28.876 Thread 0x000001f0914f73e0 nmethod 10830 0x000001f087dd0310 code [0x000001f087dd0480, 0x000001f087dd0518]
Event: 28.890 Thread 0x000001f0914fcd20 10831       3       org.gradle.internal.serialize.kryo.KryoBackedEncoder::writeBytes (11 bytes)
Event: 28.891 Thread 0x000001f0914fcd20 nmethod 10831 0x000001f08015cb10 code [0x000001f08015ccc0, 0x000001f08015ce28]
Event: 28.891 Thread 0x000001f0914fcd20 10832       3       com.esotericsoftware.kryo.io.Output::writeBytes (90 bytes)
Event: 28.892 Thread 0x000001f0914fcd20 nmethod 10832 0x000001f08000c490 code [0x000001f08000c680, 0x000001f08000cc28]
Event: 28.969 Thread 0x000001f0914f73e0 10833 %     4       java.net.URI$Parser::scan @ 3 (41 bytes)
Event: 28.974 Thread 0x000001f0914fcd20 10834       3       com.google.common.collect.AbstractMapEntry::hashCode (36 bytes)
Event: 28.975 Thread 0x000001f0914fcd20 nmethod 10834 0x000001f08001fe10 code [0x000001f08001ffe0, 0x000001f080020378]
Event: 28.976 Thread 0x000001f0914f73e0 nmethod 10833% 0x000001f087dcfb90 code [0x000001f087dcfd20, 0x000001f087dd0088]
Event: 28.981 Thread 0x000001f0914f73e0 10835       4       java.util.concurrent.FutureTask::get (23 bytes)

GC Heap History (20 events):
Event: 17.775 GC heap before
{Heap before GC invocations=22 (full 0):
 garbage-first heap   total 107520K, used 64497K [0x0000000080000000, 0x0000000100000000)
  region size 1024K, 5 young (5120K), 3 survivors (3072K)
 Metaspace       used 58418K, committed 59136K, reserved 491520K
  class space    used 8298K, committed 8640K, reserved 425984K
}
Event: 17.779 GC heap after
{Heap after GC invocations=23 (full 0):
 garbage-first heap   total 107520K, used 62293K [0x0000000080000000, 0x0000000100000000)
  region size 1024K, 1 young (1024K), 1 survivors (1024K)
 Metaspace       used 58418K, committed 59136K, reserved 491520K
  class space    used 8298K, committed 8640K, reserved 425984K
}
Event: 18.312 GC heap before
{Heap before GC invocations=23 (full 0):
 garbage-first heap   total 107520K, used 84821K [0x0000000080000000, 0x0000000100000000)
  region size 1024K, 23 young (23552K), 1 survivors (1024K)
 Metaspace       used 59779K, committed 60480K, reserved 491520K
  class space    used 8493K, committed 8832K, reserved 425984K
}
Event: 18.315 GC heap after
{Heap after GC invocations=24 (full 0):
 garbage-first heap   total 107520K, used 63650K [0x0000000080000000, 0x0000000100000000)
  region size 1024K, 2 young (2048K), 2 survivors (2048K)
 Metaspace       used 59779K, committed 60480K, reserved 491520K
  class space    used 8493K, committed 8832K, reserved 425984K
}
Event: 18.787 GC heap before
{Heap before GC invocations=25 (full 0):
 garbage-first heap   total 116736K, used 84130K [0x0000000080000000, 0x0000000100000000)
  region size 1024K, 23 young (23552K), 2 survivors (2048K)
 Metaspace       used 61047K, committed 61696K, reserved 491520K
  class space    used 8656K, committed 8960K, reserved 425984K
}
Event: 18.792 GC heap after
{Heap after GC invocations=26 (full 0):
 garbage-first heap   total 116736K, used 64175K [0x0000000080000000, 0x0000000100000000)
  region size 1024K, 3 young (3072K), 3 survivors (3072K)
 Metaspace       used 61047K, committed 61696K, reserved 491520K
  class space    used 8656K, committed 8960K, reserved 425984K
}
Event: 18.839 GC heap before
{Heap before GC invocations=26 (full 0):
 garbage-first heap   total 116736K, used 66223K [0x0000000080000000, 0x0000000100000000)
  region size 1024K, 5 young (5120K), 3 survivors (3072K)
 Metaspace       used 61115K, committed 61824K, reserved 491520K
  class space    used 8667K, committed 9024K, reserved 425984K
}
Event: 18.844 GC heap after
{Heap after GC invocations=27 (full 0):
 garbage-first heap   total 116736K, used 63873K [0x0000000080000000, 0x0000000100000000)
  region size 1024K, 1 young (1024K), 1 survivors (1024K)
 Metaspace       used 61115K, committed 61824K, reserved 491520K
  class space    used 8667K, committed 9024K, reserved 425984K
}
Event: 19.851 GC heap before
{Heap before GC invocations=27 (full 0):
 garbage-first heap   total 116736K, used 92545K [0x0000000080000000, 0x0000000100000000)
  region size 1024K, 29 young (29696K), 1 survivors (1024K)
 Metaspace       used 62006K, committed 62720K, reserved 491520K
  class space    used 8786K, committed 9152K, reserved 425984K
}
Event: 19.860 GC heap after
{Heap after GC invocations=28 (full 0):
 garbage-first heap   total 204800K, used 67035K [0x0000000080000000, 0x0000000100000000)
  region size 1024K, 4 young (4096K), 4 survivors (4096K)
 Metaspace       used 62006K, committed 62720K, reserved 491520K
  class space    used 8786K, committed 9152K, reserved 425984K
}
Event: 24.157 GC heap before
{Heap before GC invocations=29 (full 0):
 garbage-first heap   total 204800K, used 144859K [0x0000000080000000, 0x0000000100000000)
  region size 1024K, 80 young (81920K), 4 survivors (4096K)
 Metaspace       used 66620K, committed 67328K, reserved 491520K
  class space    used 9419K, committed 9792K, reserved 425984K
}
Event: 24.173 GC heap after
{Heap after GC invocations=30 (full 0):
 garbage-first heap   total 204800K, used 71918K [0x0000000080000000, 0x0000000100000000)
  region size 1024K, 9 young (9216K), 9 survivors (9216K)
 Metaspace       used 66620K, committed 67328K, reserved 491520K
  class space    used 9419K, committed 9792K, reserved 425984K
}
Event: 24.187 GC heap before
{Heap before GC invocations=30 (full 0):
 garbage-first heap   total 204800K, used 72942K [0x0000000080000000, 0x0000000100000000)
  region size 1024K, 10 young (10240K), 9 survivors (9216K)
 Metaspace       used 66627K, committed 67328K, reserved 491520K
  class space    used 9419K, committed 9792K, reserved 425984K
}
Event: 24.196 GC heap after
{Heap after GC invocations=31 (full 0):
 garbage-first heap   total 204800K, used 72348K [0x0000000080000000, 0x0000000100000000)
  region size 1024K, 2 young (2048K), 2 survivors (2048K)
 Metaspace       used 66627K, committed 67328K, reserved 491520K
  class space    used 9419K, committed 9792K, reserved 425984K
}
Event: 25.884 GC heap before
{Heap before GC invocations=31 (full 0):
 garbage-first heap   total 204800K, used 148124K [0x0000000080000000, 0x0000000100000000)
  region size 1024K, 77 young (78848K), 2 survivors (2048K)
 Metaspace       used 70140K, committed 70912K, reserved 491520K
  class space    used 9994K, committed 10368K, reserved 425984K
}
Event: 25.899 GC heap after
{Heap after GC invocations=32 (full 0):
 garbage-first heap   total 204800K, used 78805K [0x0000000080000000, 0x0000000100000000)
  region size 1024K, 8 young (8192K), 8 survivors (8192K)
 Metaspace       used 70140K, committed 70912K, reserved 491520K
  class space    used 9994K, committed 10368K, reserved 425984K
}
Event: 27.723 GC heap before
{Heap before GC invocations=32 (full 0):
 garbage-first heap   total 204800K, used 151509K [0x0000000080000000, 0x0000000100000000)
  region size 1024K, 80 young (81920K), 8 survivors (8192K)
 Metaspace       used 70912K, committed 71680K, reserved 491520K
  class space    used 10020K, committed 10368K, reserved 425984K
}
Event: 27.739 GC heap after
{Heap after GC invocations=33 (full 0):
 garbage-first heap   total 204800K, used 83169K [0x0000000080000000, 0x0000000100000000)
  region size 1024K, 7 young (7168K), 7 survivors (7168K)
 Metaspace       used 70912K, committed 71680K, reserved 491520K
  class space    used 10020K, committed 10368K, reserved 425984K
}
Event: 28.379 GC heap before
{Heap before GC invocations=33 (full 0):
 garbage-first heap   total 204800K, used 154849K [0x0000000080000000, 0x0000000100000000)
  region size 1024K, 78 young (79872K), 7 survivors (7168K)
 Metaspace       used 70930K, committed 71680K, reserved 491520K
  class space    used 10020K, committed 10368K, reserved 425984K
}
Event: 28.390 GC heap after
{Heap after GC invocations=34 (full 0):
 garbage-first heap   total 204800K, used 84633K [0x0000000080000000, 0x0000000100000000)
  region size 1024K, 4 young (4096K), 4 survivors (4096K)
 Metaspace       used 70930K, committed 71680K, reserved 491520K
  class space    used 10020K, committed 10368K, reserved 425984K
}

Dll operation events (14 events):
Event: 0.008 Loaded shared library C:\Program Files\Microsoft\jdk-17.0.8.7-hotspot\bin\java.dll
Event: 0.030 Loaded shared library C:\Program Files\Microsoft\jdk-17.0.8.7-hotspot\bin\jsvml.dll
Event: 0.079 Loaded shared library C:\Program Files\Microsoft\jdk-17.0.8.7-hotspot\bin\zip.dll
Event: 0.082 Loaded shared library C:\Program Files\Microsoft\jdk-17.0.8.7-hotspot\bin\instrument.dll
Event: 0.085 Loaded shared library C:\Program Files\Microsoft\jdk-17.0.8.7-hotspot\bin\net.dll
Event: 0.087 Loaded shared library C:\Program Files\Microsoft\jdk-17.0.8.7-hotspot\bin\nio.dll
Event: 0.090 Loaded shared library C:\Program Files\Microsoft\jdk-17.0.8.7-hotspot\bin\zip.dll
Event: 0.381 Loaded shared library C:\Program Files\Microsoft\jdk-17.0.8.7-hotspot\bin\jimage.dll
Event: 0.486 Loaded shared library C:\Program Files\Microsoft\jdk-17.0.8.7-hotspot\bin\verify.dll
Event: 0.668 Loaded shared library C:\Users\Lenovo\.gradle\native\c067742578af261105cb4f569cf0c3c89f3d7b1fecec35dd04571415982c5e48\windows-amd64\native-platform.dll
Event: 0.675 Loaded shared library C:\Users\Lenovo\.gradle\native\100fb08df4bc3b14c8652ba06237920a3bd2aa13389f12d3474272988ae205f9\windows-amd64\native-platform-file-events.dll
Event: 2.245 Loaded shared library C:\Program Files\Microsoft\jdk-17.0.8.7-hotspot\bin\management.dll
Event: 2.248 Loaded shared library C:\Program Files\Microsoft\jdk-17.0.8.7-hotspot\bin\management_ext.dll
Event: 2.771 Loaded shared library C:\Program Files\Microsoft\jdk-17.0.8.7-hotspot\bin\sunmscapi.dll

Deoptimization events (20 events):
Event: 28.321 Thread 0x000001f0b5d50a80 Uncommon trap: trap_request=0xffffffde fr.pc=0x000001f087b90990 relative=0x0000000000000270
Event: 28.321 Thread 0x000001f0b5d50a80 Uncommon trap: reason=class_check action=maybe_recompile pc=0x000001f087b90990 method=java.util.concurrent.ConcurrentHashMap.get(Ljava/lang/Object;)Ljava/lang/Object; @ 93 c2
Event: 28.321 Thread 0x000001f0b5d50a80 DEOPT PACKING pc=0x000001f087b90990 sp=0x000000cb681fdff0
Event: 28.321 Thread 0x000001f0b5d50a80 DEOPT UNPACKING pc=0x000001f08758a1a3 sp=0x000000cb681fdf48 mode 2
Event: 28.323 Thread 0x000001f0b5d53810 Uncommon trap: trap_request=0xffffffde fr.pc=0x000001f087b90990 relative=0x0000000000000270
Event: 28.323 Thread 0x000001f0b5d53810 Uncommon trap: reason=class_check action=maybe_recompile pc=0x000001f087b90990 method=java.util.concurrent.ConcurrentHashMap.get(Ljava/lang/Object;)Ljava/lang/Object; @ 93 c2
Event: 28.323 Thread 0x000001f0b5d53810 DEOPT PACKING pc=0x000001f087b90990 sp=0x000000cb682fdd80
Event: 28.323 Thread 0x000001f0b5d53810 DEOPT UNPACKING pc=0x000001f08758a1a3 sp=0x000000cb682fdcd8 mode 2
Event: 28.324 Thread 0x000001f0b5d52df0 Uncommon trap: trap_request=0xffffff45 fr.pc=0x000001f087b85384 relative=0x00000000000011a4
Event: 28.324 Thread 0x000001f0b5d52df0 Uncommon trap: reason=unstable_if action=reinterpret pc=0x000001f087b85384 method=java.util.concurrent.ConcurrentHashMap.transfer([Ljava/util/concurrent/ConcurrentHashMap$Node;[Ljava/util/concurrent/ConcurrentHashMap$Node;)V @ 273 c2
Event: 28.324 Thread 0x000001f0b5d52df0 DEOPT PACKING pc=0x000001f087b85384 sp=0x000000cb67cfdea0
Event: 28.324 Thread 0x000001f0b5d52df0 DEOPT UNPACKING pc=0x000001f08758a1a3 sp=0x000000cb67cfde10 mode 2
Event: 28.324 Thread 0x000001f0b5d52df0 Uncommon trap: trap_request=0xffffff45 fr.pc=0x000001f087f0e918 relative=0x0000000000001cb8
Event: 28.324 Thread 0x000001f0b5d52df0 Uncommon trap: reason=unstable_if action=reinterpret pc=0x000001f087f0e918 method=java.util.concurrent.ConcurrentHashMap.addCount(JI)V @ 171 c2
Event: 28.324 Thread 0x000001f0b5d52df0 DEOPT PACKING pc=0x000001f087f0e918 sp=0x000000cb67cfdf80
Event: 28.324 Thread 0x000001f0b5d52df0 DEOPT UNPACKING pc=0x000001f08758a1a3 sp=0x000000cb67cfde40 mode 2
Event: 28.855 Thread 0x000001f0914e9090 Uncommon trap: trap_request=0xffffff76 fr.pc=0x000001f087ef681c relative=0x000000000000019c
Event: 28.855 Thread 0x000001f0914e9090 Uncommon trap: reason=predicate action=maybe_recompile pc=0x000001f087ef681c method=java.util.TimSort.reverseRange([Ljava/lang/Object;II)V @ 5 c2
Event: 28.855 Thread 0x000001f0914e9090 DEOPT PACKING pc=0x000001f087ef681c sp=0x000000cb654f72b0
Event: 28.855 Thread 0x000001f0914e9090 DEOPT UNPACKING pc=0x000001f08758a1a3 sp=0x000000cb654f7128 mode 2

Classes unloaded (0 events):
No events

Classes redefined (0 events):
No events

Internal exceptions (20 events):
Event: 25.847 Thread 0x000001f0914e9090 Exception <a 'java/lang/ClassNotFoundException'{0x0000000087c72970}: org/gradle/api/internal/DefaultNamedDomainObjectListBeanInfo> (0x0000000087c72970) 
thrown [s\src\hotspot\share\classfile\systemDictionary.cpp, line 256]
Event: 25.848 Thread 0x000001f0914e9090 Exception <a 'java/lang/ClassNotFoundException'{0x0000000087c88d78}: org/gradle/api/internal/DefaultNamedDomainObjectCollectionBeanInfo> (0x0000000087c88d78) 
thrown [s\src\hotspot\share\classfile\systemDictionary.cpp, line 256]
Event: 25.850 Thread 0x000001f0914e9090 Exception <a 'java/lang/ClassNotFoundException'{0x0000000087c9ecd8}: org/gradle/api/internal/DefaultDomainObjectCollectionBeanInfo> (0x0000000087c9ecd8) 
thrown [s\src\hotspot\share\classfile\systemDictionary.cpp, line 256]
Event: 25.851 Thread 0x000001f0914e9090 Exception <a 'java/lang/ClassNotFoundException'{0x0000000087ca6ac0}: java/util/AbstractCollectionBeanInfo> (0x0000000087ca6ac0) 
thrown [s\src\hotspot\share\classfile\systemDictionary.cpp, line 256]
Event: 25.852 Thread 0x000001f0914e9090 Exception <a 'java/lang/ClassNotFoundException'{0x0000000087cae870}: java/util/AbstractCollectionCustomizer> (0x0000000087cae870) 
thrown [s\src\hotspot\share\classfile\systemDictionary.cpp, line 256]
Event: 25.855 Thread 0x000001f0914e9090 Exception <a 'java/lang/ClassNotFoundException'{0x0000000087cce390}: org/gradle/api/internal/DefaultDomainObjectCollectionCustomizer> (0x0000000087cce390) 
thrown [s\src\hotspot\share\classfile\systemDictionary.cpp, line 256]
Event: 25.859 Thread 0x000001f0914e9090 Exception <a 'java/lang/ClassNotFoundException'{0x0000000087b04cb8}: org/gradle/api/internal/DefaultNamedDomainObjectCollectionCustomizer> (0x0000000087b04cb8) 
thrown [s\src\hotspot\share\classfile\systemDictionary.cpp, line 256]
Event: 25.864 Thread 0x000001f0914e9090 Exception <a 'java/lang/ClassNotFoundException'{0x0000000087b43ba8}: org/gradle/api/internal/DefaultNamedDomainObjectListCustomizer> (0x0000000087b43ba8) 
thrown [s\src\hotspot\share\classfile\systemDictionary.cpp, line 256]
Event: 25.869 Thread 0x000001f0914e9090 Exception <a 'java/lang/ClassNotFoundException'{0x0000000087b7a060}: org/gradle/api/internal/artifacts/DefaultArtifactRepositoryContainerCustomizer> (0x0000000087b7a060) 
thrown [s\src\hotspot\share\classfile\systemDictionary.cpp, line 256]
Event: 25.873 Thread 0x000001f0914e9090 Exception <a 'java/lang/ClassNotFoundException'{0x0000000087ba4c58}: org/gradle/api/internal/artifacts/dsl/DefaultRepositoryHandlerCustomizer> (0x0000000087ba4c58) 
thrown [s\src\hotspot\share\classfile\systemDictionary.cpp, line 256]
Event: 25.881 Thread 0x000001f0914e9090 Exception <a 'java/lang/ClassNotFoundException'{0x0000000087bdcf30}: org/gradle/api/internal/artifacts/dsl/DefaultRepositoryHandler_DecoratedCustomizer> (0x0000000087bdcf30) 
thrown [s\src\hotspot\share\classfile\systemDictionary.cpp, line 256]
Event: 25.947 Thread 0x000001f0914e9090 Exception <a 'java/lang/ClassNotFoundException'{0x000000008fd88d78}: org/gradle/api/internal/artifacts/dsl/dependencies/DefaultDependencyHandler_DecoratedBeanInfo> (0x000000008fd88d78) 
thrown [s\src\hotspot\share\classfile\systemDictionary.cpp, line 256]
Event: 25.949 Thread 0x000001f0914e9090 Exception <a 'java/lang/ClassNotFoundException'{0x000000008fda0e08}: org/gradle/api/internal/artifacts/dsl/dependencies/DefaultDependencyHandlerBeanInfo> (0x000000008fda0e08) 
thrown [s\src\hotspot\share\classfile\systemDictionary.cpp, line 256]
Event: 25.950 Thread 0x000001f0914e9090 Exception <a 'java/lang/ClassNotFoundException'{0x000000008fdb8908}: org/gradle/api/internal/artifacts/dsl/dependencies/DefaultDependencyHandlerCustomizer> (0x000000008fdb8908) 
thrown [s\src\hotspot\share\classfile\systemDictionary.cpp, line 256]
Event: 25.958 Thread 0x000001f0914e9090 Exception <a 'java/lang/ClassNotFoundException'{0x000000008fdf8570}: org/gradle/api/internal/artifacts/dsl/dependencies/DefaultDependencyHandler_DecoratedCustomizer> (0x000000008fdf8570) 
thrown [s\src\hotspot\share\classfile\systemDictionary.cpp, line 256]
Event: 26.991 Thread 0x000001f0b655ab00 Exception <a 'sun/nio/fs/WindowsException'{0x000000008b082820}> (0x000000008b082820) 
thrown [s\src\hotspot\share\prims\jni.cpp, line 516]
Event: 26.992 Thread 0x000001f0b655ab00 Exception <a 'sun/nio/fs/WindowsException'{0x000000008b0853c8}> (0x000000008b0853c8) 
thrown [s\src\hotspot\share\prims\jni.cpp, line 516]
Event: 26.992 Thread 0x000001f0b655ab00 Exception <a 'sun/nio/fs/WindowsException'{0x000000008b087d20}> (0x000000008b087d20) 
thrown [s\src\hotspot\share\prims\jni.cpp, line 516]
Event: 26.992 Thread 0x000001f0b655ab00 Exception <a 'sun/nio/fs/WindowsException'{0x000000008b08a290}> (0x000000008b08a290) 
thrown [s\src\hotspot\share\prims\jni.cpp, line 516]
Event: 27.462 Thread 0x000001f0b5d53300 Implicit null exception at 0x000001f088060593 to 0x000001f088060cb4

VM Operations (20 events):
Event: 25.883 Executing VM operation: G1CollectForAllocation
Event: 25.900 Executing VM operation: G1CollectForAllocation done
Event: 26.054 Executing VM operation: HandshakeAllThreads
Event: 26.054 Executing VM operation: HandshakeAllThreads done
Event: 26.669 Executing VM operation: ICBufferFull
Event: 26.669 Executing VM operation: ICBufferFull done
Event: 26.900 Executing VM operation: ICBufferFull
Event: 26.900 Executing VM operation: ICBufferFull done
Event: 27.254 Executing VM operation: ICBufferFull
Event: 27.255 Executing VM operation: ICBufferFull done
Event: 27.722 Executing VM operation: G1CollectForAllocation
Event: 27.741 Executing VM operation: G1CollectForAllocation done
Event: 27.959 Executing VM operation: HandshakeAllThreads
Event: 27.959 Executing VM operation: HandshakeAllThreads done
Event: 27.994 Executing VM operation: HandshakeAllThreads
Event: 27.995 Executing VM operation: HandshakeAllThreads done
Event: 28.056 Executing VM operation: HandshakeAllThreads
Event: 28.057 Executing VM operation: HandshakeAllThreads done
Event: 28.379 Executing VM operation: G1CollectForAllocation
Event: 28.392 Executing VM operation: G1CollectForAllocation done

Events (20 events):
Event: 28.078 Thread 0x000001f0914e9ab0 flushing nmethod 0x000001f080f02e90
Event: 28.078 Thread 0x000001f0914e9ab0 flushing nmethod 0x000001f080f05f10
Event: 28.078 Thread 0x000001f0914e9ab0 flushing nmethod 0x000001f080f1ba10
Event: 28.078 Thread 0x000001f0914e9ab0 flushing nmethod 0x000001f080f1d610
Event: 28.078 Thread 0x000001f0914e9ab0 flushing nmethod 0x000001f080f2c290
Event: 28.078 Thread 0x000001f0914e9ab0 flushing nmethod 0x000001f080f88710
Event: 28.078 Thread 0x000001f0914e9ab0 flushing nmethod 0x000001f080f95290
Event: 28.079 Thread 0x000001f0914e9ab0 flushing nmethod 0x000001f080fab490
Event: 28.079 Thread 0x000001f0914e9ab0 flushing nmethod 0x000001f080fbc010
Event: 28.079 Thread 0x000001f0914e9ab0 flushing nmethod 0x000001f080fd7810
Event: 28.079 Thread 0x000001f0914e9ab0 flushing nmethod 0x000001f081047310
Event: 28.079 Thread 0x000001f0914e9ab0 flushing nmethod 0x000001f08104b110
Event: 28.079 Thread 0x000001f0914e9ab0 flushing nmethod 0x000001f081055710
Event: 28.079 Thread 0x000001f0914e9ab0 flushing nmethod 0x000001f08106b190
Event: 28.079 Thread 0x000001f0914e9ab0 flushing nmethod 0x000001f08106e910
Event: 28.081 Thread 0x000001f0914e9ab0 flushing nmethod 0x000001f08117c590
Event: 28.081 Thread 0x000001f0914e9ab0 flushing nmethod 0x000001f0811e5c90
Event: 28.082 Thread 0x000001f0914e9ab0 flushing nmethod 0x000001f081202810
Event: 28.082 Thread 0x000001f0914e9ab0 flushing nmethod 0x000001f081213810
Event: 28.988 Thread 0x000001f0b5d6afa0 Thread added: 0x000001f0b5d6afa0


Dynamic libraries:
0x00007ff6427c0000 - 0x00007ff6427ce000 	C:\Program Files\Microsoft\jdk-17.0.8.7-hotspot\bin\java.exe
0x00007ffb7e5f0000 - 0x00007ffb7e807000 	C:\WINDOWS\SYSTEM32\ntdll.dll
0x00007ffb7d6d0000 - 0x00007ffb7d794000 	C:\WINDOWS\System32\KERNEL32.DLL
0x00007ffb7bc20000 - 0x00007ffb7bfd7000 	C:\WINDOWS\System32\KERNELBASE.dll
0x00007ffb7b900000 - 0x00007ffb7ba11000 	C:\WINDOWS\System32\ucrtbase.dll
0x00007ffb62570000 - 0x00007ffb6258b000 	C:\Program Files\Microsoft\jdk-17.0.8.7-hotspot\bin\VCRUNTIME140.dll
0x00007ffb49c20000 - 0x00007ffb49c37000 	C:\Program Files\Microsoft\jdk-17.0.8.7-hotspot\bin\jli.dll
0x00007ffb7e400000 - 0x00007ffb7e5af000 	C:\WINDOWS\System32\USER32.dll
0x00007ffb68820000 - 0x00007ffb68ab3000 	C:\WINDOWS\WinSxS\amd64_microsoft.windows.common-controls_6595b64144ccf1df_6.0.22621.3672_none_2713b9d173822955\COMCTL32.dll
0x00007ffb7ba20000 - 0x00007ffb7ba46000 	C:\WINDOWS\System32\win32u.dll
0x00007ffb7dea0000 - 0x00007ffb7df47000 	C:\WINDOWS\System32\msvcrt.dll
0x00007ffb7db60000 - 0x00007ffb7db89000 	C:\WINDOWS\System32\GDI32.dll
0x00007ffb7bad0000 - 0x00007ffb7bbe8000 	C:\WINDOWS\System32\gdi32full.dll
0x00007ffb7bfe0000 - 0x00007ffb7c07a000 	C:\WINDOWS\System32\msvcp_win.dll
0x00007ffb7d240000 - 0x00007ffb7d271000 	C:\WINDOWS\System32\IMM32.DLL
0x00007ffb63e60000 - 0x00007ffb63e6c000 	C:\Program Files\Microsoft\jdk-17.0.8.7-hotspot\bin\vcruntime140_1.dll
0x00007ffb3c740000 - 0x00007ffb3c7cd000 	C:\Program Files\Microsoft\jdk-17.0.8.7-hotspot\bin\msvcp140.dll
0x00007ffadb170000 - 0x00007ffadbdd5000 	C:\Program Files\Microsoft\jdk-17.0.8.7-hotspot\bin\server\jvm.dll
0x00007ffb7d600000 - 0x00007ffb7d6b2000 	C:\WINDOWS\System32\ADVAPI32.dll
0x00007ffb7da30000 - 0x00007ffb7dad8000 	C:\WINDOWS\System32\sechost.dll
0x00007ffb7bbf0000 - 0x00007ffb7bc18000 	C:\WINDOWS\System32\bcrypt.dll
0x00007ffb7c320000 - 0x00007ffb7c434000 	C:\WINDOWS\System32\RPCRT4.dll
0x00007ffb5efd0000 - 0x00007ffb5efd9000 	C:\WINDOWS\SYSTEM32\WSOCK32.dll
0x00007ffb7b7d0000 - 0x00007ffb7b81d000 	C:\WINDOWS\SYSTEM32\POWRPROF.dll
0x00007ffb701a0000 - 0x00007ffb701d4000 	C:\WINDOWS\SYSTEM32\WINMM.dll
0x00007ffb7db90000 - 0x00007ffb7dc01000 	C:\WINDOWS\System32\WS2_32.dll
0x00007ffb77620000 - 0x00007ffb7762a000 	C:\WINDOWS\SYSTEM32\VERSION.dll
0x00007ffb7b7b0000 - 0x00007ffb7b7c3000 	C:\WINDOWS\SYSTEM32\UMPDC.dll
0x00007ffb7a950000 - 0x00007ffb7a968000 	C:\WINDOWS\SYSTEM32\kernel.appcore.dll
0x00007ffb609e0000 - 0x00007ffb609ea000 	C:\Program Files\Microsoft\jdk-17.0.8.7-hotspot\bin\jimage.dll
0x00007ffb78db0000 - 0x00007ffb78fe2000 	C:\WINDOWS\SYSTEM32\DBGHELP.DLL
0x00007ffb7dfb0000 - 0x00007ffb7e33e000 	C:\WINDOWS\System32\combase.dll
0x00007ffb7d950000 - 0x00007ffb7da27000 	C:\WINDOWS\System32\OLEAUT32.dll
0x00007ffb4bbe0000 - 0x00007ffb4bc12000 	C:\WINDOWS\SYSTEM32\dbgcore.DLL
0x00007ffb7ba50000 - 0x00007ffb7bacb000 	C:\WINDOWS\System32\bcryptPrimitives.dll
0x00007ffb5f4c0000 - 0x00007ffb5f4ce000 	C:\Program Files\Microsoft\jdk-17.0.8.7-hotspot\bin\instrument.dll
0x00007ffb3e1b0000 - 0x00007ffb3e1d5000 	C:\Program Files\Microsoft\jdk-17.0.8.7-hotspot\bin\java.dll
0x00007ffb2b850000 - 0x00007ffb2b927000 	C:\Program Files\Microsoft\jdk-17.0.8.7-hotspot\bin\jsvml.dll
0x00007ffb7c9d0000 - 0x00007ffb7d239000 	C:\WINDOWS\System32\SHELL32.dll
0x00007ffb79870000 - 0x00007ffb7a16f000 	C:\WINDOWS\SYSTEM32\windows.storage.dll
0x00007ffb79730000 - 0x00007ffb7986f000 	C:\WINDOWS\SYSTEM32\wintypes.dll
0x00007ffb7c440000 - 0x00007ffb7c539000 	C:\WINDOWS\System32\SHCORE.dll
0x00007ffb7e3a0000 - 0x00007ffb7e3fe000 	C:\WINDOWS\System32\shlwapi.dll
0x00007ffb7b830000 - 0x00007ffb7b857000 	C:\WINDOWS\SYSTEM32\profapi.dll
0x00007ffb3dfa0000 - 0x00007ffb3dfb8000 	C:\Program Files\Microsoft\jdk-17.0.8.7-hotspot\bin\zip.dll
0x00007ffb3ee80000 - 0x00007ffb3ee99000 	C:\Program Files\Microsoft\jdk-17.0.8.7-hotspot\bin\net.dll
0x00007ffb77fc0000 - 0x00007ffb780f6000 	C:\WINDOWS\SYSTEM32\WINHTTP.dll
0x00007ffb7adc0000 - 0x00007ffb7ae29000 	C:\WINDOWS\system32\mswsock.dll
0x00007ffb3e030000 - 0x00007ffb3e046000 	C:\Program Files\Microsoft\jdk-17.0.8.7-hotspot\bin\nio.dll
0x00007ffb607f0000 - 0x00007ffb60800000 	C:\Program Files\Microsoft\jdk-17.0.8.7-hotspot\bin\verify.dll
0x00007ffb76d30000 - 0x00007ffb76d57000 	C:\Users\Lenovo\.gradle\native\c067742578af261105cb4f569cf0c3c89f3d7b1fecec35dd04571415982c5e48\windows-amd64\native-platform.dll
0x00007ffb00ed0000 - 0x00007ffb01014000 	C:\Users\Lenovo\.gradle\native\100fb08df4bc3b14c8652ba06237920a3bd2aa13389f12d3474272988ae205f9\windows-amd64\native-platform-file-events.dll
0x00007ffb601d0000 - 0x00007ffb601d9000 	C:\Program Files\Microsoft\jdk-17.0.8.7-hotspot\bin\management.dll
0x00007ffb5f520000 - 0x00007ffb5f52b000 	C:\Program Files\Microsoft\jdk-17.0.8.7-hotspot\bin\management_ext.dll
0x00007ffb7d6c0000 - 0x00007ffb7d6c8000 	C:\WINDOWS\System32\PSAPI.DLL
0x00007ffb7b020000 - 0x00007ffb7b03b000 	C:\WINDOWS\SYSTEM32\CRYPTSP.dll
0x00007ffb7a8b0000 - 0x00007ffb7a8e5000 	C:\WINDOWS\system32\rsaenh.dll
0x00007ffb7aeb0000 - 0x00007ffb7aed8000 	C:\WINDOWS\SYSTEM32\USERENV.dll
0x00007ffb7b010000 - 0x00007ffb7b01c000 	C:\WINDOWS\SYSTEM32\CRYPTBASE.dll
0x00007ffb7a3d0000 - 0x00007ffb7a3fd000 	C:\WINDOWS\SYSTEM32\IPHLPAPI.DLL
0x00007ffb7dc10000 - 0x00007ffb7dc19000 	C:\WINDOWS\System32\NSI.dll
0x00007ffb77ef0000 - 0x00007ffb77f09000 	C:\WINDOWS\SYSTEM32\dhcpcsvc6.DLL
0x00007ffb77ed0000 - 0x00007ffb77eef000 	C:\WINDOWS\SYSTEM32\dhcpcsvc.DLL
0x00007ffb7a440000 - 0x00007ffb7a542000 	C:\WINDOWS\SYSTEM32\DNSAPI.dll
0x00007ffb4ae90000 - 0x00007ffb4ae9e000 	C:\Program Files\Microsoft\jdk-17.0.8.7-hotspot\bin\sunmscapi.dll
0x00007ffb7c080000 - 0x00007ffb7c1e6000 	C:\WINDOWS\System32\CRYPT32.dll
0x00007ffb7b1d0000 - 0x00007ffb7b1fd000 	C:\WINDOWS\SYSTEM32\ncrypt.dll
0x00007ffb7b190000 - 0x00007ffb7b1c7000 	C:\WINDOWS\SYSTEM32\NTASN1.dll
0x00007ffafaff0000 - 0x00007ffafaff8000 	C:\WINDOWS\system32\wshunix.dll
0x00007ffb49ff0000 - 0x00007ffb4a007000 	C:\WINDOWS\system32\napinsp.dll
0x00007ffb49fd0000 - 0x00007ffb49feb000 	C:\WINDOWS\system32\pnrpnsp.dll
0x00007ffb49fb0000 - 0x00007ffb49fc1000 	C:\WINDOWS\System32\winrnr.dll
0x00007ffb49f90000 - 0x00007ffb49fa5000 	C:\WINDOWS\system32\wshbth.dll
0x00007ffb49f60000 - 0x00007ffb49f87000 	C:\WINDOWS\system32\nlansp_c.dll
0x00007ffb77650000 - 0x00007ffb7765a000 	C:\Windows\System32\rasadhlp.dll
0x00007ffb77770000 - 0x00007ffb777f3000 	C:\WINDOWS\System32\fwpuclnt.dll

dbghelp: loaded successfully - version: 4.0.5 - missing functions: none
symbol engine: initialized successfully - sym options: 0x614 - pdb path: .;C:\Program Files\Microsoft\jdk-17.0.8.7-hotspot\bin;C:\WINDOWS\SYSTEM32;C:\WINDOWS\WinSxS\amd64_microsoft.windows.common-controls_6595b64144ccf1df_6.0.22621.3672_none_2713b9d173822955;C:\Program Files\Microsoft\jdk-17.0.8.7-hotspot\bin\server;C:\Users\Lenovo\.gradle\native\c067742578af261105cb4f569cf0c3c89f3d7b1fecec35dd04571415982c5e48\windows-amd64;C:\Users\Lenovo\.gradle\native\100fb08df4bc3b14c8652ba06237920a3bd2aa13389f12d3474272988ae205f9\windows-amd64

VM Arguments:
jvm_args: -XX:MaxMetaspaceSize=512m --add-opens=java.base/java.util=ALL-UNNAMED --add-opens=java.base/java.lang=ALL-UNNAMED --add-opens=java.base/java.lang.invoke=ALL-UNNAMED --add-opens=java.prefs/java.util.prefs=ALL-UNNAMED --add-opens=java.base/java.nio.charset=ALL-UNNAMED --add-opens=java.base/java.net=ALL-UNNAMED --add-opens=java.base/java.util.concurrent.atomic=ALL-UNNAMED -Xmx2048m -Dfile.encoding=UTF-8 -Duser.country=IL -Duser.language=he -Duser.variant -javaagent:C:\Users\Lenovo\.gradle\wrapper\dists\gradle-8.8-all\6gdy1pgp427xkqcjbxw3ylt6h\gradle-8.8\lib\agents\gradle-instrumentation-agent-8.8.jar 
java_command: org.gradle.launcher.daemon.bootstrap.GradleDaemon 8.8
java_class_path (initial): C:\Users\Lenovo\.gradle\wrapper\dists\gradle-8.8-all\6gdy1pgp427xkqcjbxw3ylt6h\gradle-8.8\lib\gradle-launcher-8.8.jar
Launcher Type: SUN_STANDARD

[Global flags]
     intx CICompilerCount                          = 4                                         {product} {ergonomic}
   size_t CompressedClassSpaceSize                 = 436207616                                 {product} {ergonomic}
     uint ConcGCThreads                            = 2                                         {product} {ergonomic}
     uint G1ConcRefinementThreads                  = 8                                         {product} {ergonomic}
   size_t G1HeapRegionSize                         = 1048576                                   {product} {ergonomic}
    uintx GCDrainStackTargetSize                   = 64                                        {product} {ergonomic}
   size_t InitialHeapSize                          = 266338304                                 {product} {ergonomic}
   size_t MarkStackSize                            = 4194304                                   {product} {ergonomic}
   size_t MaxHeapSize                              = 2147483648                                {product} {command line}
   size_t MaxMetaspaceSize                         = 536870912                                 {product} {command line}
   size_t MaxNewSize                               = 1287651328                                {product} {ergonomic}
   size_t MinHeapDeltaBytes                        = 1048576                                   {product} {ergonomic}
   size_t MinHeapSize                              = 8388608                                   {product} {ergonomic}
    uintx NonNMethodCodeHeapSize                   = 5839372                                {pd product} {ergonomic}
    uintx NonProfiledCodeHeapSize                  = 122909434                              {pd product} {ergonomic}
    uintx ProfiledCodeHeapSize                     = 122909434                              {pd product} {ergonomic}
    uintx ReservedCodeCacheSize                    = 251658240                              {pd product} {ergonomic}
     bool SegmentedCodeCache                       = true                                      {product} {ergonomic}
   size_t SoftMaxHeapSize                          = 2147483648                             {manageable} {ergonomic}
     bool UseCompressedClassPointers               = true                           {product lp64_product} {ergonomic}
     bool UseCompressedOops                        = true                           {product lp64_product} {ergonomic}
     bool UseG1GC                                  = true                                      {product} {ergonomic}
     bool UseLargePagesIndividualAllocation        = false                                  {pd product} {ergonomic}

Logging:
Log output configuration:
 #0: stdout all=warning uptime,level,tags
 #1: stderr all=off uptime,level,tags

Environment Variables:
JAVA_HOME=C:\Program Files\Microsoft\jdk-17.0.8.7-hotspot\
CLASSPATH=C:\Users\Lenovo\Desktop\TicketBooking\android\\gradle\wrapper\gradle-wrapper.jar
PATH=C:\Users\Lenovo\Desktop\TicketBooking\node_modules\.bin;C:\Users\Lenovo\Desktop\TicketBooking\node_modules\.bin;C:\Users\Lenovo\Desktop\node_modules\.bin;C:\Users\Lenovo\node_modules\.bin;C:\Users\node_modules\.bin;C:\node_modules\.bin;C:\Users\Lenovo\AppData\Roaming\npm\node_modules\npm\node_modules\@npmcli\run-script\lib\node-gyp-bin;C:\Users\Lenovo\Desktop\TicketBooking\node_modules\.bin;C:\Users\Lenovo\Desktop\node_modules\.bin;C:\Users\Lenovo\node_modules\.bin;C:\Users\node_modules\.bin;C:\node_modules\.bin;C:\Users\Lenovo\AppData\Roaming\npm\node_modules\npm\node_modules\@npmcli\run-script\lib\node-gyp-bin;C:\Program Files\NVIDIA GPU Computing Toolkit\CUDA\v12.5\bin;C:\Program Files\NVIDIA GPU Computing Toolkit\CUDA\v12.5\libnvvp;C:\Program Files\Microsoft\jdk-17.0.8.7-hotspot\bin;C:\Program Files\Java\jdk-21\bin;C:\Program Files\Common Files\Oracle\Java\javapath;C:\Program Files (x86)\Common Files\Oracle\Java\javapath;C:\Program Files\BellSoft\LibericaJDK-8\bin;C:\WINDOWS\system32;C:\WINDOWS;C:\WINDOWS\System32\Wbem;C:\WINDOWS\System32\WindowsPowerShell\v1.0\;C:\WINDOWS\System32\OpenSSH\;C:\ProgramData\chocolatey\bin;C:\Users\Lenovo\AppData\Local\Android\Sdk\platform-tools;C:\Program Files\dotnet\;C:\Users\Lenovo\AppData\Local\Android\Sdk\platform-tools;C:\Program Files\NVIDIA Corporation\Nsight Compute 2024.2.0\;C:\Program Files (x86)\NVIDIA Corporation\PhysX\Common;%NVM_HOME%;%NVM_SYMLINK%;C:\Program Files\Git\cmd;C:\Users\Lenovo\scoop\shims;C:\Users\Lenovo\AppData\Local\Programs\Python\Python312\Scripts\;C:\Users\Lenovo\AppData\Local\Programs\Python\Python312\;C:\Users\Lenovo\AppData\Local\Microsoft\WindowsApps;C:\Users\Lenovo\AppData\Local\GitHubDesktop\bin;C:\Program Files\heroku\bin;C:\Users\Lenovo\AppData\Local\Programs\Microsoft VS Code\bin;C:\Users\Lenovo\AppData\Roaming\npm;C:\Users\Lenovo\AppData\Roaming\nvm;C:\Program Files\nodejs;C:\Users\Lenovo\Desktop\flutter\bin
USERNAME=Lenovo
LANG=en_US.UTF-8
OS=Windows_NT
PROCESSOR_IDENTIFIER=Intel64 Family 6 Model 140 Stepping 1, GenuineIntel
TMP=C:\Users\Lenovo\AppData\Local\Temp
TEMP=C:\Users\Lenovo\AppData\Local\Temp



---------------  S Y S T E M  ---------------

OS:
 Windows 11 , 64 bit Build 22621 (10.0.22621.3958)
OS uptime: 12 days 12:51 hours

CPU: total 8 (initial active 8) (4 cores per cpu, 2 threads per core) family 6 model 140 stepping 1 microcode 0xa4, cx8, cmov, fxsr, ht, mmx, 3dnowpref, sse, sse2, sse3, ssse3, sse4.1, sse4.2, popcnt, lzcnt, tsc, tscinvbit, avx, avx2, aes, erms, clmul, bmi1, bmi2, adx, avx512f, avx512dq, avx512cd, avx512bw, avx512vl, sha, fma, vzeroupper, avx512_vpopcntdq, avx512_vpclmulqdq, avx512_vaes, avx512_vnni, clflush, clflushopt, clwb, avx512_vbmi2, avx512_vbmi
Processor Information for all 8 processors :
  Max Mhz: 2803, Current Mhz: 2803, Mhz Limit: 2803

Memory: 4k page, system-wide physical 16167M (2051M free)
TotalPageFile size 32032M (AvailPageFile size 5759M)
current process WorkingSet (physical memory assigned to process): 417M, peak: 417M
current process commit charge ("private bytes"): 476M, peak: 476M

vm_info: OpenJDK 64-Bit Server VM (17.0.8+7-LTS) for windows-amd64 JRE (17.0.8+7-LTS), built on Jul  7 2023 17:21:55 by "MicrosoftCorporation" with MS VC++ 16.10 / 16.11 (VS2019)

END.
